Jan 04, 2023 10:47:28.210 [0x4006436b38] INFO - Plex Media Server v1.30.0.6486-629d58034 - Docker Docker Container x86_64 - build: linux-x86_64 debian - GMT 00:00
Jan 04, 2023 10:47:28.312 [0x4006436b38] INFO - Linux version: 5.15.49-linuxkit, language: en-US
Jan 04, 2023 10:47:28.347 [0x4006436b38] INFO - Processor: 4-core QEMU TCG CPU version 2.5+
Jan 04, 2023 10:47:28.350 [0x4006436b38] INFO - Compiler is - Clang 11.0.1 (https://plex.tv 9b997da8e5b47bdb4a9425b3a3b290be393b4b1f)
Jan 04, 2023 10:47:28.367 [0x4006436b38] INFO - /usr/lib/plexmediaserver/Plex Media Server
Jan 04, 2023 10:47:27.938 [0x4002a2b260] DEBUG - BPQ: [Idle] -> [Starting]
Jan 04, 2023 10:47:28.383 [0x4002a2b260] DEBUG - FeatureManager: Using cached data for features list
Jan 04, 2023 10:47:29.287 [0x4006dadb38] DEBUG - [JobRunner] Job running: /usr/lib/plexmediaserver/CrashUploader "--directory=/config/Library/Application Support/Plex Media Server/Crash Reports/1.30.0.6486-629d58034" --version=1.30.0.6486-629d58034 --platform=Linux --platformVersion=5.15.49-linuxkit --serverUuid=9449cbc9ca788c4ad1934f7dda63226ffd1e1d27 --userId=ayoub.bouzalmad@gmail.com --sentryUrl=https://o17675.ingest.sentry.io/api/1233455/minidump/ --sentryKey=xxxxxxxxxxxxxxxxxxxxxxxxxxxxxxxx --vendor=Docker --model=x86_64 "--device=Docker Container" --allowRetries=0
Jan 04, 2023 10:47:29.418 [0x4006dadb38] DEBUG - [JobRunner] Jobs: Starting child process with pid 1267
Jan 04, 2023 10:47:30.892 [0x4002a2b260] DEBUG - [CERT] Subject name is /CN=*.abc8e2b097594ef288e7f4ea9b1c0810.plex.direct
Jan 04, 2023 10:47:30.937 [0x4002a2b260] DEBUG - [CERT] Installed certificate with fingerprint b9:ba:a5:fd:6a:e2:76:3b:5f:ed:e9:9f:71:01:12:c4:79:3a:d5:13.
Jan 04, 2023 10:47:30.949 [0x4002a2b260] DEBUG - [CERT/OCSP] Stapling requests will be made to 'http://r3.o.lencr.org/'.
Jan 04, 2023 10:47:31.079 [0x4002a2b260] INFO - [CERT/OCSP] Successfully retrieved response from cache.
Jan 04, 2023 10:47:31.083 [0x4002a2b260] DEBUG - HttpServer: Listening on IPv6 as well as IPv4.
Jan 04, 2023 10:47:31.091 [0x4002a2b260] DEBUG - HttpServer: Listening on port 32400.
Jan 04, 2023 10:47:31.210 [0x4002a2b260] DEBUG - HttpServer: Listening on port 32401.
Jan 04, 2023 10:47:31.210 [0x4002a2b260] DEBUG - Running server...
Jan 04, 2023 10:47:31.345 [0x4002a2b260] DEBUG - Opening 20 database sessions to library (com.plexapp.plugins.library), SQLite 3.35.5, threadsafe=1
Jan 04, 2023 10:47:31.368 [0x4007102b38] DEBUG - HttpServer: Set up a thread pool with 2 threads.
Jan 04, 2023 10:47:31.656 [0x4006661b38] DEBUG - Jobs: '/usr/lib/plexmediaserver/CrashUploader' exit code for process 1267 is 0 (success)
Jan 04, 2023 10:47:31.843 [0x4002a2b260] INFO - SQLITE3:0x80000001, 283, recovered 178 frames from WAL file /config/Library/Application Support/Plex Media Server/Plug-in Support/Databases/com.plexapp.plugins.library.db-wal
Jan 04, 2023 10:47:32.988 [0x4002a2b260] INFO - Running migrations. (EPG 0)
Jan 04, 2023 10:47:33.022 [0x4002a2b260] DEBUG - Captured session 0.
Jan 04, 2023 10:47:33.023 [0x4002a2b260] DEBUG - Captured session 1.
Jan 04, 2023 10:47:33.023 [0x4002a2b260] DEBUG - Captured session 2.
Jan 04, 2023 10:47:33.023 [0x4002a2b260] DEBUG - Captured session 3.
Jan 04, 2023 10:47:33.023 [0x4002a2b260] DEBUG - Captured session 4.
Jan 04, 2023 10:47:33.023 [0x4002a2b260] DEBUG - Captured session 5.
Jan 04, 2023 10:47:33.023 [0x4002a2b260] DEBUG - Captured session 6.
Jan 04, 2023 10:47:33.023 [0x4002a2b260] DEBUG - Captured session 7.
Jan 04, 2023 10:47:33.023 [0x4002a2b260] DEBUG - Captured session 8.
Jan 04, 2023 10:47:33.023 [0x4002a2b260] DEBUG - Captured session 9.
Jan 04, 2023 10:47:33.023 [0x4002a2b260] DEBUG - Captured session 10.
Jan 04, 2023 10:47:33.023 [0x4002a2b260] DEBUG - Captured session 11.
Jan 04, 2023 10:47:33.023 [0x4002a2b260] DEBUG - Captured session 12.
Jan 04, 2023 10:47:33.023 [0x4002a2b260] DEBUG - Captured session 13.
Jan 04, 2023 10:47:33.023 [0x4002a2b260] DEBUG - Captured session 14.
Jan 04, 2023 10:47:33.023 [0x4002a2b260] DEBUG - Captured session 15.
Jan 04, 2023 10:47:33.023 [0x4002a2b260] DEBUG - Captured session 16.
Jan 04, 2023 10:47:33.023 [0x4002a2b260] DEBUG - Captured session 17.
Jan 04, 2023 10:47:33.023 [0x4002a2b260] DEBUG - Captured session 18.
Jan 04, 2023 10:47:33.024 [0x4002a2b260] DEBUG - Captured session 19.
Jan 04, 2023 10:47:33.112 [0x4002a2b260] DEBUG - ChangestampAllocator: initialized to 2
Jan 04, 2023 10:47:33.492 [0x4002a2b260] DEBUG - Opening 2 database sessions to library (com.plexapp.plugins.library.blobs), SQLite 3.35.5, threadsafe=1
Jan 04, 2023 10:47:34.106 [0x4002a2b260] INFO - Running migrations. (EPG 0)
Jan 04, 2023 10:47:34.113 [0x4002a2b260] DEBUG - Captured session 0.
Jan 04, 2023 10:47:34.113 [0x4002a2b260] DEBUG - Captured session 1.
Jan 04, 2023 10:47:37.925 [0x4006dadb38] DEBUG - Grabber: Cleaning up orphaned grabs.
Jan 04, 2023 10:47:38.082 [0x4007f56b38] DEBUG - MyPlex: mapping state set to 'Unknown'.
Jan 04, 2023 10:47:38.115 [0x4006dadb38] DEBUG - It took 70.000000 ms to retrieve 2 items.
Jan 04, 2023 10:47:38.229 [0x4007f56b38] DEBUG - Relay: read 4 cached entries from hosts file
Jan 04, 2023 10:47:38.237 [0x4002a2b260] DEBUG - Media Provider: Registering provider com.plexapp.plugins.library
Jan 04, 2023 10:47:38.242 [0x4002a2b260] DEBUG - Auth: Refreshing tokens inside the token-based authentication filter.
Jan 04, 2023 10:47:38.266 [0x4006dadb38] DEBUG - Grabber: Cleaned up 0 decrepit directories in 0.1 sec.
Jan 04, 2023 10:47:38.365 [0x4007f56b38] DEBUG - Request: [127.0.0.1:35378 (Loopback)] GET /identity (2 live) #1
Jan 04, 2023 10:47:38.368 [0x4002a2b260] DEBUG - MyPlex: using cached data for request for https://plex.tv/api/v2/server/access_tokens?auth_token=xxxxxxxxxxxxxxxxxxxx
Jan 04, 2023 10:47:38.490 [0x4002a2b260] DEBUG - MyPlex: updating with 3 access tokens
Jan 04, 2023 10:47:38.588 [0x4002a2b260] DEBUG - MyPlex: using cached data for request for https://plex.tv/api/v2/server/users?auth_token=xxxxxxxxxxxxxxxxxxxx
Jan 04, 2023 10:47:38.668 [0x4002a2b260] DEBUG - MyPlex: using cached data for request for https://plex.tv/api/v2/server/users/subscriptions?auth_token=xxxxxxxxxxxxxxxxxxxx
Jan 04, 2023 10:47:38.737 [0x4002a2b260] DEBUG - MyPlex: using cached data for request for https://plex.tv/api/v2/server/users/services?auth_token=xxxxxxxxxxxxxxxxxxxx
Jan 04, 2023 10:47:38.774 [0x4008170b38] DEBUG - [MediaProviderManager/HCl#1] HTTP requesting GET https://plex.tv/media/providers?X-Plex-Token=xxxxxxxxxxxxxxxxxxxx
Jan 04, 2023 10:47:38.845 [0x4006ad6b38] DEBUG - Completed: [127.0.0.1:35378] 503 GET /identity (2 live) 876ms 375 bytes (pipelined: 1)
Jan 04, 2023 10:47:39.176 [0x4006dadb38] DEBUG - Auth: Refreshing tokens inside the token-based authentication filter.
Jan 04, 2023 10:47:39.215 [0x4006dadb38] DEBUG - [HCl#2] HTTP requesting GET https://plex.tv/api/v2/server/access_tokens?auth_token=xxxxxxxxxxxxxxxxxxxx
Jan 04, 2023 10:47:39.239 [0x4002a2b260] DEBUG - Opening 1 database sessions to library (), SQLite 3.35.5, threadsafe=1
Jan 04, 2023 10:47:39.428 [0x4008cc2b38] DEBUG - File "/usr/lib/plexmediaserver/Resources/Plug-ins-629d58034" changed: -1 => 2022-12-08 10:37:36 (1670495856).
Jan 04, 2023 10:47:39.492 [0x4008cc2b38] WARN - Warning: ex: boost::filesystem::last_write_time: No such file or directory: "/config/Library/Application Support/Plex Media Server/Plug-ins", couldn't check file: "/config/Library/Application Support/Plex Media Server/Plug-ins"
Jan 04, 2023 10:47:39.496 [0x4008cc2b38] DEBUG - Scanning for plug-ins in "/usr/lib/plexmediaserver/Resources/Plug-ins-629d58034"
Jan 04, 2023 10:47:40.193 [0x4008cc2b38] DEBUG - Not starting plug-in with duplicate identifier: com.plexapp.plugins.webclient found in: /usr/lib/plexmediaserver/Resources/Plug-ins-629d58034/ServerManager.bundle
Jan 04, 2023 10:47:40.194 [0x4008cc2b38] DEBUG - Scanning for plug-ins in "/config/Library/Application Support/Plex Media Server/Plug-ins"
Jan 04, 2023 10:47:40.198 [0x4008cc2b38] DEBUG - PluginRepository::setStartState: 1, startingSystem
Jan 04, 2023 10:47:40.208 [0x4008cc2b38] DEBUG - Starting plug-in /usr/lib/plexmediaserver/Resources/Plug-ins-629d58034/System.bundle.
Jan 04, 2023 10:47:40.238 [0x4008cc2b38] DEBUG - [com.plexapp.system] Setting plug-in to always running (daemon mode).
Jan 04, 2023 10:47:40.383 [0x4008cc2b38] DEBUG - Starting file watcher for com.plexapp.system
Jan 04, 2023 10:47:40.391 [0x4008cc2b38] DEBUG - Plugin: setting environment variable: 'PYTHONHOME=/usr/lib/plexmediaserver/Resources/Python'
Jan 04, 2023 10:47:40.391 [0x4008cc2b38] DEBUG - Plugin: setting environment variable: 'PYTHONPATH=/usr/lib/plexmediaserver/Resources/Python/python27.zip:/usr/lib/plexmediaserver/Resources/Python/lib/python2.7/site-packages'
Jan 04, 2023 10:47:40.675 [0x4008cc2b38] DEBUG - Spawned plug-in com.plexapp.system with PID 1293
Jan 04, 2023 10:47:40.685 [0x4008cc2b38] DEBUG - [com.plexapp.system] Sending command: GET /:/prefixes
Jan 04, 2023 10:47:40.953 [0x40085d5b38] DEBUG - [HttpClient/HCl#1] HTTP/2.0 (1.8s) 200 response from GET https://plex.tv/media/providers?X-Plex-Token=xxxxxxxxxxxxxxxxxxxx
Jan 04, 2023 10:47:41.019 [0x40083d2b38] DEBUG - [MediaProviderManager/HCl#3] HTTP requesting GET https://plex.tv/media/providers?X-Plex-Token=xxxxxxxxxxxxxxxxxxxx
Jan 04, 2023 10:47:41.129 [0x40085d5b38] DEBUG - [HttpClient/HCl#2] HTTP/2.0 (1.9s) 200 response from GET https://plex.tv/api/v2/server/access_tokens?auth_token=xxxxxxxxxxxxxxxxxxxx
Jan 04, 2023 10:47:43.331 [0x40085d5b38] DEBUG - [HttpClient/HCl#3] HTTP/2.0 (2.2s) 200 response from GET https://plex.tv/media/providers?X-Plex-Token=xxxxxxxxxxxxxxxxxxxx (reused)
Jan 04, 2023 10:47:43.343 [0x4006dadb38] DEBUG - MyPlex: updating with 3 access tokens
Jan 04, 2023 10:47:43.378 [0x4006dadb38] DEBUG - [HCl#4] HTTP requesting GET https://plex.tv/api/v2/server/users?auth_token=xxxxxxxxxxxxxxxxxxxx
Jan 04, 2023 10:47:43.433 [0x40085d5b38] DEBUG - [HttpClient/HCl#4] HTTP/2.0 (0.1s) 200 response from GET https://plex.tv/api/v2/server/users?auth_token=xxxxxxxxxxxxxxxxxxxx (reused)
Jan 04, 2023 10:47:43.492 [0x40083d2b38] DEBUG - [MediaProviderManager/HCl#5] HTTP requesting GET https://plex.tv/media/providers?X-Plex-Token=xxxxxxxxxxxxxxxxxxxx
Jan 04, 2023 10:47:43.554 [0x400961ab38] DEBUG - [HCl#6] HTTP requesting GET https://plex.tv/api/v2/server/users/subscriptions?auth_token=xxxxxxxxxxxxxxxxxxxx
Jan 04, 2023 10:47:43.648 [0x40085d5b38] DEBUG - [HttpClient/HCl#5] HTTP/2.0 (0.1s) 200 response from GET https://plex.tv/media/providers?X-Plex-Token=xxxxxxxxxxxxxxxxxxxx (reused)
Jan 04, 2023 10:47:43.662 [0x40083d2b38] DEBUG - [MediaProviderManager] discovered cloud provider (Movies & TV)
Jan 04, 2023 10:47:44.075 [0x40085d5b38] DEBUG - [HttpClient/HCl#6] HTTP/2.0 (0.1s) 200 response from GET https://plex.tv/api/v2/server/users/subscriptions?auth_token=xxxxxxxxxxxxxxxxxxxx (reused)
Jan 04, 2023 10:47:44.082 [0x40083d2b38] DEBUG - [MediaProviderManager] discovered cloud provider (Music)
Jan 04, 2023 10:47:44.086 [0x40083d2b38] DEBUG - [MediaProviderManager] discovered cloud provider (Metadata)
Jan 04, 2023 10:47:44.141 [0x40083d2b38] DEBUG - [MediaProviderManager] loading cloud provider details (Metadata) (alive: 0)
Jan 04, 2023 10:47:44.146 [0x4008170b38] DEBUG - [MediaProviderManager/HCl#7] HTTP requesting GET https://vod.provider.plex.tv
Jan 04, 2023 10:47:44.149 [0x4009b20b38] DEBUG - [MediaProviderManager/HCl#9] HTTP requesting GET https://music.provider.plex.tv
Jan 04, 2023 10:47:44.243 [0x400961ab38] DEBUG - MyPlex: using cached data for request for https://plex.tv/api/v2/server/users/services?auth_token=xxxxxxxxxxxxxxxxxxxx
Jan 04, 2023 10:47:48.148 [0x4006661b38] DEBUG - Shutting down with signal 15 (Terminated)
Jan 04, 2023 10:47:48.159 [0x4006661b38] DEBUG - Ordered to stop server.
Jan 04, 2023 10:47:48.320 [0x4002a2b260] DEBUG - Killing plug-ins.
Jan 04, 2023 10:47:49.371 [0x400a988b38] DEBUG - Grabber: Plex Tuner Service not running; retrying in 10 seconds.
Jan 04, 2023 10:47:51.312 [0x40085d5b38] DEBUG - [HttpClient/HCl#7] HTTP/2.0 (7.1s) 200 response from GET https://vod.provider.plex.tv
Jan 04, 2023 10:47:51.346 [0x40085d5b38] DEBUG - [HttpClient/HCl#9] HTTP/2.0 (7.2s) 200 response from GET https://music.provider.plex.tv
Jan 04, 2023 10:47:51.366 [0x4006dadb38] WARN - [MediaProviderManager] Unrecognized MediaProvider feature: availability
Jan 04, 2023 10:47:51.366 [0x4006dadb38] WARN - [MediaProviderManager] Unrecognized MediaProvider feature: availability-platforms
Jan 04, 2023 10:47:51.648 [0x4007f56b38] DEBUG - Request: [127.0.0.1:33142 (Loopback)] GET /identity (2 live) #3
Jan 04, 2023 10:47:52.239 [0x4006ad6b38] DEBUG - Completed: [127.0.0.1:33142] 503 GET /identity (2 live) 624ms 375 bytes (pipelined: 1)
Jan 04, 2023 10:47:52.410 [0x40083d2b38] WARN - [MediaProviderManager] Unrecognized MediaProvider feature: availability
Jan 04, 2023 10:47:52.410 [0x40083d2b38] WARN - [MediaProviderManager] Unrecognized MediaProvider feature: availability-platforms
Jan 04, 2023 10:47:52.414 [0x40083d2b38] DEBUG - [MediaProviderManager] loading cloud provider details (Music) (alive: 1)
Jan 04, 2023 10:47:52.414 [0x40083d2b38] DEBUG - [MediaProviderManager] loading cloud provider details (Movies & TV) (alive: 1)
Jan 04, 2023 10:47:52.559 [0x40083d2b38] DEBUG - [MediaProviderManager] we had 0 cloud providers online, we now have 3
Jan 04, 2023 10:47:52.559 [0x40083d2b38] DEBUG - [MediaProviderManager] cloud provider (Metadata) is online and available
Jan 04, 2023 10:47:52.566 [0x40083d2b38] DEBUG - [MediaProviderManager] cloud provider (Music) is online and available
Jan 04, 2023 10:47:52.573 [0x40083d2b38] DEBUG - [MediaProviderManager] cloud provider (Movies & TV) is online and available
