Jan 03, 2023 15:49:17.308 [0x400348fb38] INFO - Plex Tuner Service v1.30.0.6486-629d58034 - Docker Docker Container x86_64 - build: 
Jan 03, 2023 15:49:17.319 [0x400348fb38] INFO - Linux version: 5.10.76-linuxkit (#1 SMP PREEMPT Mon Nov 8 11:22:26 UTC 2021), language: en-US
Jan 03, 2023 15:49:17.323 [0x400348fb38] INFO - Processor QEMU TCG CPU version 2.5+
Jan 03, 2023 15:49:17.325 [0x400348fb38] INFO - /usr/lib/plexmediaserver/Plex Tuner Service /usr/lib/plexmediaserver/Resources/Tuner/Private /usr/lib/plexmediaserver/Resources/Tuner/Shared 1.30.0.6486-629d58034 32600
Jan 03, 2023 15:49:17.222 [0x4001b2c808] INFO - [I] broker_t::start...
Jan 03, 2023 15:49:17.285 [0x4001b2c808] INFO - [I] device_manager_t::init.
Jan 03, 2023 15:49:17.285 [0x4001b2c808] INFO - [I] device_manager_t::init. Initialize provider manager
Jan 03, 2023 15:49:17.297 [0x4001b2c808] INFO - [I] device_manager_t::init. Initialize all device auxes
Jan 03, 2023 15:49:17.297 [0x4001b2c808] INFO - [I] dvb_device_factory_t::get_aux_list
Jan 03, 2023 15:49:17.299 [0x4001b2c808] INFO - [I] tvbutler_aux_t::init
Jan 03, 2023 15:49:17.339 [0x4001b2c808] INFO - [I] web_server_t::start. Starting web server on port 32600
Jan 03, 2023 15:49:26.397 [0x4003bd3b38] INFO - [I] web_service_t::process_device_discovery
Jan 03, 2023 15:49:26.397 [0x4003bd3b38] INFO - [I] device_reactor_t::get_device_list ()
Jan 03, 2023 15:49:28.420 [0x4003bd3b38] INFO - [I] SAT2IP - discover_satip_servers(): no servers found
Jan 03, 2023 15:49:28.843 [0x4003bd3b38] INFO - [I] v4l::DeviceGetList_impl. getting v4l device list
Jan 03, 2023 15:49:28.871 [0x4003bd3b38] INFO - [I] onetv_factory::DeviceGetListEx >>
Jan 03, 2023 15:49:28.872 [0x4003bd3b38] WARN - [W] onetv_factory::DeviceGetListEx. libusb_init returned an error -99
Jan 03, 2023 16:02:44.019 [0x4001b2c808] INFO - Received SIGINT: Interrupt from keyboard.
Jan 03, 2023 16:02:44.053 [0x4001b2c808] INFO - [I] device_manager_t::term
Jan 03, 2023 16:02:44.054 [0x4001b2c808] INFO - [I] device_manager_t::term. Stop all devices
Jan 03, 2023 16:02:44.054 [0x4001b2c808] INFO - [I] device_manager_t::term. Shut down all device auxes
Jan 03, 2023 16:02:44.054 [0x4001b2c808] INFO - [I] tvbutler_aux_t::term
Jan 03, 2023 16:02:44.064 [0x4001b2c808] INFO - [I] web_server_t::stop. Web server is stopped
Jan 03, 2023 16:02:44.064 [0x4001b2c808] INFO - [I] device_manager_t::term
