Jan 04, 2023 21:12:02.727 [0x4006436b38] INFO - Plex Media Server v1.30.0.6486-629d58034 - Docker Docker Container x86_64 - build: linux-x86_64 debian - GMT 00:00
Jan 04, 2023 21:12:02.885 [0x4006436b38] INFO - Linux version: 5.15.49-linuxkit, language: en-US
Jan 04, 2023 21:12:02.889 [0x4006436b38] INFO - Processor: 4-core QEMU TCG CPU version 2.5+
Jan 04, 2023 21:12:02.891 [0x4006436b38] INFO - Compiler is - Clang 11.0.1 (https://plex.tv 9b997da8e5b47bdb4a9425b3a3b290be393b4b1f)
Jan 04, 2023 21:12:02.895 [0x4006436b38] INFO - /usr/lib/plexmediaserver/Plex Media Server
Jan 04, 2023 21:12:02.627 [0x4002a2b260] DEBUG - BPQ: [Idle] -> [Starting]
Jan 04, 2023 21:12:02.887 [0x4002a2b260] DEBUG - FeatureManager: Using cached data for features list
Jan 04, 2023 21:12:03.323 [0x4002a2b260] DEBUG - [CERT] Subject name is /CN=*.abc8e2b097594ef288e7f4ea9b1c0810.plex.direct
Jan 04, 2023 21:12:03.326 [0x4002a2b260] DEBUG - [CERT] Installed certificate with fingerprint b9:ba:a5:fd:6a:e2:76:3b:5f:ed:e9:9f:71:01:12:c4:79:3a:d5:13.
Jan 04, 2023 21:12:03.328 [0x4002a2b260] DEBUG - [CERT/OCSP] Stapling requests will be made to 'http://r3.o.lencr.org/'.
Jan 04, 2023 21:12:03.341 [0x4002a2b260] INFO - [CERT/OCSP] Successfully retrieved response from cache.
Jan 04, 2023 21:12:03.348 [0x4002a2b260] DEBUG - HttpServer: Listening on IPv6 as well as IPv4.
Jan 04, 2023 21:12:03.351 [0x4002a2b260] DEBUG - HttpServer: Listening on port 32400.
Jan 04, 2023 21:12:03.373 [0x4002a2b260] DEBUG - HttpServer: Listening on port 32401.
Jan 04, 2023 21:12:03.374 [0x4002a2b260] DEBUG - Running server...
Jan 04, 2023 21:12:03.378 [0x4006f18b38] DEBUG - HttpServer: Set up a thread pool with 2 threads.
Jan 04, 2023 21:12:03.382 [0x4002a2b260] DEBUG - Opening 20 database sessions to library (com.plexapp.plugins.library), SQLite 3.35.5, threadsafe=1
Jan 04, 2023 21:12:03.591 [0x4002a2b260] INFO - SQLITE3:0x80000001, 283, recovered 377 frames from WAL file /config/Library/Application Support/Plex Media Server/Plug-in Support/Databases/com.plexapp.plugins.library.db-wal
Jan 04, 2023 21:12:03.947 [0x40071adb38] DEBUG - [JobRunner] Job running: /usr/lib/plexmediaserver/CrashUploader "--directory=/config/Library/Application Support/Plex Media Server/Crash Reports/1.30.0.6486-629d58034" --version=1.30.0.6486-629d58034 --platform=Linux --platformVersion=5.15.49-linuxkit --serverUuid=9449cbc9ca788c4ad1934f7dda63226ffd1e1d27 --userId=ayoub.bouzalmad@gmail.com --sentryUrl=https://o17675.ingest.sentry.io/api/1233455/minidump/ --sentryKey=xxxxxxxxxxxxxxxxxxxxxxxxxxxxxxxx --vendor=Docker --model=x86_64 "--device=Docker Container" --allowRetries=0
Jan 04, 2023 21:12:03.961 [0x40071adb38] DEBUG - [JobRunner] Jobs: Starting child process with pid 1231
Jan 04, 2023 21:12:04.974 [0x4002a2b260] INFO - Running migrations. (EPG 0)
Jan 04, 2023 21:12:04.983 [0x4002a2b260] DEBUG - Captured session 0.
Jan 04, 2023 21:12:04.984 [0x4002a2b260] DEBUG - Captured session 1.
Jan 04, 2023 21:12:04.984 [0x4002a2b260] DEBUG - Captured session 2.
Jan 04, 2023 21:12:04.984 [0x4002a2b260] DEBUG - Captured session 3.
Jan 04, 2023 21:12:04.984 [0x4002a2b260] DEBUG - Captured session 4.
Jan 04, 2023 21:12:04.984 [0x4002a2b260] DEBUG - Captured session 5.
Jan 04, 2023 21:12:04.984 [0x4002a2b260] DEBUG - Captured session 6.
Jan 04, 2023 21:12:04.984 [0x4002a2b260] DEBUG - Captured session 7.
Jan 04, 2023 21:12:04.984 [0x4002a2b260] DEBUG - Captured session 8.
Jan 04, 2023 21:12:04.984 [0x4002a2b260] DEBUG - Captured session 9.
Jan 04, 2023 21:12:04.984 [0x4002a2b260] DEBUG - Captured session 10.
Jan 04, 2023 21:12:04.984 [0x4002a2b260] DEBUG - Captured session 11.
Jan 04, 2023 21:12:04.984 [0x4002a2b260] DEBUG - Captured session 12.
Jan 04, 2023 21:12:04.984 [0x4002a2b260] DEBUG - Captured session 13.
Jan 04, 2023 21:12:04.984 [0x4002a2b260] DEBUG - Captured session 14.
Jan 04, 2023 21:12:04.984 [0x4002a2b260] DEBUG - Captured session 15.
Jan 04, 2023 21:12:04.984 [0x4002a2b260] DEBUG - Captured session 16.
Jan 04, 2023 21:12:04.984 [0x4002a2b260] DEBUG - Captured session 17.
Jan 04, 2023 21:12:04.984 [0x4002a2b260] DEBUG - Captured session 18.
Jan 04, 2023 21:12:04.984 [0x4002a2b260] DEBUG - Captured session 19.
Jan 04, 2023 21:12:05.008 [0x4002a2b260] DEBUG - ChangestampAllocator: initialized to 2
Jan 04, 2023 21:12:05.013 [0x4002a2b260] DEBUG - Opening 2 database sessions to library (com.plexapp.plugins.library.blobs), SQLite 3.35.5, threadsafe=1
Jan 04, 2023 21:12:05.174 [0x4006661b38] DEBUG - Jobs: '/usr/lib/plexmediaserver/CrashUploader' exit code for process 1231 is 0 (success)
Jan 04, 2023 21:12:05.199 [0x4002a2b260] INFO - Running migrations. (EPG 0)
Jan 04, 2023 21:12:05.209 [0x4002a2b260] DEBUG - Captured session 0.
Jan 04, 2023 21:12:05.209 [0x4002a2b260] DEBUG - Captured session 1.
Jan 04, 2023 21:12:05.719 [0x40071adb38] DEBUG - Grabber: Cleaning up orphaned grabs.
Jan 04, 2023 21:12:05.836 [0x4002a2b260] DEBUG - Media Provider: Registering provider com.plexapp.plugins.library
Jan 04, 2023 21:12:05.837 [0x4007f0ab38] DEBUG - MyPlex: mapping state set to 'Unknown'.
Jan 04, 2023 21:12:05.840 [0x4002a2b260] DEBUG - Auth: Refreshing tokens inside the token-based authentication filter.
Jan 04, 2023 21:12:05.867 [0x40071adb38] DEBUG - Grabber: Cleaned up 0 decrepit directories in 0.1 sec.
Jan 04, 2023 21:12:05.872 [0x4007f0ab38] DEBUG - Relay: read 4 cached entries from hosts file
Jan 04, 2023 21:12:05.931 [0x4002a2b260] DEBUG - MyPlex: using cached data for request for https://plex.tv/api/v2/server/access_tokens?auth_token=xxxxxxxxxxxxxxxxxxxx
Jan 04, 2023 21:12:05.945 [0x4002a2b260] DEBUG - MyPlex: updating with 3 access tokens
Jan 04, 2023 21:12:05.952 [0x4002a2b260] DEBUG - MyPlex: using cached data for request for https://plex.tv/api/v2/server/users?auth_token=xxxxxxxxxxxxxxxxxxxx
Jan 04, 2023 21:12:05.974 [0x4007f0ab38] DEBUG - [MediaProviderManager/HCl#1] HTTP requesting GET https://plex.tv/media/providers?X-Plex-Token=xxxxxxxxxxxxxxxxxxxx
Jan 04, 2023 21:12:06.015 [0x4002a2b260] DEBUG - MyPlex: using cached data for request for https://plex.tv/api/v2/server/users/subscriptions?auth_token=xxxxxxxxxxxxxxxxxxxx
Jan 04, 2023 21:12:06.065 [0x4002a2b260] DEBUG - MyPlex: using cached data for request for https://plex.tv/api/v2/server/users/services?auth_token=xxxxxxxxxxxxxxxxxxxx
Jan 04, 2023 21:12:06.124 [0x40071adb38] DEBUG - Auth: Refreshing tokens inside the token-based authentication filter.
Jan 04, 2023 21:12:06.135 [0x40071adb38] DEBUG - [HCl#2] HTTP requesting GET https://plex.tv/api/v2/server/access_tokens?auth_token=xxxxxxxxxxxxxxxxxxxx
Jan 04, 2023 21:12:06.151 [0x4002a2b260] DEBUG - Opening 1 database sessions to library (), SQLite 3.35.5, threadsafe=1
Jan 04, 2023 21:12:06.236 [0x40088f3b38] DEBUG - File "/usr/lib/plexmediaserver/Resources/Plug-ins-629d58034" changed: -1 => 2022-12-08 10:37:36 (1670495856).
Jan 04, 2023 21:12:06.236 [0x40088f3b38] DEBUG - File "/config/Library/Application Support/Plex Media Server/Plug-ins" changed: -1 => 2023-01-04 12:44:29 (1672836269).
Jan 04, 2023 21:12:06.236 [0x40088f3b38] DEBUG - Scanning for plug-ins in "/usr/lib/plexmediaserver/Resources/Plug-ins-629d58034"
Jan 04, 2023 21:12:06.301 [0x40088f3b38] DEBUG - Not starting plug-in with duplicate identifier: com.plexapp.plugins.webclient found in: /usr/lib/plexmediaserver/Resources/Plug-ins-629d58034/ServerManager.bundle
Jan 04, 2023 21:12:06.301 [0x40088f3b38] DEBUG - Scanning for plug-ins in "/config/Library/Application Support/Plex Media Server/Plug-ins"
Jan 04, 2023 21:12:06.304 [0x40088f3b38] DEBUG - PluginRepository::setStartState: 1, startingSystem
Jan 04, 2023 21:12:06.305 [0x40088f3b38] DEBUG - Starting plug-in /usr/lib/plexmediaserver/Resources/Plug-ins-629d58034/System.bundle.
Jan 04, 2023 21:12:06.371 [0x40088f3b38] DEBUG - [com.plexapp.system] Setting plug-in to always running (daemon mode).
Jan 04, 2023 21:12:06.410 [0x40088f3b38] DEBUG - Starting file watcher for com.plexapp.system
Jan 04, 2023 21:12:06.412 [0x40088f3b38] DEBUG - Plugin: setting environment variable: 'PYTHONHOME=/usr/lib/plexmediaserver/Resources/Python'
Jan 04, 2023 21:12:06.421 [0x40088f3b38] DEBUG - Plugin: setting environment variable: 'PYTHONPATH=/usr/lib/plexmediaserver/Resources/Python/python27.zip:/usr/lib/plexmediaserver/Resources/Python/lib/python2.7/site-packages'
Jan 04, 2023 21:12:06.469 [0x40088f3b38] DEBUG - Spawned plug-in com.plexapp.system with PID 1241
Jan 04, 2023 21:12:06.472 [0x40088f3b38] DEBUG - [com.plexapp.system] Sending command: GET /:/prefixes
Jan 04, 2023 21:12:06.884 [0x4008142b38] DEBUG - [HttpClient/HCl#1] HTTP/2.0 (0.9s) 200 response from GET https://plex.tv/media/providers?X-Plex-Token=xxxxxxxxxxxxxxxxxxxx
Jan 04, 2023 21:12:06.946 [0x400834eb38] DEBUG - [MediaProviderManager/HCl#3] HTTP requesting GET https://plex.tv/media/providers?X-Plex-Token=xxxxxxxxxxxxxxxxxxxx
Jan 04, 2023 21:12:07.006 [0x4008142b38] DEBUG - [HttpClient/HCl#3] HTTP/2.0 (0.1s) 200 response from GET https://plex.tv/media/providers?X-Plex-Token=xxxxxxxxxxxxxxxxxxxx (reused)
Jan 04, 2023 21:12:07.008 [0x400834eb38] DEBUG - [MediaProviderManager] discovered cloud provider (Movies & TV)
Jan 04, 2023 21:12:07.010 [0x400834eb38] DEBUG - [MediaProviderManager] discovered cloud provider (Music)
Jan 04, 2023 21:12:07.010 [0x400834eb38] DEBUG - [MediaProviderManager] discovered cloud provider (Metadata)
Jan 04, 2023 21:12:07.011 [0x400834eb38] DEBUG - [MediaProviderManager] loading cloud provider details (Metadata) (alive: 0)
Jan 04, 2023 21:12:07.015 [0x4007f0ab38] DEBUG - [MediaProviderManager/HCl#6] HTTP requesting GET https://vod.provider.plex.tv
Jan 04, 2023 21:12:07.016 [0x4009434b38] DEBUG - [MediaProviderManager/HCl#4] HTTP requesting GET https://music.provider.plex.tv
Jan 04, 2023 21:12:07.031 [0x4008142b38] DEBUG - [HttpClient/HCl#2] HTTP/2.0 (0.6s) 200 response from GET https://plex.tv/api/v2/server/access_tokens?auth_token=xxxxxxxxxxxxxxxxxxxx
Jan 04, 2023 21:12:07.052 [0x40071adb38] DEBUG - MyPlex: updating with 3 access tokens
Jan 04, 2023 21:12:07.056 [0x40071adb38] DEBUG - [HCl#7] HTTP requesting GET https://plex.tv/api/v2/server/users?auth_token=xxxxxxxxxxxxxxxxxxxx
Jan 04, 2023 21:12:07.104 [0x4008142b38] DEBUG - [HttpClient/HCl#7] HTTP/2.0 (0.0s) 200 response from GET https://plex.tv/api/v2/server/users?auth_token=xxxxxxxxxxxxxxxxxxxx (reused)
Jan 04, 2023 21:12:07.144 [0x40091e1b38] DEBUG - [HCl#9] HTTP requesting GET https://plex.tv/api/v2/server/users/subscriptions?auth_token=xxxxxxxxxxxxxxxxxxxx
Jan 04, 2023 21:12:07.190 [0x4008142b38] DEBUG - [HttpClient/HCl#9] HTTP/2.0 (0.0s) 200 response from GET https://plex.tv/api/v2/server/users/subscriptions?auth_token=xxxxxxxxxxxxxxxxxxxx (reused)
Jan 04, 2023 21:12:07.243 [0x40091e1b38] DEBUG - MyPlex: using cached data for request for https://plex.tv/api/v2/server/users/services?auth_token=xxxxxxxxxxxxxxxxxxxx
Jan 04, 2023 21:12:08.684 [0x4009ee1b38] DEBUG - Request: [127.0.0.1:56132 (Loopback)] GET /identity (2 live) #1
Jan 04, 2023 21:12:08.694 [0x4006ad6b38] DEBUG - Completed: [127.0.0.1:56132] 503 GET /identity (2 live) 37ms 375 bytes (pipelined: 1)
Jan 04, 2023 21:12:13.757 [0x4009ee1b38] DEBUG - Request: [127.0.0.1:56146 (Loopback)] GET / (3 live) #7 GZIP Token ()
Jan 04, 2023 21:12:13.765 [0x400a127b38] DEBUG - Request: [127.0.0.1:56140 (Loopback)] GET /:/plugins/com.plexapp.system/messaging/function/X0J1bmRsZVNlcnZpY2U6QWxsU2VydmljZXM_/Y2VyZWFsMQoxCmxpc3QKMApyMAo_/Y2VyZWFsMQoxCmRpY3QKMApyMAo_ (3 live) #3 GZIP Token ()
Jan 04, 2023 21:12:13.789 [0x40068d3b38] DEBUG - Completed: [127.0.0.1:56140] 503 GET /:/plugins/com.plexapp.system/messaging/function/X0J1bmRsZVNlcnZpY2U6QWxsU2VydmljZXM_/Y2VyZWFsMQoxCmxpc3QKMApyMAo_/Y2VyZWFsMQoxCmRpY3QKMApyMAo_ (3 live) GZIP 34ms 436 bytes
Jan 04, 2023 21:12:13.794 [0x4006ad6b38] DEBUG - Completed: [127.0.0.1:56146] 503 GET / (2 live) GZIP 41ms 436 bytes
Jan 04, 2023 21:12:14.063 [0x400a127b38] DEBUG - Request: [127.0.0.1:56148 (Loopback)] GET /identity (2 live) #8
Jan 04, 2023 21:12:14.063 [0x40068d3b38] DEBUG - Completed: [127.0.0.1:56148] 503 GET /identity (2 live) 0ms 375 bytes (pipelined: 1)
Jan 04, 2023 21:12:14.638 [0x400834eb38] DEBUG - [MediaProviderManager] loading cloud provider details (Music) (alive: 0)
Jan 04, 2023 21:12:14.639 [0x400834eb38] DEBUG - [MediaProviderManager/HCl#a] HTTP requesting GET https://music.provider.plex.tv
Jan 04, 2023 21:12:14.639 [0x4008142b38] DEBUG - [HttpClient/HCl#6] HTTP simulating 408 after curl timeout
Jan 04, 2023 21:12:14.639 [0x4008142b38] DEBUG - [HttpClient/HCl#4] HTTP simulating 408 after curl timeout
Jan 04, 2023 21:12:15.708 [0x40071adb38] DEBUG - Grabber: Plex Tuner Service not running; retrying in 10 seconds.
Jan 04, 2023 21:12:18.171 [0x4009ee1b38] DEBUG - Request: [127.0.0.1:58206 (Loopback)] GET /servers (2 live) #b GZIP Token ()
Jan 04, 2023 21:12:18.176 [0x4006ad6b38] DEBUG - Completed: [127.0.0.1:58206] 503 GET /servers (2 live) GZIP 8ms 436 bytes
Jan 04, 2023 21:12:18.304 [0x40088f3b38] DEBUG - Reading 486 bytes in the body, code is 200
Jan 04, 2023 21:12:18.307 [0x40088f3b38] DEBUG - [com.plexapp.system] Plug-in running on port 38137.
Jan 04, 2023 21:12:18.308 [0x40088f3b38] DEBUG -  * Plug-in handles prefix: /system
Jan 04, 2023 21:12:18.309 [0x40088f3b38] DEBUG -  * Plug-in handles prefix: /player
Jan 04, 2023 21:12:18.311 [0x40088f3b38] DEBUG - Read configuration for [com.plexapp.system], had 2 prefixes
Jan 04, 2023 21:12:18.322 [0x40088f3b38] DEBUG - Done with 1 synchronous plug-in starts, starting the rest in parallel.
Jan 04, 2023 21:12:18.322 [0x40088f3b38] DEBUG - PluginRepository::setStartState: 2, startingPlugins
Jan 04, 2023 21:12:18.322 [0x40088f3b38] DEBUG - Updating the list of agents known by the system.
Jan 04, 2023 21:12:18.323 [0x40088f3b38] DEBUG - [com.plexapp.system] Sending command over HTTP (GET): /system/agents
Jan 04, 2023 21:12:18.325 [0x40088f3b38] DEBUG - [HCl#b] HTTP requesting GET http://127.0.0.1:38137/system/agents
Jan 04, 2023 21:12:18.330 [0x4002a2b260] DEBUG - Image transcode cache directory: "/config/Library/Application Support/Plex Media Server/Cache/PhotoTranscoder"
Jan 04, 2023 21:12:18.354 [0x4002a2b260] DEBUG - Transcoder: Cleaning old transcode directories.
Jan 04, 2023 21:12:18.374 [0x4002a2b260] DEBUG - MyPlex: using cached data for request for https://plex.tv/api/v2/server/access_tokens?auth_token=xxxxxxxxxxxxxxxxxxxx
Jan 04, 2023 21:12:18.378 [0x4002a2b260] DEBUG - MyPlex: updating with 3 access tokens
Jan 04, 2023 21:12:18.384 [0x4002a2b260] DEBUG - MyPlex: using cached data for request for https://plex.tv/api/v2/server/users?auth_token=xxxxxxxxxxxxxxxxxxxx
Jan 04, 2023 21:12:18.391 [0x4002a2b260] DEBUG - MyPlex: using cached data for request for https://plex.tv/api/v2/server/users/subscriptions?auth_token=xxxxxxxxxxxxxxxxxxxx
Jan 04, 2023 21:12:18.397 [0x4002a2b260] DEBUG - MyPlex: using cached data for request for https://plex.tv/api/v2/server/users/services?auth_token=xxxxxxxxxxxxxxxxxxxx
Jan 04, 2023 21:12:18.401 [0x4002a2b260] DEBUG - MyPlex: using cached data for request for https://plex.tv/api/v2/user?includeSubscriptions=1&includeProviders=1
Jan 04, 2023 21:12:18.414 [0x4002a2b260] DEBUG - MyPlex: username is ayoub.bo8, login is ayoub.bouzalmad@gmail.com, home is 0, no pin
Jan 04, 2023 21:12:18.438 [0x4002a2b260] DEBUG - MyPlex: start public ip check and mapping - current mapped state: 'Unknown'.
Jan 04, 2023 21:12:18.438 [0x4002a2b260] DEBUG - MyPlex: mapping state set to 'Not Mapped'.
Jan 04, 2023 21:12:18.438 [0x400a897b38] DEBUG - [HCl#c] HTTP requesting GET https://plex.tv/api/v2/user?includeSubscriptions=1&includeProviders=1
Jan 04, 2023 21:12:18.438 [0x4002a2b260] DEBUG - PublicAddressManager: Starting.
Jan 04, 2023 21:12:18.443 [0x4002a2b260] DEBUG - PublicAddressManager: Obtaining public address and mapping port.
Jan 04, 2023 21:12:18.445 [0x40071adb38] DEBUG - PublicAddressManager: Obtaining public IP.
Jan 04, 2023 21:12:18.446 [0x40071adb38] DEBUG - [HCl#d] HTTP requesting GET https://v4.plex.tv/pms/:/ip
Jan 04, 2023 21:12:18.449 [0x4009434b38] DEBUG - NAT: UPnP, attempting port mapping.
Jan 04, 2023 21:12:18.456 [0x4002a2b260] DEBUG - NetworkInterface: Starting watch thread.
Jan 04, 2023 21:12:18.457 [0x4002a2b260] DEBUG - Network change.
Jan 04, 2023 21:12:18.457 [0x4002a2b260] DEBUG - NetworkInterface: Notified of network changed (force=0)
Jan 04, 2023 21:12:18.457 [0x400aca2b38] DEBUG - NetworkInterface: Watching for changes on the interfaces.
Jan 04, 2023 21:12:18.462 [0x4002a2b260] DEBUG - Detected primary interface: 172.27.0.6
Jan 04, 2023 21:12:18.462 [0x4002a2b260] DEBUG - Network interfaces:
Jan 04, 2023 21:12:18.462 [0x4002a2b260] DEBUG -  * 1 lo (127.0.0.1) (00-00-00-00-00-00) (loopback: 1)
Jan 04, 2023 21:12:18.462 [0x4002a2b260] DEBUG -  * 73 eth0 (172.27.0.6) (02-42-AC-1B-00-06) (loopback: 0)
Jan 04, 2023 21:12:18.463 [0x4002a2b260] DEBUG - Creating NetworkServices singleton.
Jan 04, 2023 21:12:18.464 [0x4002a2b260] DEBUG - NetworkServices: Initializing...
Jan 04, 2023 21:12:18.464 [0x4002a2b260] DEBUG - NetworkService: Creating new service.
Jan 04, 2023 21:12:18.465 [0x4002a2b260] DEBUG - NetworkService: Got notification of changed network (first change: 1)
Jan 04, 2023 21:12:18.465 [0x4002a2b260] DEBUG - NetworkService: Quick dispatch of network change.
Jan 04, 2023 21:12:18.466 [0x400aea6b38] DEBUG - Network change for advertiser.
Jan 04, 2023 21:12:18.466 [0x400aea6b38] DEBUG - NetworkService: Setting up multicast listener on 0.0.0.0:32414
Jan 04, 2023 21:12:18.471 [0x4002a2b260] DEBUG - NetworkService: Creating new service.
Jan 04, 2023 21:12:18.471 [0x4002a2b260] DEBUG - NetworkService: Got notification of changed network (first change: 1)
Jan 04, 2023 21:12:18.471 [0x4002a2b260] DEBUG - NetworkService: Quick dispatch of network change.
Jan 04, 2023 21:12:18.471 [0x4002a2b260] DEBUG - NetworkService: Creating new service.
Jan 04, 2023 21:12:18.471 [0x4002a2b260] DEBUG - NetworkService: Got notification of changed network (first change: 1)
Jan 04, 2023 21:12:18.471 [0x4002a2b260] DEBUG - NetworkService: Quick dispatch of network change.
Jan 04, 2023 21:12:18.472 [0x4002a2b260] DEBUG - NetworkService: Creating new service.
Jan 04, 2023 21:12:18.472 [0x4002a2b260] DEBUG - NetworkService: Got notification of changed network (first change: 1)
Jan 04, 2023 21:12:18.472 [0x4002a2b260] DEBUG - NetworkService: Quick dispatch of network change.
Jan 04, 2023 21:12:18.473 [0x4002a2b260] DEBUG - NetworkService: Creating new service.
Jan 04, 2023 21:12:18.473 [0x4002a2b260] DEBUG - NetworkService: Got notification of changed network (first change: 1)
Jan 04, 2023 21:12:18.473 [0x4002a2b260] DEBUG - NetworkService: Quick dispatch of network change.
Jan 04, 2023 21:12:18.478 [0x4002a2b260] DEBUG - NetworkService: Creating new service.
Jan 04, 2023 21:12:18.480 [0x4002a2b260] DEBUG - NetworkService: Got notification of changed network (first change: 1)
Jan 04, 2023 21:12:18.480 [0x4002a2b260] DEBUG - NetworkService: Quick dispatch of network change.
Jan 04, 2023 21:12:18.493 [0x400aea6b38] DEBUG - Network change for advertiser.
Jan 04, 2023 21:12:18.493 [0x400aea6b38] DEBUG - NetworkService: Setting up multicast listener on 0.0.0.0:32410
Jan 04, 2023 21:12:18.493 [0x400aea6b38] DEBUG - Network change for advertiser.
Jan 04, 2023 21:12:18.493 [0x400aea6b38] DEBUG - NetworkService: Setting up multicast listener on 0.0.0.0:32412
Jan 04, 2023 21:12:18.494 [0x400aea6b38] DEBUG - NetworkService: Network change for browser (polled=0), closing 0 browse sockets.
Jan 04, 2023 21:12:18.494 [0x400aea6b38] DEBUG - NetworkService: Setting up multicast listener on 0.0.0.0:32413
Jan 04, 2023 21:12:18.495 [0x400aea6b38] DEBUG - NetworkService: Browsing on interface 127.0.0.1 on broadcast address 127.255.255.255 (index: 0)
Jan 04, 2023 21:12:18.495 [0x400aea6b38] DEBUG - NetworkService: Browsing on interface 172.27.0.6 on broadcast address 172.27.255.255 (index: 1)
Jan 04, 2023 21:12:18.495 [0x400aea6b38] DEBUG - NetworkService: Network change for browser (polled=1), closing 0 browse sockets.
Jan 04, 2023 21:12:18.495 [0x400aea6b38] DEBUG - NetworkService: Browsing on interface 127.0.0.1 on broadcast address 127.255.255.255 (index: 0)
Jan 04, 2023 21:12:18.495 [0x400aea6b38] DEBUG - NetworkService: Browsing on interface 172.27.0.6 on broadcast address 172.27.255.255 (index: 1)
Jan 04, 2023 21:12:18.495 [0x400aea6b38] DEBUG - NetworkService: Network change for browser (polled=0), closing 0 browse sockets.
Jan 04, 2023 21:12:18.495 [0x400aea6b38] DEBUG - NetworkService: Setting up multicast listener on 0.0.0.0:1901
Jan 04, 2023 21:12:18.496 [0x400aea6b38] DEBUG - NetworkService: Browsing on interface 172.27.0.6 on broadcast address 239.255.255.250 (index: 0)
Jan 04, 2023 21:12:18.535 [0x400b0f4b38] DEBUG - [ChildProcessMonitor] Plex Tuner Service starting.
Jan 04, 2023 21:12:18.536 [0x400b0f4b38] DEBUG - [ChildProcessMonitor/JobRunner] Job running: "/usr/lib/plexmediaserver/Plex Tuner Service" /usr/lib/plexmediaserver/Resources/Tuner/Private /usr/lib/plexmediaserver/Resources/Tuner/Shared 1.30.0.6486-629d58034 32600
Jan 04, 2023 21:12:18.569 [0x400b0f4b38] DEBUG - [ChildProcessMonitor/JobRunner] Jobs: Starting child process with pid 1331
Jan 04, 2023 21:12:18.576 [0x4002a2b260] DEBUG - [HCl#e] HTTP requesting GET https://plex.tv/api/v2/features?X-Plex-Token=xxxxxxxxxxxxxxxxxxxx
Jan 04, 2023 21:12:18.656 [0x4008142b38] DEBUG - [HttpClient/HCl#c] HTTP/2.0 (0.2s) 200 response from GET https://plex.tv/api/v2/user?includeSubscriptions=1&includeProviders=1 (reused)
Jan 04, 2023 21:12:18.676 [0x40091e1b38] DEBUG - MyPlex: username is ayoub.bo8, login is ayoub.bouzalmad@gmail.com, home is 0, no pin
Jan 04, 2023 21:12:18.702 [0x400a897b38] DEBUG - [HCl#f] HTTP requesting GET https://plex.tv/api/v2/geoip
Jan 04, 2023 21:12:18.741 [0x4008142b38] DEBUG - [HttpClient/HCl#b] HTTP/1.1 (0.4s) 200 response from GET http://127.0.0.1:38137/system/agents
Jan 04, 2023 21:12:18.741 [0x40088f3b38] DEBUG - [com.plexapp.system] HTTP reply status 200, with 11288 bytes of content.
Jan 04, 2023 21:12:18.744 [0x4008142b38] DEBUG - [HttpClient/HCl#f] HTTP/2.0 (0.0s) 200 response from GET https://plex.tv/api/v2/geoip (reused)
Jan 04, 2023 21:12:18.746 [0x4008142b38] DEBUG - [HttpClient/HCl#e] HTTP/2.0 (0.1s) 200 response from GET https://plex.tv/api/v2/features?X-Plex-Token=xxxxxxxxxxxxxxxxxxxx (reused)
Jan 04, 2023 21:12:18.747 [0x400a897b38] DEBUG - [HCl#10] HTTP requesting GET https://plex.tv/api/v2/features?X-Plex-Token=xxxxxxxxxxxxxxxxxxxx
Jan 04, 2023 21:12:18.751 [0x4008142b38] DEBUG - [HttpClient/HCl#d] HTTP/2.0 (0.3s) 200 response from GET https://v4.plex.tv/pms/:/ip
Jan 04, 2023 21:12:18.752 [0x40071adb38] DEBUG - PublicAddressManager: Got public IP from v4.plex.tv: 90.22.178.93
Jan 04, 2023 21:12:18.763 [0x40088f3b38] DEBUG - The system knows about 18 agents.
Jan 04, 2023 21:12:18.765 [0x400b665b38] DEBUG - Starting plug-in /usr/lib/plexmediaserver/Resources/Plug-ins-629d58034/PlexMovieNew.bundle.
Jan 04, 2023 21:12:18.766 [0x400ba73b38] DEBUG - Starting plug-in /usr/lib/plexmediaserver/Resources/Plug-ins-629d58034/MoviePosterDB.bundle.
Jan 04, 2023 21:12:18.766 [0x400b868b38] DEBUG - Starting plug-in /usr/lib/plexmediaserver/Resources/Plug-ins-629d58034/Musicbrainz.bundle.
Jan 04, 2023 21:12:18.768 [0x40088f3b38] DEBUG - Removing /usr/lib/plexmediaserver/Resources/Plug-ins-629d58034/ServerManager.bundle.
Jan 04, 2023 21:12:18.768 [0x40088f3b38] DEBUG - Waiting for 20 plug-ins to finish starting.
Jan 04, 2023 21:12:18.774 [0x400ba73b38] DEBUG - Perfect cache hit, we don't need to start [com.plexapp.agents.movieposterdb] yet.
Jan 04, 2023 21:12:18.783 [0x4002a2b260] DEBUG - [HCl#11] HTTP requesting GET https://plex.tv/api/v2/release_channels?X-Plex-Token=xxxxxxxxxxxxxxxxxxxx
Jan 04, 2023 21:12:18.793 [0x400b868b38] DEBUG - Perfect cache hit, we don't need to start [org.musicbrainz.agents.music] yet.
Jan 04, 2023 21:12:18.795 [0x400b868b38] DEBUG - Starting plug-in /usr/lib/plexmediaserver/Resources/Plug-ins-629d58034/Scanners.bundle.
Jan 04, 2023 21:12:18.798 [0x400ba73b38] DEBUG - Starting plug-in /usr/lib/plexmediaserver/Resources/Plug-ins-629d58034/PersonalMedia.bundle.
Jan 04, 2023 21:12:18.801 [0x400b868b38] DEBUG - Starting plug-in /usr/lib/plexmediaserver/Resources/Plug-ins-629d58034/HTbackdrops.bundle.
Jan 04, 2023 21:12:18.804 [0x400ba73b38] DEBUG - Perfect cache hit, we don't need to start [com.plexapp.agents.none] yet.
Jan 04, 2023 21:12:18.804 [0x400ba73b38] DEBUG - Starting plug-in /usr/lib/plexmediaserver/Resources/Plug-ins-629d58034/Framework.bundle.
Jan 04, 2023 21:12:18.806 [0x400b665b38] DEBUG - Perfect cache hit, we don't need to start [tv.plex.agents.movie] yet.
Jan 04, 2023 21:12:18.809 [0x400b868b38] DEBUG - Perfect cache hit, we don't need to start [com.plexapp.agents.htbackdrops] yet.
Jan 04, 2023 21:12:18.810 [0x400b665b38] DEBUG - Starting plug-in /usr/lib/plexmediaserver/Resources/Plug-ins-629d58034/PlexMovie.bundle.
Jan 04, 2023 21:12:18.814 [0x400b868b38] DEBUG - Starting plug-in /usr/lib/plexmediaserver/Resources/Plug-ins-629d58034/TheMovieDB.bundle.
Jan 04, 2023 21:12:18.821 [0x400b665b38] DEBUG - Perfect cache hit, we don't need to start [com.plexapp.agents.imdb] yet.
Jan 04, 2023 21:12:18.824 [0x400b665b38] DEBUG - Starting plug-in /usr/lib/plexmediaserver/Resources/Plug-ins-629d58034/LastFM.bundle.
Jan 04, 2023 21:12:18.820 [0x400ba73b38] DEBUG - Starting plug-in /usr/lib/plexmediaserver/Resources/Plug-ins-629d58034/Media-Flags.bundle.
Jan 04, 2023 21:12:18.826 [0x400b868b38] DEBUG - Perfect cache hit, we don't need to start [com.plexapp.agents.themoviedb] yet.
Jan 04, 2023 21:12:18.832 [0x400ba73b38] DEBUG - Starting plug-in /usr/lib/plexmediaserver/Resources/Plug-ins-629d58034/LyricFind.bundle.
Jan 04, 2023 21:12:18.832 [0x400b665b38] DEBUG - Perfect cache hit, we don't need to start [com.plexapp.agents.lastfm] yet.
Jan 04, 2023 21:12:18.833 [0x400b868b38] DEBUG - Starting plug-in /usr/lib/plexmediaserver/Resources/Plug-ins-629d58034/LocalMedia.bundle.
Jan 04, 2023 21:12:18.837 [0x400b665b38] DEBUG - Starting plug-in /usr/lib/plexmediaserver/Resources/Plug-ins-629d58034/Fanart-TV.bundle.
Jan 04, 2023 21:12:18.843 [0x400b665b38] DEBUG - Perfect cache hit, we don't need to start [com.plexapp.agents.fanarttv] yet.
Jan 04, 2023 21:12:18.843 [0x400b665b38] DEBUG - Starting plug-in /usr/lib/plexmediaserver/Resources/Plug-ins-629d58034/PlexThemeMusic.bundle.
Jan 04, 2023 21:12:18.844 [0x400b868b38] DEBUG - Perfect cache hit, we don't need to start [com.plexapp.agents.localmedia] yet.
Jan 04, 2023 21:12:18.844 [0x400b868b38] DEBUG - Starting plug-in /usr/lib/plexmediaserver/Resources/Plug-ins-629d58034/OpenSubtitles.bundle.
Jan 04, 2023 21:12:18.855 [0x400b868b38] DEBUG - Perfect cache hit, we don't need to start [com.plexapp.agents.opensubtitles] yet.
Jan 04, 2023 21:12:18.856 [0x400b868b38] DEBUG - Starting plug-in /usr/lib/plexmediaserver/Resources/Plug-ins-629d58034/PlexMusic.bundle.
Jan 04, 2023 21:12:18.856 [0x4008142b38] DEBUG - [HttpClient/HCl#11] HTTP/2.0 (0.1s) 200 response from GET https://plex.tv/api/v2/release_channels?X-Plex-Token=xxxxxxxxxxxxxxxxxxxx (reused)
Jan 04, 2023 21:12:18.865 [0x400b868b38] DEBUG - Perfect cache hit, we don't need to start [tv.plex.agents.music] yet.
Jan 04, 2023 21:12:18.866 [0x400b868b38] DEBUG - Starting plug-in /usr/lib/plexmediaserver/Resources/Plug-ins-629d58034/PlexSeries.bundle.
Jan 04, 2023 21:12:18.868 [0x400b665b38] DEBUG - Perfect cache hit, we don't need to start [com.plexapp.agents.plexthememusic] yet.
Jan 04, 2023 21:12:18.872 [0x400b868b38] DEBUG - Perfect cache hit, we don't need to start [tv.plex.agents.series] yet.
Jan 04, 2023 21:12:18.872 [0x4002a2b260] DEBUG - [DatabaseFixups] Running fix-ups.
Jan 04, 2023 21:12:18.873 [0x400b868b38] DEBUG - Starting plug-in /usr/lib/plexmediaserver/Resources/Plug-ins-629d58034/TheTVDBv4.bundle.
Jan 04, 2023 21:12:18.880 [0x400b665b38] DEBUG - Starting plug-in /usr/lib/plexmediaserver/Resources/Plug-ins-629d58034/WebClient.bundle.
Jan 04, 2023 21:12:18.882 [0x400ba73b38] DEBUG - Perfect cache hit, we don't need to start [com.plexapp.agents.lyricfind] yet.
Jan 04, 2023 21:12:18.888 [0x400b868b38] DEBUG - Perfect cache hit, we don't need to start [com.plexapp.agents.thetvdb] yet.
Jan 04, 2023 21:12:18.896 [0x40088f3b38] DEBUG - Starting scheduled updates, every 3600 seconds
Jan 04, 2023 21:12:18.896 [0x4002a2b260] DEBUG - [DatabaseFixups] Destroyed 0 transient items.
Jan 04, 2023 21:12:18.896 [0x40088f3b38] INFO - LibraryUpdateManager path watching is disabled
Jan 04, 2023 21:12:18.896 [0x40088f3b38] DEBUG - Done waiting for all plug-ins to start.
Jan 04, 2023 21:12:18.898 [0x40088f3b38] DEBUG - PluginRepository::setStartState: 3, complete
Jan 04, 2023 21:12:18.911 [0x4009c71b38] DEBUG - Downloading document http://127.0.0.1:32400/:/plugins/com.plexapp.agents.imdb/prefs
Jan 04, 2023 21:12:18.937 [0x4002a2b260] DEBUG - [DatabaseFixups] Collections: Found 0 collections tags in section 1.
Jan 04, 2023 21:12:18.937 [0x4009c71b38] DEBUG - Translator: Found locale sv
Jan 04, 2023 21:12:18.938 [0x4009c71b38] DEBUG - Translator: Found locale ja_JP
Jan 04, 2023 21:12:18.938 [0x4009c71b38] DEBUG - Translator: Found locale cs_CZ
Jan 04, 2023 21:12:18.938 [0x4009c71b38] DEBUG - Translator: Found locale it
Jan 04, 2023 21:12:18.938 [0x4009c71b38] DEBUG - Translator: Found locale sk
Jan 04, 2023 21:12:18.938 [0x4009c71b38] DEBUG - Translator: Found locale pt_BR
Jan 04, 2023 21:12:18.938 [0x4009c71b38] DEBUG - Translator: Found locale lt
Jan 04, 2023 21:12:18.938 [0x4009c71b38] DEBUG - Translator: Found locale es
Jan 04, 2023 21:12:18.938 [0x4009c71b38] DEBUG - Translator: Found locale da
Jan 04, 2023 21:12:18.938 [0x4009c71b38] DEBUG - Translator: Found locale no
Jan 04, 2023 21:12:18.938 [0x4009c71b38] DEBUG - Translator: Found locale hu_HU
Jan 04, 2023 21:12:18.938 [0x4009c71b38] DEBUG - Translator: Found locale fr
Jan 04, 2023 21:12:18.938 [0x4009c71b38] DEBUG - Translator: Found locale pl
Jan 04, 2023 21:12:18.938 [0x4009c71b38] DEBUG - Translator: Found locale fi
Jan 04, 2023 21:12:18.938 [0x4009c71b38] DEBUG - Translator: Found locale ro
Jan 04, 2023 21:12:18.938 [0x4009c71b38] DEBUG - Translator: Found locale hr_HR
Jan 04, 2023 21:12:18.938 [0x4009c71b38] DEBUG - Translator: Found locale sl
Jan 04, 2023 21:12:18.938 [0x4009c71b38] DEBUG - Translator: Found locale de
Jan 04, 2023 21:12:18.938 [0x4009c71b38] DEBUG - Translator: Found locale nl
Jan 04, 2023 21:12:18.938 [0x4009c71b38] DEBUG - Translator: Found locale he
Jan 04, 2023 21:12:18.938 [0x4009c71b38] DEBUG - Translator: Found locale pt
Jan 04, 2023 21:12:18.938 [0x4009c71b38] DEBUG - Translator: Found locale ar
Jan 04, 2023 21:12:18.938 [0x4009c71b38] DEBUG - Translator: Found locale ru
Jan 04, 2023 21:12:18.938 [0x4009c71b38] DEBUG - Translator: Found locale nl_BE
Jan 04, 2023 21:12:18.938 [0x4009c71b38] DEBUG - Translator: Found locale af
Jan 04, 2023 21:12:18.938 [0x4009c71b38] DEBUG - Translator: Found locale ko
Jan 04, 2023 21:12:18.938 [0x4009c71b38] DEBUG - Translator: Found locale et_EE
Jan 04, 2023 21:12:18.938 [0x4009c71b38] DEBUG - Translator: Found locale sr
Jan 04, 2023 21:12:18.938 [0x4009c71b38] DEBUG - Translator: Found locale en
Jan 04, 2023 21:12:18.938 [0x4009c71b38] DEBUG - Translator: Found locale zh_CN
Jan 04, 2023 21:12:18.938 [0x4009c71b38] DEBUG - Translator: Found locale hu
Jan 04, 2023 21:12:18.939 [0x4002a2b260] DEBUG - [DatabaseFixups] Collections: We had 0 collections in the library already.
Jan 04, 2023 21:12:18.939 [0x4002a2b260] DEBUG - [DatabaseFixups] Collections: Synced tags in section 1 in 10ms.
Jan 04, 2023 21:12:19.025 [0x4002a2b260] WARN - [DatabaseFixups] Held transaction for too long (/data/jenkins/server/3521777883/Library/MetadataCollection.cpp:481): 0.190000 seconds
Jan 04, 2023 21:12:19.026 [0x4002a2b260] DEBUG - [DatabaseFixups] Collections: Refreshed attributes for 0 collections in section 1 in 85ms.
Jan 04, 2023 21:12:19.032 [0x4002a2b260] DEBUG - [DatabaseFixups] Collection: Refreshed visibility in section 1 in 6ms.
Jan 04, 2023 21:12:19.045 [0x4002a2b260] DEBUG - [DatabaseFixups] Collections: Refreshed attributes for 0 collections in section 1 in 12ms.
Jan 04, 2023 21:12:19.049 [0x4002a2b260] DEBUG - [DatabaseFixups] Collections: Found 0 collections tags in section 2.
Jan 04, 2023 21:12:19.050 [0x4002a2b260] DEBUG - [DatabaseFixups] Collections: We had 0 collections in the library already.
Jan 04, 2023 21:12:19.050 [0x4002a2b260] DEBUG - [DatabaseFixups] Collections: Synced tags in section 2 in 1ms.
Jan 04, 2023 21:12:19.051 [0x4002a2b260] DEBUG - [DatabaseFixups] Collections: Found 0 collections tags in section 2.
Jan 04, 2023 21:12:19.053 [0x4002a2b260] DEBUG - [DatabaseFixups] Collections: We had 0 collections in the library already.
Jan 04, 2023 21:12:19.053 [0x4002a2b260] DEBUG - [DatabaseFixups] Collections: Synced tags in section 2 in 4ms.
Jan 04, 2023 21:12:19.053 [0x4002a2b260] DEBUG - [DatabaseFixups] Collections: Found 0 collections tags in section 2.
Jan 04, 2023 21:12:19.054 [0x4002a2b260] DEBUG - [DatabaseFixups] Collections: We had 0 collections in the library already.
Jan 04, 2023 21:12:19.054 [0x4002a2b260] DEBUG - [DatabaseFixups] Collections: Synced tags in section 2 in 6ms.
Jan 04, 2023 21:12:19.061 [0x4009c71b38] DEBUG - [Req#10] Starting file watcher for com.plexapp.agents.imdb
Jan 04, 2023 21:12:19.066 [0x4009c71b38] DEBUG - [Req#10] Plugin: setting environment variable: 'PYTHONHOME=/usr/lib/plexmediaserver/Resources/Python'
Jan 04, 2023 21:12:19.066 [0x4009c71b38] DEBUG - [Req#10] Plugin: setting environment variable: 'PYTHONPATH=/usr/lib/plexmediaserver/Resources/Python/python27.zip:/usr/lib/plexmediaserver/Resources/Python/lib/python2.7/site-packages'
Jan 04, 2023 21:12:19.077 [0x4009c71b38] DEBUG - [Req#10] Spawned plug-in com.plexapp.agents.imdb with PID 1362
Jan 04, 2023 21:12:19.078 [0x4009c71b38] DEBUG - [Req#10] [com.plexapp.agents.imdb] Sending command: GET /:/prefixes
Jan 04, 2023 21:12:19.085 [0x4002a2b260] DEBUG - [DatabaseFixups] Collections: Refreshed attributes for 0 collections in section 2 in 30ms.
Jan 04, 2023 21:12:19.089 [0x4002a2b260] DEBUG - [DatabaseFixups] Collection: Refreshed visibility in section 2 in 3ms.
Jan 04, 2023 21:12:19.110 [0x4002a2b260] DEBUG - [DatabaseFixups] Collections: Refreshed attributes for 0 collections in section 2 in 21ms.
Jan 04, 2023 21:12:19.139 [0x4002a2b260] DEBUG - [DatabaseFixups] Running database fix-ups completed in 0.6 seconds.
Jan 04, 2023 21:12:19.140 [0x4002a2b260] DEBUG - [HCl#12] HTTP requesting GET https://plex.tv/api/v2/user/privacy?X-Plex-Token=xxxxxxxxxxxxxxxxxxxx
Jan 04, 2023 21:12:19.188 [0x4008142b38] DEBUG - [HttpClient/HCl#12] HTTP/2.0 (0.0s) 200 response from GET https://plex.tv/api/v2/user/privacy?X-Plex-Token=xxxxxxxxxxxxxxxxxxxx (reused)
Jan 04, 2023 21:12:19.425 [0x400bf18b38] DEBUG - DVR: Starting up.
Jan 04, 2023 21:12:19.446 [0x400bf18b38] DEBUG - Activity: registered new activity 1f414341-aa89-4555-be98-97b40145559b - "Processing subscriptions"
Jan 04, 2023 21:12:19.459 [0x400a127b38] DEBUG - Request: [127.0.0.1:58220 (Loopback)] GET /identity (2 live) #e Signed-in
Jan 04, 2023 21:12:19.461 [0x40068d3b38] DEBUG - Completed: [127.0.0.1:58220] 200 GET /identity (2 live) 3ms 398 bytes (pipelined: 1)
Jan 04, 2023 21:12:19.495 [0x4002a2b260] DEBUG - PublicAddressManager: Obtaining public address and mapping port.
Jan 04, 2023 21:12:19.496 [0x4002a2b260] DEBUG - Waiting for server condition to be signaled.
Jan 04, 2023 21:12:20.270 [0x4008142b38] DEBUG - [HttpClient/HCl#10] HTTP/2.0 (1.5s) 200 response from GET https://plex.tv/api/v2/features?X-Plex-Token=xxxxxxxxxxxxxxxxxxxx (reused)
Jan 04, 2023 21:12:20.297 [0x400a897b38] DEBUG - [HCl#13] HTTP requesting GET https://plex.tv/api/v2/release_channels?X-Plex-Token=xxxxxxxxxxxxxxxxxxxx
Jan 04, 2023 21:12:20.341 [0x4008142b38] DEBUG - [HttpClient/HCl#13] HTTP/2.0 (0.0s) 200 response from GET https://plex.tv/api/v2/release_channels?X-Plex-Token=xxxxxxxxxxxxxxxxxxxx (reused)
Jan 04, 2023 21:12:20.355 [0x400a897b38] DEBUG - [HCl#14] HTTP requesting GET https://plex.tv/api/v2/user/privacy?X-Plex-Token=xxxxxxxxxxxxxxxxxxxx
Jan 04, 2023 21:12:20.396 [0x4008142b38] DEBUG - [HttpClient/HCl#14] HTTP/2.0 (0.0s) 200 response from GET https://plex.tv/api/v2/user/privacy?X-Plex-Token=xxxxxxxxxxxxxxxxxxxx (reused)
Jan 04, 2023 21:12:20.429 [0x40068d3b38] DEBUG - [EventSourceClient/pubsub/178.79.165.194:443] Resolving 178.79.165.194 port 443
Jan 04, 2023 21:12:20.440 [0x40068d3b38] DEBUG - [EventSourceClient/pubsub/178.79.165.194:443] Resolved 178.79.165.194 to 178.79.165.194:443
Jan 04, 2023 21:12:20.456 [0x400c5bcb38] DEBUG - [HCl#15] HTTP requesting GET https://plex.tv/api/v2/server/webhooks?X-Plex-Token=xxxxxxxxxxxxxxxxxxxx
Jan 04, 2023 21:12:20.489 [0x400a897b38] DEBUG - CERT: Certificate will not expire soon; we'll check again in a week.
Jan 04, 2023 21:12:20.494 [0x400de2ab38] DEBUG - MyPlex: sendMapping resetting state - previous mapping state: 'Not Mapped'.
Jan 04, 2023 21:12:20.494 [0x400de2ab38] DEBUG - MyPlex: mapping state set to 'Unknown'.
Jan 04, 2023 21:12:20.497 [0x400a897b38] DEBUG - MyPlex: Updating device connections (from timer: 0)
Jan 04, 2023 21:12:20.498 [0x400a897b38] DEBUG - [HCl#16] HTTP requesting PUT https://plex.tv/devices/9449cbc9ca788c4ad1934f7dda63226ffd1e1d27?Connection[][uri]=http://172.27.0.6:32400&httpsEnabled=1&httpsRequired=0&dnsRebindingProtection=0&X-Plex-Token=xxxxxxxxxxxxxxxxxxxx
Jan 04, 2023 21:12:20.508 [0x400de2ab38] DEBUG - MyPlex: Sending Server Info to myPlex (user=ayoub.bouzalmad@gmail.com, ip=, port=0)
Jan 04, 2023 21:12:20.509 [0x400de2ab38] DEBUG - [HCl#17] HTTP requesting POST https://plex.tv/servers.xml?auth_token=xxxxxxxxxxxxxxxxxxxx
Jan 04, 2023 21:12:20.575 [0x4008142b38] DEBUG - [HttpClient/HCl#17] HTTP/2.0 (0.1s) 422 response from POST https://plex.tv/servers.xml?auth_token=xxxxxxxxxxxxxxxxxxxx (reused)
Jan 04, 2023 21:12:20.575 [0x4008142b38] DEBUG - [HttpClient/HCl#16] HTTP/2.0 (0.1s) 200 response from PUT https://plex.tv/devices/9449cbc9ca788c4ad1934f7dda63226ffd1e1d27?Connection[][uri]=http://172.27.0.6:32400&httpsEnabled=1&httpsRequired=0&dnsRebindingProtection=0&X-Plex-Token=xxxxxxxxxxxxxxxxxxxx (reused)
Jan 04, 2023 21:12:20.578 [0x400de2ab38] DEBUG - MyPlex: Published Mapping State response was 422
Jan 04, 2023 21:12:20.580 [0x400de2ab38] DEBUG - MyPlex: Got response for 9449cbc9ca788c4ad1934f7dda63226ffd1e1d27 ~ registered :0
Jan 04, 2023 21:12:20.580 [0x400de2ab38] DEBUG - MyPlex: updating mapped state - current state: 'Not Mapped'
Jan 04, 2023 21:12:20.580 [0x400de2ab38] DEBUG - MyPlex: mapping state set to 'Not Mapped'.
Jan 04, 2023 21:12:20.810 [0x4008142b38] DEBUG - [HttpClient/HCl#15] HTTP/2.0 (0.4s) 200 response from GET https://plex.tv/api/v2/server/webhooks?X-Plex-Token=xxxxxxxxxxxxxxxxxxxx (reused)
Jan 04, 2023 21:12:20.908 [0x40068d3b38] DEBUG - [EventSourceClient/pubsub/178.79.165.194:443] Connected in 468 ms.
Jan 04, 2023 21:12:20.911 [0x4006ad6b38] DEBUG - [EventSourceClient/pubsub/178.79.165.194:443] Wrote data, reading reply.
Jan 04, 2023 21:12:20.978 [0x40068d3b38] DEBUG - [EventSourceClient/pubsub/178.79.165.194:443] Read HTTP reply header.
Jan 04, 2023 21:12:20.980 [0x40068d3b38] DEBUG - [EventSourceClient/pubsub/178.79.165.194:443] MyPlex: We appear to have regained Internet connectivity.
Jan 04, 2023 21:12:20.998 [0x40068d3b38] DEBUG - [EventSourceClient/pubsub/178.79.165.194:443] PublicAddressManager: Obtaining public address and mapping port.
Jan 04, 2023 21:12:20.998 [0x40068d3b38] DEBUG - [EventSourceClient/pubsub/178.79.165.194:443] MyPlex: async reachability check - current mapped state: 'Not Mapped'.
Jan 04, 2023 21:12:20.998 [0x40068d3b38] WARN - [EventSourceClient/pubsub/178.79.165.194:443] MyPlex: attempted a reachability check but we're not yet mapped.
Jan 04, 2023 21:12:20.999 [0x40068d3b38] DEBUG - [EventSourceClient/pubsub/178.79.165.194:443] Successfully connected to 178.79.165.194.
Jan 04, 2023 21:12:22.249 [0x4008142b38] DEBUG - [HttpClient/HCl#a] HTTP simulating 408 after curl timeout
Jan 04, 2023 21:12:22.249 [0x400834eb38] DEBUG - [MediaProviderManager] loading cloud provider details (Movies & TV) (alive: 0)
Jan 04, 2023 21:12:22.249 [0x400834eb38] DEBUG - [MediaProviderManager/HCl#18] HTTP requesting GET https://vod.provider.plex.tv
Jan 04, 2023 21:12:23.200 [0x400a127b38] DEBUG - Request: [127.0.0.1:58236 (Loopback)] GET /system/messaging/clear_events/com.plexapp.agents.imdb (2 live) #11 GZIP Signed-in Token (ayoub.bo8)
Jan 04, 2023 21:12:23.209 [0x400a127b38] DEBUG - [Req#11] [com.plexapp.system] Sending command over HTTP (GET): /system/messaging/clear_events/com.plexapp.agents.imdb
Jan 04, 2023 21:12:23.210 [0x400a127b38] DEBUG - [Req#11/HCl#1b] HTTP requesting GET http://127.0.0.1:38137/system/messaging/clear_events/com.plexapp.agents.imdb
Jan 04, 2023 21:12:23.386 [0x4008142b38] DEBUG - [HttpClient/HCl#1b] HTTP/1.1 (0.2s) 200 response from GET http://127.0.0.1:38137/system/messaging/clear_events/com.plexapp.agents.imdb (reused)
Jan 04, 2023 21:12:23.386 [0x400a127b38] DEBUG - [Req#11] [com.plexapp.system] HTTP reply status 200, with 0 bytes of content.
Jan 04, 2023 21:12:23.392 [0x4006ad6b38] DEBUG - Completed: [127.0.0.1:58236] 200 GET /system/messaging/clear_events/com.plexapp.agents.imdb (2 live) GZIP 193ms 280 bytes
Jan 04, 2023 21:12:23.485 [0x400aea6b38] DEBUG - NetworkServiceBrowser: SERVER arrived: 127.0.0.1 (Onichan1)
Jan 04, 2023 21:12:23.485 [0x400aea6b38] DEBUG - Notifying the system bundle an update to server /system/notify/serverUpdated?host=127.0.0.1
Jan 04, 2023 21:12:23.485 [0x400aea6b38] DEBUG - [com.plexapp.system] Sending command over HTTP (GET): /system/notify/serverUpdated?host=127.0.0.1
Jan 04, 2023 21:12:23.487 [0x400aea6b38] DEBUG - [HCl#1c] HTTP requesting GET http://127.0.0.1:38137/system/notify/serverUpdated?host=127.0.0.1
Jan 04, 2023 21:12:23.634 [0x4009ee1b38] DEBUG - Request: [127.0.0.1:58240 (Loopback)] GET /servers (2 live) #16 GZIP Signed-in Token (ayoub.bo8)
Jan 04, 2023 21:12:23.644 [0x40068d3b38] DEBUG - Completed: [127.0.0.1:58240] 200 GET /servers (2 live) GZIP 21ms 489 bytes
Jan 04, 2023 21:12:23.697 [0x4008142b38] DEBUG - [HttpClient/HCl#1c] HTTP/1.1 (0.2s) 200 response from GET http://127.0.0.1:38137/system/notify/serverUpdated?host=127.0.0.1
Jan 04, 2023 21:12:23.698 [0x400aea6b38] DEBUG - [com.plexapp.system] HTTP reply status 200, with 0 bytes of content.
Jan 04, 2023 21:12:24.069 [0x400a127b38] DEBUG - Request: [127.0.0.1:58252 (Loopback)] GET /:/plugins/com.plexapp.system/resourceHashes (2 live) #18 GZIP Signed-in Token (ayoub.bo8)
Jan 04, 2023 21:12:24.071 [0x400a127b38] DEBUG - [Req#18] [com.plexapp.system] Sending command over HTTP (GET): /:/plugins/com.plexapp.system/resourceHashes
Jan 04, 2023 21:12:24.071 [0x400a127b38] DEBUG - [Req#18/HCl#1d] HTTP requesting GET http://127.0.0.1:38137/:/plugins/com.plexapp.system/resourceHashes
Jan 04, 2023 21:12:24.253 [0x4008142b38] DEBUG - [HttpClient/HCl#1d] HTTP/1.1 (0.2s) 404 response from GET http://127.0.0.1:38137/:/plugins/com.plexapp.system/resourceHashes (reused)
Jan 04, 2023 21:12:24.253 [0x400a127b38] DEBUG - [Req#18] [com.plexapp.system] HTTP reply status 404, with 0 bytes of content.
Jan 04, 2023 21:12:24.254 [0x40068d3b38] DEBUG - Completed: [127.0.0.1:58252] 404 GET /:/plugins/com.plexapp.system/resourceHashes (2 live) GZIP 185ms 261 bytes
Jan 04, 2023 21:12:24.364 [0x4009ee1b38] DEBUG - Request: [127.0.0.1:58268 (Loopback)] GET /:/plugins/com.plexapp.system/messaging/function/X0J1bmRsZVNlcnZpY2U6QWxsU2VydmljZXM_/Y2VyZWFsMQoxCmxpc3QKMApyMAo_/Y2VyZWFsMQoxCmRpY3QKMApyMAo_ (2 live) #1a GZIP Signed-in Token (ayoub.bo8)
Jan 04, 2023 21:12:24.365 [0x4009ee1b38] DEBUG - [Req#1a] [com.plexapp.system] Sending command over HTTP (GET): /:/plugins/com.plexapp.system/messaging/function/X0J1bmRsZVNlcnZpY2U6QWxsU2VydmljZXM_/Y2VyZWFsMQoxCmxpc3QKMApyMAo_/Y2VyZWFsMQoxCmRpY3QKMApyMAo_
Jan 04, 2023 21:12:24.366 [0x4009ee1b38] DEBUG - [Req#1a/HCl#1e] HTTP requesting GET http://127.0.0.1:38137/:/plugins/com.plexapp.system/messaging/function/X0J1bmRsZVNlcnZpY2U6QWxsU2VydmljZXM_/Y2VyZWFsMQoxCmxpc3QKMApyMAo_/Y2VyZWFsMQoxCmRpY3QKMApyMAo_
Jan 04, 2023 21:12:24.383 [0x400a127b38] DEBUG - Request: [127.0.0.1:58274 (Loopback)] GET / (3 live) #1c GZIP Signed-in Token (ayoub.bo8)
Jan 04, 2023 21:12:24.411 [0x40068d3b38] DEBUG - Completed: [127.0.0.1:58274] 200 GET / (3 live) GZIP 31ms 3268 bytes
Jan 04, 2023 21:12:24.441 [0x4008142b38] DEBUG - [HttpClient/HCl#1e] HTTP/1.1 (0.1s) 200 response from GET http://127.0.0.1:38137/:/plugins/com.plexapp.system/messaging/function/X0J1bmRsZVNlcnZpY2U6QWxsU2VydmljZXM_/Y2VyZWFsMQoxCmxpc3QKMApyMAo_/Y2VyZWFsMQoxCmRpY3QKMApyMAo_
Jan 04, 2023 21:12:24.441 [0x4009ee1b38] DEBUG - [Req#1a] [com.plexapp.system] HTTP reply status 200, with 516 bytes of content.
Jan 04, 2023 21:12:24.444 [0x40068d3b38] DEBUG - Completed: [127.0.0.1:58268] 200 GET /:/plugins/com.plexapp.system/messaging/function/X0J1bmRsZVNlcnZpY2U6QWxsU2VydmljZXM_/Y2VyZWFsMQoxCmxpc3QKMApyMAo_/Y2VyZWFsMQoxCmRpY3QKMApyMAo_ (2 live) GZIP 79ms 746 bytes
Jan 04, 2023 21:12:24.824 [0x400a127b38] DEBUG - Request: [127.0.0.1:58286 (Loopback)] GET /identity (2 live) #1d Signed-in
Jan 04, 2023 21:12:24.826 [0x4006ad6b38] DEBUG - Completed: [127.0.0.1:58286] 200 GET /identity (2 live) 1ms 398 bytes (pipelined: 1)
Jan 04, 2023 21:12:25.456 [0x4007f0ab38] DEBUG - [PubsubServerManager/process/HCl#1f] HTTP requesting GET https://plex.tv/services/pubsub/servers
Jan 04, 2023 21:12:25.507 [0x4008142b38] DEBUG - [HttpClient/HCl#1f] HTTP/2.0 (0.1s) 200 response from GET https://plex.tv/services/pubsub/servers (reused)
Jan 04, 2023 21:12:25.714 [0x400d0acb38] DEBUG - DVR:Device: Discovering and refreshing all devices.
Jan 04, 2023 21:12:25.716 [0x400d0acb38] DEBUG - Grabber: HDHomerun discovered 0 compatible devices.
Jan 04, 2023 21:12:25.718 [0x400d0acb38] DEBUG - [HCl#20] HTTP requesting POST http://127.0.0.1:32600/devices/discover
Jan 04, 2023 21:12:26.373 [0x4007f0ab38] DEBUG - [PubsubServerManager/process] Time to connect to 139.162.219.82 was 84 ms.
Jan 04, 2023 21:12:26.374 [0x4007f0ab38] DEBUG - [PubsubServerManager/process] Time to connect to 178.79.165.194 was 95 ms.
Jan 04, 2023 21:12:26.374 [0x4007f0ab38] DEBUG - [PubsubServerManager/process] Time to connect to 172.104.145.70 was 96 ms.
Jan 04, 2023 21:12:26.374 [0x4007f0ab38] DEBUG - [PubsubServerManager/process] Time to connect to 50.116.51.249 was 377 ms.
Jan 04, 2023 21:12:26.374 [0x4007f0ab38] DEBUG - [PubsubServerManager/process] Time to connect to 172.105.13.59 was 384 ms.
Jan 04, 2023 21:12:26.374 [0x4007f0ab38] DEBUG - [PubsubServerManager/process] Time to connect to 45.79.197.58 was 404 ms.
Jan 04, 2023 21:12:26.374 [0x4007f0ab38] DEBUG - [PubsubServerManager/process] Time to connect to 45.33.125.156 was 445 ms.
Jan 04, 2023 21:12:26.374 [0x4007f0ab38] DEBUG - [PubsubServerManager/process] Time to connect to 184.105.148.117 was 489 ms.
Jan 04, 2023 21:12:26.374 [0x4007f0ab38] DEBUG - [PubsubServerManager/process] Time to connect to 139.162.120.52 was 840 ms.
Jan 04, 2023 21:12:26.374 [0x4007f0ab38] DEBUG - [PubsubServerManager/process] Time to connect to 139.162.20.120 was 855 ms.
Jan 04, 2023 21:12:26.391 [0x4007f0ab38] DEBUG - [PubsubServerManager/process] Updating best ping time for 178.79.165.194 to 95 ms.
Jan 04, 2023 21:12:27.873 [0x4009ee1b38] DEBUG - Request: [127.0.0.1:54616 (Loopback)] GET /:/plugins/com.plexapp.system/messaging/function/X0FnZW50U2VydmljZTpVcGRhdGVJbmZv/Y2VyZWFsMQoxCmxpc3QKMApyMAo_/Y2VyZWFsMQo3CmRpY3QKbGlzdApkaWN0Cmxpc3QKbGlzdApsaXN0Cmxpc3QKMgpzMjMKY29tLnBsZXhhcHAuYWdlbnRzLmltZGJzMTAKaWRlbnRpZmllcnIxCnMxMAphZ2VudF9pbmZvMQpyMgoxMApyMwpzMTEKbWVkaWFfdHlwZXNyNApzMTIKYWNjZXB0c19mcm9tbnMxNApmYWxsYmFja19hZ2VudHI1CnMxNApjb250cmlidXRlc190b3I2CnM5Cmxhbmd1YWdlc2IxczIwCnBlcnNpc3Rfc3RvcmVkX2ZpbGVzaTAKczcKdmVyc2lvbmIxczE2CnByaW1hcnlfcHJvdmlkZXJiMXM1CnByZWZzczEwClBsZXggTW92aWVzNApuYW1lMQpzNQpNb3ZpZTEKczI5CmNvbS5wbGV4YXBwLmFnZW50cy5sb2NhbG1lZGlhMQpzMjkKY29tLnBsZXhhcHAuYWdlbnRzLnRoZW1vdmllZGIzMwpzMgplbnMyCnN2czIKZnJzMgplc3MyCm5sczIKZGVzMgppdHMyCmRhczIKYXJzMgpjYXMyCnpoczIKY3NzMgpldHMyCmZpczIKZWxzMgpoZXMyCmhpczIKaHVzMgppZHMyCmphczIKa29zMgpsdnMyCm5vczIKZmFzMgpwbHMyCnB0czIKcm9zMgpydXMyCnNrczIKdGhzMgp0cnMyCnVrczIKdmlyMAo_ (2 live) #20 GZIP Signed-in Token (ayoub.bo8)
Jan 04, 2023 21:12:27.874 [0x4009ee1b38] DEBUG - [Req#20] [com.plexapp.system] Sending command over HTTP (GET): /:/plugins/com.plexapp.system/messaging/function/X0FnZW50U2VydmljZTpVcGRhdGVJbmZv/Y2VyZWFsMQoxCmxpc3QKMApyMAo_/Y2VyZWFsMQo3CmRpY3QKbGlzdApkaWN0Cmxpc3QKbGlzdApsaXN0Cmxpc3QKMgpzMjMKY29tLnBsZXhhcHAuYWdlbnRzLmltZGJzMTAKaWRlbnRpZmllcnIxCnMxMAphZ2VudF9pbmZvMQpyMgoxMApyMwpzMTEKbWVkaWFfdHlwZXNyNApzMTIKYWNjZXB0c19mcm9tbnMxNApmYWxsYmFja19hZ2VudHI1CnMxNApjb250cmlidXRlc190b3I2CnM5Cmxhbmd1YWdlc2IxczIwCnBlcnNpc3Rfc3RvcmVkX2ZpbGVzaTAKczcKdmVyc2lvbmIxczE2CnByaW1hcnlfcHJvdmlkZXJiMXM1CnByZWZzczEwClBsZXggTW92aWVzNApuYW1lMQpzNQpNb3ZpZTEKczI5CmNvbS5wbGV4YXBwLmFnZW50cy5sb2NhbG1lZGlhMQpzMjkKY29tLnBsZXhhcHAuYWdlbnRzLnRoZW1vdmllZGIzMwpzMgplbnMyCnN2czIKZnJzMgplc3MyCm5sczIKZGVzMgppdHMyCmRhczIKYXJzMgpjYXMyCnpoczIKY3NzMgpldHMyCmZpczIKZWxzMgpoZXMyCmhpczIKaHVzMgppZHMyCmphczIKa29zMgpsdnMyCm5vczIKZmFzMgpwbHMyCnB0czIKcm9zMgpydXMyCnNrczIKdGhzMgp0cnMyCnVrczIKdmlyMAo_
Jan 04, 2023 21:12:27.875 [0x4009ee1b38] DEBUG - [Req#20/HCl#21] HTTP requesting GET http://127.0.0.1:38137/:/plugins/com.plexapp.system/messaging/function/X0FnZW50U2VydmljZTpVcGRhdGVJbmZv/Y2VyZWFsMQoxCmxpc3QKMApyMAo_/Y2VyZWFsMQo3CmRpY3QKbGlzdApkaWN0Cmxpc3QKbGlzdApsaXN0Cmxpc3QKMgpzMjMKY29tLnBsZXhhcHAuYWdlbnRzLmltZGJzMTAKaWRlbnRpZmllcnIxCnMxMAphZ2VudF9pbmZvMQpyMgoxMApyMwpzMTEKbWVkaWFfdHlwZXNyNApzMTIKYWNjZXB0c19mcm9tbnMxNApmYWxsYmFja19hZ2VudHI1CnMxNApjb250cmlidXRlc190b3I2CnM5Cmxhbmd1YWdlc2IxczIwCnBlcnNpc3Rfc3RvcmVkX2ZpbGVzaTAKczcKdmVyc2lvbmIxczE2CnByaW1hcnlfcHJvdmlkZXJiMXM1CnByZWZzczEwClBsZXggTW92aWVzNApuYW1lMQpzNQpNb3ZpZTEKczI5CmNvbS5wbGV4YXBwLmFnZW50cy5sb2NhbG1lZGlhMQpzMjkKY29tLnBsZXhhcHAuYWdlbnRzLnRoZW1vdmllZGIzMwpzMgplbnMyCnN2czIKZnJzMgplc3MyCm5sczIKZGVzMgppdHMyCmRhczIKYXJzMgpjYXMyCnpoczIKY3NzMgpldHMyCmZpczIKZWxzMgpoZXMyCmhpczIKaHVzMgppZHMyCmphczIKa29zMgpsdnMyCm5vczIKZmFzMgpwbHMyCnB0czIKcm9zMgpydXMyCnNrczIKdGhzMgp0cnMyCnVrczIKdmlyMAo_
Jan 04, 2023 21:12:27.942 [0x4008142b38] DEBUG - [HttpClient/HCl#21] HTTP/1.1 (0.1s) 200 response from GET http://127.0.0.1:38137/:/plugins/com.plexapp.system/messaging/function/X0FnZW50U2VydmljZTpVcGRhdGVJbmZv/Y2VyZWFsMQoxCmxpc3QKMApyMAo_/Y2VyZWFsMQo3CmRpY3QKbGlzdApkaWN0Cmxpc3QKbGlzdApsaXN0Cmxpc3QKMgpzMjMKY29tLnBsZXhhcHAuYWdlbnRzLmltZGJzMTAKaWRlbnRpZmllcnIxCnMxMAphZ2VudF9pbmZvMQpyMgoxMApyMwpzMTEKbWVkaWFfdHlwZXNyNApzMTIKYWNjZXB0c19mcm9tbnMxNApmYWxsYmFja19hZ2VudHI1CnMxNApjb250cmlidXRlc190b3I2CnM5Cmxhbmd1YWdlc2IxczIwCnBlcnNpc3Rfc3RvcmVkX2ZpbGVzaTAKczcKdmVyc2lvbmIxczE2CnByaW1hcnlfcHJvdmlkZXJiMXM1CnByZWZzczEwClBsZXggTW92aWVzNApuYW1lMQpzNQpNb3ZpZTEKczI5CmNvbS5wbGV4YXBwLmFnZW50cy5sb2NhbG1lZGlhMQpzMjkKY29tLnBsZXhhcHAuYWdlbnRzLnRoZW1vdmllZGIzMwpzMgplbnMyCnN2czIKZnJzMgplc3MyCm5sczIKZGVzMgppdHMyCmRhczIKYXJzMgpjYXMyCnpoczIKY3NzMgpldHMyCmZpczIKZWxzMgpoZXMyCmhpczIKaHVzMgppZHMyCmphczIKa29zMgpsdnMyCm5vczIKZmFzMgpwbHMyCnB0czIKcm9zMgpydXMyCnNrczIKdGhzMgp0cnMyCnVrczIKdmlyMAo_
Jan 04, 2023 21:12:27.943 [0x4009ee1b38] DEBUG - [Req#20] [com.plexapp.system] HTTP reply status 200, with 16 bytes of content.
Jan 04, 2023 21:12:27.944 [0x40068d3b38] DEBUG - Completed: [127.0.0.1:54616] 200 GET /:/plugins/com.plexapp.system/messaging/function/X0FnZW50U2VydmljZTpVcGRhdGVJbmZv/Y2VyZWFsMQoxCmxpc3QKMApyMAo_/Y2VyZWFsMQo3CmRpY3QKbGlzdApkaWN0Cmxpc3QKbGlzdApsaXN0Cmxpc3QKMgpzMjMKY29tLnBsZXhhcHAuYWdlbnRzLmltZGJzMTAKaWRlbnRpZmllcnIxCnMxMAphZ2VudF9pbmZvMQpyMgoxMApyMwpzMTEKbWVkaWFfdHlwZXNyNApzMTIKYWNjZXB0c19mcm9tbnMxNApmYWxsYmFja19hZ2VudHI1CnMxNApjb250cmlidXRlc190b3I2CnM5Cmxhbmd1YWdlc2IxczIwCnBlcnNpc3Rfc3RvcmVkX2ZpbGVzaTAKczcKdmVyc2lvbmIxczE2CnByaW1hcnlfcHJvdmlkZXJiMXM1CnByZWZzczEwClBsZXggTW92aWVzNApuYW1lMQpzNQpNb3ZpZTEKczI5CmNvbS5wbGV4YXBwLmFnZW50cy5sb2NhbG1lZGlhMQpzMjkKY29tLnBsZXhhcHAuYWdlbnRzLnRoZW1vdmllZGIzMwpzMgplbnMyCnN2czIKZnJzMgplc3MyCm5sczIKZGVzMgppdHMyCmRhczIKYXJzMgpjYXMyCnpoczIKY3NzMgpldHMyCmZpczIKZWxzMgpoZXMyCmhpczIKaHVzMgppZHMyCmphczIKa29zMgpsdnMyCm5vczIKZmFzMgpwbHMyCnB0czIKcm9zMgpydXMyCnNrczIKdGhzMgp0cnMyCnVrczIKdmlyMAo_ (2 live) GZIP 71ms 415 bytes
Jan 04, 2023 21:12:28.116 [0x4009c71b38] DEBUG - [Req#10] Reading 148 bytes in the body, code is 200
Jan 04, 2023 21:12:28.120 [0x4009c71b38] DEBUG - [Req#10] [com.plexapp.agents.imdb] Plug-in running on port 46419.
Jan 04, 2023 21:12:28.121 [0x4009c71b38] DEBUG - [Req#10] Read configuration for [com.plexapp.agents.imdb], had 0 prefixes
Jan 04, 2023 21:12:28.126 [0x4009c71b38] DEBUG - [Req#10] [com.plexapp.agents.imdb] Sending command over HTTP (GET): /:/plugins/com.plexapp.agents.imdb/prefs
Jan 04, 2023 21:12:28.127 [0x4009c71b38] DEBUG - [Req#10/HCl#22] HTTP requesting GET http://127.0.0.1:46419/:/plugins/com.plexapp.agents.imdb/prefs
Jan 04, 2023 21:12:28.233 [0x4008142b38] DEBUG - [HttpClient/HCl#20] HTTP/1.1 (2.5s) 200 response from POST http://127.0.0.1:32600/devices/discover
Jan 04, 2023 21:12:28.262 [0x4008142b38] DEBUG - [HttpClient/HCl#22] HTTP/1.1 (0.1s) 200 response from GET http://127.0.0.1:46419/:/plugins/com.plexapp.agents.imdb/prefs
Jan 04, 2023 21:12:28.263 [0x4009c71b38] DEBUG - [Req#10] [com.plexapp.agents.imdb] HTTP reply status 200, with 2224 bytes of content.
Jan 04, 2023 21:12:28.266 [0x4009c71b38] DEBUG - Caching document http://127.0.0.1:32400/:/plugins/com.plexapp.agents.imdb/prefs as c70378361c8ed2feee9307ea5b5c75bca314aac0
Jan 04, 2023 21:12:28.270 [0x4009c71b38] DEBUG - IVA: Downloading trailer lists.
Jan 04, 2023 21:12:29.467 [0x400c5bcb38] DEBUG - Grabber: Cleaning up orphaned grabs.
Jan 04, 2023 21:12:29.487 [0x400c5bcb38] DEBUG - Grabber: Cleaned up 0 decrepit directories in 0.0 sec.
Jan 04, 2023 21:12:29.506 [0x400c5bcb38] DEBUG - Activity: registered new activity fef90de3-d621-4322-b744-f289dacb5fb6 - "Processing subscriptions"
Jan 04, 2023 21:12:29.506 [0x400c5bcb38] DEBUG - Subscription: Scheduling subscriptions.
Jan 04, 2023 21:12:29.508 [0x400c5bcb38] DEBUG - Subscription: Initialized 0 schedulers.
Jan 04, 2023 21:12:29.509 [0x400c5bcb38] DEBUG - Subscription: Starting with 0 grabs, scheduled 0 active ones preemptively.
Jan 04, 2023 21:12:29.511 [0x400c5bcb38] DEBUG - Subscription: Scheduled all subscriptions in 4 ms.
Jan 04, 2023 21:12:29.525 [0x400c5bcb38] DEBUG - Activity: Ended activity fef90de3-d621-4322-b744-f289dacb5fb6.
Jan 04, 2023 21:12:29.534 [0x400c5bcb38] DEBUG - Subscription: There are 0 active grabs at the end.
Jan 04, 2023 21:12:29.546 [0x400c5bcb38] DEBUG - Activity: Ended activity 1f414341-aa89-4555-be98-97b40145559b.
Jan 04, 2023 21:12:29.564 [0x400c5bcb38] DEBUG - Subscription: Refreshed all content in 113 ms.
Jan 04, 2023 21:12:29.853 [0x4008142b38] DEBUG - [HttpClient/HCl#18] HTTP simulating 408 after curl timeout
Jan 04, 2023 21:12:29.868 [0x400834eb38] DEBUG - [MediaProviderManager] we had 0 cloud providers online, we now have 0
Jan 04, 2023 21:12:29.871 [0x400834eb38] DEBUG - [MediaProviderManager/HCl#24] HTTP requesting GET https://plex.tv/media/providers?X-Plex-Token=xxxxxxxxxxxxxxxxxxxx
Jan 04, 2023 21:12:29.924 [0x4008142b38] DEBUG - [HttpClient/HCl#24] HTTP/2.0 (0.0s) 200 response from GET https://plex.tv/media/providers?X-Plex-Token=xxxxxxxxxxxxxxxxxxxx (reused)
Jan 04, 2023 21:12:29.925 [0x400834eb38] DEBUG - [MediaProviderManager] discovered cloud provider (Movies & TV)
Jan 04, 2023 21:12:29.925 [0x400834eb38] DEBUG - [MediaProviderManager] discovered cloud provider (Music)
Jan 04, 2023 21:12:29.926 [0x400834eb38] DEBUG - [MediaProviderManager] discovered cloud provider (Metadata)
Jan 04, 2023 21:12:29.926 [0x400834eb38] DEBUG - [MediaProviderManager] loading cloud provider details (Metadata) (alive: 0)
Jan 04, 2023 21:12:29.927 [0x400d0acb38] DEBUG - [MediaProviderManager/HCl#25] HTTP requesting GET https://vod.provider.plex.tv
Jan 04, 2023 21:12:29.927 [0x400c173b38] DEBUG - [MediaProviderManager/HCl#27] HTTP requesting GET https://music.provider.plex.tv
Jan 04, 2023 21:12:30.153 [0x400a127b38] DEBUG - Request: [127.0.0.1:54628 (Loopback)] GET /identity (2 live) #23 Signed-in
Jan 04, 2023 21:12:30.154 [0x4006ad6b38] DEBUG - Completed: [127.0.0.1:54628] 200 GET /identity (2 live) 1ms 398 bytes (pipelined: 1)
Jan 04, 2023 21:12:30.456 [0x400ce8fb38] DEBUG - [HCl#29] HTTP requesting GET https://plex.tv/api/resources.xml?includeHttps=1&includeRelay=1&auth_token=xxxxxxxxxxxxxxxxxxxx
Jan 04, 2023 21:12:30.475 [0x4009434b38] DEBUG - NAT: UPnP, didn't find usable IGD.
Jan 04, 2023 21:12:30.475 [0x4009434b38] DEBUG - NAT: PMP, attempting mapping.
Jan 04, 2023 21:12:30.517 [0x4008142b38] DEBUG - [HttpClient/HCl#29] HTTP/2.0 (0.1s) 200 response from GET https://plex.tv/api/resources.xml?includeHttps=1&includeRelay=1&auth_token=xxxxxxxxxxxxxxxxxxxx (reused)
Jan 04, 2023 21:12:30.524 [0x400ce8fb38] DEBUG - Media Server: Tested all servers in 0.0 seconds.
Jan 04, 2023 21:12:30.730 [0x4009434b38] WARN - NAT: PMP, got an error: Not Supported by gateway.
Jan 04, 2023 21:12:30.730 [0x4009434b38] DEBUG - NAT: UPnP, attempting port mapping.
Jan 04, 2023 21:12:30.770 [0x40071adb38] DEBUG - NAT: UPnP, getPublicIP didn't find usable IGD.
Jan 04, 2023 21:12:31.022 [0x40071adb38] WARN - NAT: PMP, got an error: Not Supported by gateway.
Jan 04, 2023 21:12:31.040 [0x40071adb38] DEBUG - MyPlex: sendMapping resetting state - previous mapping state: 'Not Mapped'.
Jan 04, 2023 21:12:31.040 [0x40071adb38] DEBUG - MyPlex: mapping state set to 'Unknown'.
Jan 04, 2023 21:12:31.058 [0x40071adb38] DEBUG - MyPlex: Sending Server Info to myPlex (user=ayoub.bouzalmad@gmail.com, ip=90.22.178.93, port=0)
Jan 04, 2023 21:12:31.059 [0x40071adb38] DEBUG - [HCl#2a] HTTP requesting POST https://plex.tv/servers.xml?auth_token=xxxxxxxxxxxxxxxxxxxx
Jan 04, 2023 21:12:31.190 [0x4008142b38] DEBUG - [HttpClient/HCl#2a] HTTP/2.0 (0.1s) 422 response from POST https://plex.tv/servers.xml?auth_token=xxxxxxxxxxxxxxxxxxxx (reused)
Jan 04, 2023 21:12:31.191 [0x40071adb38] DEBUG - MyPlex: Published Mapping State response was 422
Jan 04, 2023 21:12:31.191 [0x40071adb38] DEBUG - MyPlex: Got response for 9449cbc9ca788c4ad1934f7dda63226ffd1e1d27 ~ registered :0
Jan 04, 2023 21:12:31.191 [0x40071adb38] DEBUG - MyPlex: updating mapped state - current state: 'Not Mapped'
Jan 04, 2023 21:12:31.191 [0x40071adb38] DEBUG - MyPlex: mapping state set to 'Not Mapped'.
Jan 04, 2023 21:12:31.196 [0x40071adb38] DEBUG - MyPlex: Updating device connections (from timer: 0)
Jan 04, 2023 21:12:31.198 [0x40071adb38] DEBUG - [HCl#2b] HTTP requesting PUT https://plex.tv/devices/9449cbc9ca788c4ad1934f7dda63226ffd1e1d27?Connection[][uri]=http://172.27.0.6:32400&httpsEnabled=1&httpsRequired=0&dnsRebindingProtection=0&natLoopbackSupported=0&X-Plex-Token=xxxxxxxxxxxxxxxxxxxx
Jan 04, 2023 21:12:31.256 [0x4008142b38] DEBUG - [HttpClient/HCl#2b] HTTP/2.0 (0.1s) 200 response from PUT https://plex.tv/devices/9449cbc9ca788c4ad1934f7dda63226ffd1e1d27?Connection[][uri]=http://172.27.0.6:32400&httpsEnabled=1&httpsRequired=0&dnsRebindingProtection=0&natLoopbackSupported=0&X-Plex-Token=xxxxxxxxxxxxxxxxxxxx (reused)
Jan 04, 2023 21:12:35.361 [0x400c5bcb38] DEBUG - [HCl#2c] HTTP requesting GET https://plex.tv/api/v2/shared_sources/owned?machineIdentifier=9449cbc9ca788c4ad1934f7dda63226ffd1e1d27
Jan 04, 2023 21:12:35.407 [0x4008142b38] DEBUG - [HttpClient/HCl#2c] HTTP/2.0 (0.0s) 200 response from GET https://plex.tv/api/v2/shared_sources/owned?machineIdentifier=9449cbc9ca788c4ad1934f7dda63226ffd1e1d27 (reused)
Jan 04, 2023 21:12:35.426 [0x400c5bcb38] DEBUG - [HCl#2d] HTTP requesting GET https://plex.tv/api/v2/server/access_tokens?auth_token=xxxxxxxxxxxxxxxxxxxx
Jan 04, 2023 21:12:35.474 [0x4008142b38] DEBUG - [HttpClient/HCl#2d] HTTP/2.0 (0.0s) 200 response from GET https://plex.tv/api/v2/server/access_tokens?auth_token=xxxxxxxxxxxxxxxxxxxx (reused)
Jan 04, 2023 21:12:35.501 [0x400c5bcb38] DEBUG - MyPlex: updating with 3 access tokens
Jan 04, 2023 21:12:35.502 [0x400c5bcb38] DEBUG - [HCl#2e] HTTP requesting GET https://plex.tv/api/v2/server/users?auth_token=xxxxxxxxxxxxxxxxxxxx
Jan 04, 2023 21:12:35.535 [0x4009ee1b38] DEBUG - Request: [127.0.0.1:39898 (Loopback)] GET /identity (2 live) #26 Signed-in
Jan 04, 2023 21:12:35.536 [0x40068d3b38] DEBUG - Completed: [127.0.0.1:39898] 200 GET /identity (2 live) 2ms 398 bytes (pipelined: 1)
Jan 04, 2023 21:12:35.553 [0x4008142b38] DEBUG - [HttpClient/HCl#2e] HTTP/2.0 (0.1s) 200 response from GET https://plex.tv/api/v2/server/users?auth_token=xxxxxxxxxxxxxxxxxxxx (reused)
Jan 04, 2023 21:12:35.582 [0x400a3c0b38] DEBUG - [HCl#2f] HTTP requesting GET https://plex.tv/api/v2/server/users/subscriptions?auth_token=xxxxxxxxxxxxxxxxxxxx
Jan 04, 2023 21:12:35.624 [0x4008142b38] DEBUG - [HttpClient/HCl#2f] HTTP/2.0 (0.0s) 200 response from GET https://plex.tv/api/v2/server/users/subscriptions?auth_token=xxxxxxxxxxxxxxxxxxxx (reused)
Jan 04, 2023 21:12:35.675 [0x40091e1b38] DEBUG - MyPlex: using cached data for request for https://plex.tv/api/v2/server/users/services?auth_token=xxxxxxxxxxxxxxxxxxxx
Jan 04, 2023 21:12:37.534 [0x4008142b38] DEBUG - [HttpClient/HCl#25] HTTP simulating 408 after curl timeout
Jan 04, 2023 21:12:37.535 [0x400834eb38] DEBUG - [MediaProviderManager] loading cloud provider details (Music) (alive: 0)
Jan 04, 2023 21:12:37.535 [0x4008142b38] DEBUG - [HttpClient/HCl#27] HTTP simulating 408 after curl timeout
Jan 04, 2023 21:12:37.536 [0x400834eb38] DEBUG - [MediaProviderManager/HCl#30] HTTP requesting GET https://music.provider.plex.tv
Jan 04, 2023 21:12:39.637 [0x400a3c0b38] ERROR - HTTP 408 downloading url https://meta.plex.tv/t/theater?language=C.&subtitleLanguage=C.&redband=0
Jan 04, 2023 21:12:39.657 [0x4009c71b38] ERROR - IVA: Error downloading trailers for source 1.
Jan 04, 2023 21:12:40.885 [0x4009ee1b38] DEBUG - Request: [127.0.0.1:39900 (Loopback)] GET /identity (2 live) #2b Signed-in
Jan 04, 2023 21:12:40.888 [0x40068d3b38] DEBUG - Completed: [127.0.0.1:39900] 200 GET /identity (2 live) 2ms 398 bytes (pipelined: 1)
Jan 04, 2023 21:12:42.751 [0x4009434b38] DEBUG - NAT: UPnP, didn't find usable IGD.
Jan 04, 2023 21:12:42.753 [0x4009434b38] DEBUG - PublicAddressManager: Mapping failed.
Jan 04, 2023 21:12:42.794 [0x4009434b38] DEBUG - MyPlex: mapping state set to 'Mapped - Not Published'.
Jan 04, 2023 21:12:42.794 [0x4009434b38] DEBUG - MyPlex: sendMapping resetting state - previous mapping state: 'Mapped - Not Published'.
Jan 04, 2023 21:12:42.794 [0x4009434b38] DEBUG - MyPlex: mapping state set to 'Unknown'.
Jan 04, 2023 21:12:42.823 [0x4009434b38] DEBUG - MyPlex: Sending Server Info to myPlex (user=ayoub.bouzalmad@gmail.com, ip=90.22.178.93, port=0)
Jan 04, 2023 21:12:42.824 [0x4009434b38] DEBUG - [HCl#32] HTTP requesting POST https://plex.tv/servers.xml?auth_token=xxxxxxxxxxxxxxxxxxxx
Jan 04, 2023 21:12:42.968 [0x4008142b38] DEBUG - [HttpClient/HCl#32] HTTP/2.0 (0.1s) 422 response from POST https://plex.tv/servers.xml?auth_token=xxxxxxxxxxxxxxxxxxxx (reused)
Jan 04, 2023 21:12:42.969 [0x4009434b38] DEBUG - MyPlex: Published Mapping State response was 422
Jan 04, 2023 21:12:42.969 [0x4009434b38] DEBUG - MyPlex: Got response for 9449cbc9ca788c4ad1934f7dda63226ffd1e1d27 ~ registered :0
Jan 04, 2023 21:12:42.969 [0x4009434b38] DEBUG - MyPlex: updating mapped state - current state: 'Mapped - Not Published'
Jan 04, 2023 21:12:42.969 [0x4009434b38] DEBUG - MyPlex: mapping state set to 'Mapped - Publishing'.
Jan 04, 2023 21:12:42.969 [0x4009434b38] DEBUG - MyPlex: async reachability check - current mapped state: 'Mapped - Publishing'.
Jan 04, 2023 21:12:42.969 [0x4009434b38] DEBUG - MyPlex: Requesting reachability check.
Jan 04, 2023 21:12:42.971 [0x4009434b38] DEBUG - [HCl#33] HTTP requesting PUT https://plex.tv/api/servers/9449cbc9ca788c4ad1934f7dda63226ffd1e1d27/connectivity?X-Plex-Token=xxxxxxxxxxxxxxxxxxxx&asyncIdentifier=40ccf91a-6aeb-4c32-b5fd-88ea42a17072
Jan 04, 2023 21:12:43.018 [0x4008142b38] DEBUG - [HttpClient/HCl#33] HTTP/2.0 (0.0s) 200 response from PUT https://plex.tv/api/servers/9449cbc9ca788c4ad1934f7dda63226ffd1e1d27/connectivity?X-Plex-Token=xxxxxxxxxxxxxxxxxxxx&asyncIdentifier=40ccf91a-6aeb-4c32-b5fd-88ea42a17072 (reused)
Jan 04, 2023 21:12:43.031 [0x4009434b38] DEBUG - MyPlex: Last published value didn't change, we're done.
Jan 04, 2023 21:12:43.067 [0x40068d3b38] DEBUG - [EventSourceClient/pubsub/178.79.165.194:443] EventSource: Got event [data] '<Message address="" port="0" asyncIdentifier="40ccf91a-6aeb-4c32-b5fd-88ea42a17072" connectivity="0" command="notifyConnectivity"/>'
Jan 04, 2023 21:12:43.073 [0x40068d3b38] DEBUG - [EventSourceClient/pubsub/178.79.165.194:443] PubSub: Got notified of reachability for async identifier 40ccf91a-6aeb-4c32-b5fd-88ea42a17072: 0 for :0 (responded in 55 ms)
Jan 04, 2023 21:12:43.074 [0x40068d3b38] DEBUG - [EventSourceClient/pubsub/178.79.165.194:443] MyPlex: reachability check - current mapping state: 'Mapped - Publishing'.
Jan 04, 2023 21:12:43.074 [0x40068d3b38] DEBUG - [EventSourceClient/pubsub/178.79.165.194:443] MyPlex: mapping state set to 'Mapped - Not Published (Not Reachable)'.
Jan 04, 2023 21:12:45.145 [0x4008142b38] DEBUG - [HttpClient/HCl#30] HTTP simulating 408 after curl timeout
Jan 04, 2023 21:12:45.146 [0x400834eb38] DEBUG - [MediaProviderManager] loading cloud provider details (Movies & TV) (alive: 0)
Jan 04, 2023 21:12:45.146 [0x400834eb38] DEBUG - [MediaProviderManager/HCl#34] HTTP requesting GET https://vod.provider.plex.tv
Jan 04, 2023 21:12:46.266 [0x4009ee1b38] DEBUG - Request: [127.0.0.1:54258 (Loopback)] GET /identity (2 live) #2e Signed-in
Jan 04, 2023 21:12:46.270 [0x40068d3b38] DEBUG - Completed: [127.0.0.1:54258] 200 GET /identity (2 live) 10ms 398 bytes (pipelined: 1)
Jan 04, 2023 21:12:51.028 [0x40091e1b38] ERROR - HTTP 408 downloading url https://meta.plex.tv/t/video?language=C.&subtitleLanguage=C.&redband=0
Jan 04, 2023 21:12:51.030 [0x4009c71b38] ERROR - IVA: Error downloading trailers for source 2.
Jan 04, 2023 21:12:51.610 [0x4009ee1b38] DEBUG - Request: [127.0.0.1:54264 (Loopback)] GET /identity (2 live) #33 Signed-in
Jan 04, 2023 21:12:51.611 [0x4006ad6b38] DEBUG - Completed: [127.0.0.1:54264] 200 GET /identity (2 live) 1ms 398 bytes (pipelined: 1)
Jan 04, 2023 21:12:52.752 [0x4008142b38] DEBUG - [HttpClient/HCl#34] HTTP simulating 408 after curl timeout
Jan 04, 2023 21:12:52.758 [0x400834eb38] DEBUG - [MediaProviderManager] we had 0 cloud providers online, we now have 0
Jan 04, 2023 21:12:52.784 [0x400834eb38] DEBUG - [MediaProviderManager/HCl#35] HTTP requesting GET https://plex.tv/media/providers?X-Plex-Token=xxxxxxxxxxxxxxxxxxxx
Jan 04, 2023 21:12:52.855 [0x4008142b38] DEBUG - [HttpClient/HCl#35] HTTP/2.0 (0.1s) 200 response from GET https://plex.tv/media/providers?X-Plex-Token=xxxxxxxxxxxxxxxxxxxx (reused)
Jan 04, 2023 21:12:52.864 [0x400834eb38] DEBUG - [MediaProviderManager] discovered cloud provider (Movies & TV)
Jan 04, 2023 21:12:52.864 [0x400834eb38] DEBUG - [MediaProviderManager] discovered cloud provider (Music)
Jan 04, 2023 21:12:52.864 [0x400834eb38] DEBUG - [MediaProviderManager] discovered cloud provider (Metadata)
Jan 04, 2023 21:12:52.864 [0x400834eb38] DEBUG - [MediaProviderManager] loading cloud provider details (Metadata) (alive: 0)
Jan 04, 2023 21:12:52.865 [0x4009434b38] DEBUG - [MediaProviderManager/HCl#37] HTTP requesting GET https://music.provider.plex.tv
Jan 04, 2023 21:12:52.866 [0x4009c71b38] DEBUG - [MediaProviderManager/HCl#38] HTTP requesting GET https://vod.provider.plex.tv
Jan 04, 2023 21:12:56.974 [0x4009ee1b38] DEBUG - Request: [127.0.0.1:47812 (Loopback)] GET /identity (2 live) #36 Signed-in
Jan 04, 2023 21:12:56.977 [0x40068d3b38] DEBUG - Completed: [127.0.0.1:47812] 200 GET /identity (2 live) 3ms 398 bytes (pipelined: 1)
Jan 04, 2023 21:13:00.474 [0x4008142b38] DEBUG - [HttpClient/HCl#37] HTTP simulating 408 after curl timeout
Jan 04, 2023 21:13:00.475 [0x4008142b38] DEBUG - [HttpClient/HCl#38] HTTP simulating 408 after curl timeout
Jan 04, 2023 21:13:00.475 [0x400834eb38] DEBUG - [MediaProviderManager] loading cloud provider details (Music) (alive: 0)
Jan 04, 2023 21:13:00.480 [0x400834eb38] DEBUG - [MediaProviderManager/HCl#3a] HTTP requesting GET https://music.provider.plex.tv
Jan 04, 2023 21:13:02.289 [0x4009ee1b38] DEBUG - Request: [127.0.0.1:47824 (Loopback)] GET /identity (2 live) #39 Signed-in
Jan 04, 2023 21:13:02.290 [0x4006ad6b38] DEBUG - Completed: [127.0.0.1:47824] 200 GET /identity (2 live) 1ms 398 bytes (pipelined: 1)
Jan 04, 2023 21:13:07.629 [0x4009ee1b38] DEBUG - Request: [127.0.0.1:34826 (Loopback)] GET /identity (2 live) #3c Signed-in
Jan 04, 2023 21:13:07.632 [0x40068d3b38] DEBUG - Completed: [127.0.0.1:34826] 200 GET /identity (2 live) 3ms 398 bytes (pipelined: 1)
Jan 04, 2023 21:13:08.092 [0x4008142b38] DEBUG - [HttpClient/HCl#3a] HTTP simulating 408 after curl timeout
Jan 04, 2023 21:13:08.093 [0x400834eb38] DEBUG - [MediaProviderManager] loading cloud provider details (Movies & TV) (alive: 0)
Jan 04, 2023 21:13:08.094 [0x400834eb38] DEBUG - [MediaProviderManager/HCl#3b] HTTP requesting GET https://vod.provider.plex.tv
Jan 04, 2023 21:13:13.022 [0x4009ee1b38] DEBUG - Request: [127.0.0.1:34830 (Loopback)] GET /identity (2 live) #3f Signed-in
Jan 04, 2023 21:13:13.024 [0x4006ad6b38] DEBUG - Completed: [127.0.0.1:34830] 200 GET /identity (2 live) 3ms 398 bytes (pipelined: 1)
Jan 04, 2023 21:13:15.729 [0x4008142b38] DEBUG - [HttpClient/HCl#3b] HTTP simulating 408 after curl timeout
Jan 04, 2023 21:13:15.731 [0x400834eb38] DEBUG - [MediaProviderManager] we had 0 cloud providers online, we now have 0
Jan 04, 2023 21:13:18.394 [0x4009ee1b38] DEBUG - Request: [127.0.0.1:42038 (Loopback)] GET /identity (2 live) #42 Signed-in
Jan 04, 2023 21:13:18.397 [0x4006ad6b38] DEBUG - Completed: [127.0.0.1:42038] 200 GET /identity (2 live) 3ms 398 bytes (pipelined: 1)
Jan 04, 2023 21:13:23.630 [0x4009ee1b38] DEBUG - Request: [127.0.0.1:42040 (Loopback)] GET /identity (2 live) #45 Signed-in
Jan 04, 2023 21:13:23.630 [0x4006ad6b38] DEBUG - Completed: [127.0.0.1:42040] 200 GET /identity (2 live) 0ms 398 bytes (pipelined: 1)
Jan 04, 2023 21:13:29.161 [0x4009ee1b38] DEBUG - Request: [127.0.0.1:42826 (Loopback)] GET /identity (2 live) #48 Signed-in
Jan 04, 2023 21:13:29.167 [0x4006ad6b38] DEBUG - Completed: [127.0.0.1:42826] 200 GET /identity (2 live) 8ms 398 bytes (pipelined: 1)
Jan 04, 2023 21:13:34.814 [0x4009ee1b38] DEBUG - Request: [127.0.0.1:42830 (Loopback)] GET /identity (2 live) #4b Signed-in
Jan 04, 2023 21:13:34.818 [0x40068d3b38] DEBUG - Completed: [127.0.0.1:42830] 200 GET /identity (2 live) 5ms 398 bytes (pipelined: 1)
Jan 04, 2023 21:13:40.085 [0x4009ee1b38] DEBUG - Request: [127.0.0.1:57836 (Loopback)] GET /identity (2 live) #4e Signed-in
Jan 04, 2023 21:13:40.086 [0x4006ad6b38] DEBUG - Completed: [127.0.0.1:57836] 200 GET /identity (2 live) 0ms 398 bytes (pipelined: 1)
Jan 04, 2023 21:13:45.405 [0x4009ee1b38] DEBUG - Request: [127.0.0.1:57842 (Loopback)] GET /identity (2 live) #51 Signed-in
Jan 04, 2023 21:13:45.407 [0x4006ad6b38] DEBUG - Completed: [127.0.0.1:57842] 200 GET /identity (2 live) 3ms 398 bytes (pipelined: 1)
Jan 04, 2023 21:13:50.693 [0x4009ee1b38] DEBUG - Request: [127.0.0.1:48508 (Loopback)] GET /identity (2 live) #54 Signed-in
Jan 04, 2023 21:13:50.695 [0x40068d3b38] DEBUG - Completed: [127.0.0.1:48508] 200 GET /identity (2 live) 3ms 398 bytes (pipelined: 1)
Jan 04, 2023 21:13:55.942 [0x4009ee1b38] DEBUG - Request: [127.0.0.1:46046 (Loopback)] GET /identity (2 live) #57 Signed-in
Jan 04, 2023 21:13:55.943 [0x40068d3b38] DEBUG - Completed: [127.0.0.1:46046] 200 GET /identity (2 live) 1ms 398 bytes (pipelined: 1)
Jan 04, 2023 21:14:01.240 [0x4009ee1b38] DEBUG - Request: [127.0.0.1:46062 (Loopback)] GET /identity (2 live) #5a Signed-in
Jan 04, 2023 21:14:01.241 [0x40068d3b38] DEBUG - Completed: [127.0.0.1:46062] 200 GET /identity (2 live) 1ms 398 bytes (pipelined: 1)
Jan 04, 2023 21:14:02.643 [0x400f0bcb38] DEBUG - BPQ: [Starting] -> [Processing]
Jan 04, 2023 21:14:02.672 [0x400f0bcb38] DEBUG - BPQ: generating queue items from 0 generator(s)
Jan 04, 2023 21:14:02.672 [0x400f0bcb38] DEBUG - BPQ: generated 0 item(s) for queue
Jan 04, 2023 21:14:02.679 [0x400f0bcb38] DEBUG - PlayQueue: 0 generated IDs compressed down to a 20 byte blob.
Jan 04, 2023 21:14:02.680 [0x400f0bcb38] DEBUG - PlayQueue: 0 generated IDs compressed down to a 20 byte blob.
Jan 04, 2023 21:14:02.686 [0x400f0bcb38] DEBUG - BPQ: [Processing] -> [Idle]
Jan 04, 2023 21:14:06.480 [0x4009ee1b38] DEBUG - Request: [127.0.0.1:35484 (Loopback)] GET /identity (2 live) #5d Signed-in
Jan 04, 2023 21:14:06.480 [0x4006ad6b38] DEBUG - Completed: [127.0.0.1:35484] 200 GET /identity (2 live) 0ms 398 bytes (pipelined: 1)
Jan 04, 2023 21:14:11.755 [0x4009ee1b38] DEBUG - Request: [127.0.0.1:35500 (Loopback)] GET /identity (2 live) #60 Signed-in
Jan 04, 2023 21:14:11.756 [0x40068d3b38] DEBUG - Completed: [127.0.0.1:35500] 200 GET /identity (2 live) 1ms 398 bytes (pipelined: 1)
Jan 04, 2023 21:14:17.023 [0x4009ee1b38] DEBUG - Request: [127.0.0.1:55542 (Loopback)] GET /identity (2 live) #63 Signed-in
Jan 04, 2023 21:14:17.024 [0x40068d3b38] DEBUG - Completed: [127.0.0.1:55542] 200 GET /identity (2 live) 0ms 398 bytes (pipelined: 1)
Jan 04, 2023 21:14:18.299 [0x4009ee1b38] DEBUG - Request: [127.0.0.1:55554 (Loopback)] GET /servers (2 live) #66 GZIP Signed-in Token (ayoub.bo8)
Jan 04, 2023 21:14:18.305 [0x4006ad6b38] DEBUG - Completed: [127.0.0.1:55554] 200 GET /servers (2 live) GZIP 6ms 489 bytes
Jan 04, 2023 21:14:18.370 [0x4009ee1b38] DEBUG - Request: [127.0.0.1:55568 (Loopback)] GET / (2 live) #69 GZIP Signed-in Token (ayoub.bo8)
Jan 04, 2023 21:14:18.388 [0x4006ad6b38] DEBUG - Completed: [127.0.0.1:55568] 200 GET / (2 live) GZIP 18ms 3266 bytes
Jan 04, 2023 21:14:18.428 [0x4009ee1b38] DEBUG - Request: [127.0.0.1:55576 (Loopback)] GET /library/sections (2 live) #6b GZIP Signed-in Token (ayoub.bo8)
Jan 04, 2023 21:14:18.450 [0x4006ad6b38] DEBUG - Completed: [127.0.0.1:55576] 200 GET /library/sections (2 live) GZIP 22ms 774 bytes
Jan 04, 2023 21:14:18.478 [0x4009ee1b38] DEBUG - Request: [127.0.0.1:55584 (Loopback)] GET /channels/all (2 live) #6d GZIP Signed-in Token (ayoub.bo8)
Jan 04, 2023 21:14:18.479 [0x40068d3b38] DEBUG - Completed: [127.0.0.1:55584] 200 GET /channels/all (2 live) GZIP 2ms 387 bytes
Jan 04, 2023 21:14:18.531 [0x4009ee1b38] DEBUG - Request: [127.0.0.1:55594 (Loopback)] GET /library/sections (2 live) #6f GZIP Signed-in Token (ayoub.bo8)
Jan 04, 2023 21:14:18.535 [0x40068d3b38] DEBUG - Completed: [127.0.0.1:55594] 200 GET /library/sections (2 live) GZIP 4ms 774 bytes
Jan 04, 2023 21:14:18.557 [0x4009ee1b38] DEBUG - Request: [127.0.0.1:55602 (Loopback)] GET /channels/all (2 live) #71 GZIP Signed-in Token (ayoub.bo8)
Jan 04, 2023 21:14:18.559 [0x40068d3b38] DEBUG - Completed: [127.0.0.1:55602] 200 GET /channels/all (2 live) GZIP 1ms 387 bytes
Jan 04, 2023 21:14:22.283 [0x4009ee1b38] DEBUG - Request: [127.0.0.1:55604 (Loopback)] GET /identity (2 live) #73 Signed-in
Jan 04, 2023 21:14:22.284 [0x40068d3b38] DEBUG - Completed: [127.0.0.1:55604] 200 GET /identity (2 live) 1ms 398 bytes (pipelined: 1)
Jan 04, 2023 21:14:27.540 [0x4009ee1b38] DEBUG - Request: [127.0.0.1:59540 (Loopback)] GET /identity (2 live) #75 Signed-in
Jan 04, 2023 21:14:27.541 [0x4006ad6b38] DEBUG - Completed: [127.0.0.1:59540] 200 GET /identity (2 live) 1ms 398 bytes (pipelined: 1)
Jan 04, 2023 21:14:32.826 [0x4009ee1b38] DEBUG - Request: [127.0.0.1:59548 (Loopback)] GET /identity (2 live) #78 Signed-in
Jan 04, 2023 21:14:32.828 [0x40068d3b38] DEBUG - Completed: [127.0.0.1:59548] 200 GET /identity (2 live) 3ms 398 bytes (pipelined: 1)
Jan 04, 2023 21:14:38.256 [0x4009ee1b38] DEBUG - Request: [127.0.0.1:46670 (Loopback)] GET /identity (2 live) #7b Signed-in
Jan 04, 2023 21:14:38.261 [0x4006ad6b38] DEBUG - Completed: [127.0.0.1:46670] 200 GET /identity (2 live) 5ms 398 bytes (pipelined: 1)
Jan 04, 2023 21:14:43.583 [0x4009ee1b38] DEBUG - Request: [127.0.0.1:46672 (Loopback)] GET /identity (2 live) #7e Signed-in
Jan 04, 2023 21:14:43.585 [0x40068d3b38] DEBUG - Completed: [127.0.0.1:46672] 200 GET /identity (2 live) 1ms 398 bytes (pipelined: 1)
Jan 04, 2023 21:14:48.856 [0x4009ee1b38] DEBUG - Request: [127.0.0.1:40006 (Loopback)] GET /identity (2 live) #81 Signed-in
Jan 04, 2023 21:14:48.857 [0x4006ad6b38] DEBUG - Completed: [127.0.0.1:40006] 200 GET /identity (2 live) 1ms 398 bytes (pipelined: 1)
Jan 04, 2023 21:14:54.106 [0x4009ee1b38] DEBUG - Request: [127.0.0.1:40022 (Loopback)] GET /identity (2 live) #84 Signed-in
Jan 04, 2023 21:14:54.107 [0x4006ad6b38] DEBUG - Completed: [127.0.0.1:40022] 200 GET /identity (2 live) 0ms 398 bytes (pipelined: 1)
Jan 04, 2023 21:14:59.385 [0x4009ee1b38] DEBUG - Request: [127.0.0.1:47192 (Loopback)] GET /identity (2 live) #87 Signed-in
Jan 04, 2023 21:14:59.387 [0x4006ad6b38] DEBUG - Completed: [127.0.0.1:47192] 200 GET /identity (2 live) 2ms 398 bytes (pipelined: 1)
Jan 04, 2023 21:15:00.267 [0x4009ee1b38] DEBUG - Request: [172.27.0.3:56090 (Subnet)] GET /library/sections (2 live) #8a GZIP Signed-in Token (ayoub.bo8) (Chrome (Overseerr))
Jan 04, 2023 21:15:00.290 [0x40068d3b38] DEBUG - Completed: [172.27.0.3:56090] 200 GET /library/sections (2 live) GZIP 23ms 754 bytes
Jan 04, 2023 21:15:00.314 [0x4009ee1b38] DEBUG - Request: [172.27.0.3:56104 (Subnet)] GET /library/sections/1/all?sort=addedAt%3Adesc&addedAt%3E%3E=1672866000 (3 live) #8d Page 0-499 GZIP Signed-in Token (ayoub.bo8) (Chrome (Overseerr))
Jan 04, 2023 21:15:00.375 [0x4009ee1b38] DEBUG - [Req#8d] Setting container serialization range to [0, 499] (total=-1)
Jan 04, 2023 21:15:00.399 [0x4009ee1b38] DEBUG - [Req#8d] Setting container serialization range to [0, 499] (total=0)
Jan 04, 2023 21:15:00.401 [0x4006ad6b38] DEBUG - Completed: [172.27.0.3:56104] 200 GET /library/sections/1/all?sort=addedAt%3Adesc&addedAt%3E%3E=1672866000 (3 live) GZIP Page 0-499 88ms 634 bytes
Jan 04, 2023 21:15:00.413 [0x4009ee1b38] DEBUG - Request: [172.27.0.3:56106 (Subnet)] GET /library/sections/2/all?sort=addedAt%3Adesc&addedAt%3E%3E=1672866000 (3 live) #8e Page 0-499 GZIP Signed-in Token (ayoub.bo8) (Chrome (Overseerr))
Jan 04, 2023 21:15:00.416 [0x4009ee1b38] DEBUG - [Req#8e] Setting container serialization range to [0, 499] (total=-1)
Jan 04, 2023 21:15:00.420 [0x4009ee1b38] DEBUG - [Req#8e] Setting container serialization range to [0, 499] (total=0)
Jan 04, 2023 21:15:00.423 [0x4006ad6b38] DEBUG - Completed: [172.27.0.3:56106] 200 GET /library/sections/2/all?sort=addedAt%3Adesc&addedAt%3E%3E=1672866000 (3 live) GZIP Page 0-499 10ms 652 bytes
Jan 04, 2023 21:15:04.658 [0x4009ee1b38] DEBUG - Request: [127.0.0.1:47206 (Loopback)] GET /identity (2 live) #90 Signed-in
Jan 04, 2023 21:15:04.659 [0x4006ad6b38] DEBUG - Completed: [127.0.0.1:47206] 200 GET /identity (2 live) 1ms 398 bytes (pipelined: 1)
Jan 04, 2023 21:15:09.963 [0x4009ee1b38] DEBUG - Request: [127.0.0.1:46370 (Loopback)] GET /identity (2 live) #93 Signed-in
Jan 04, 2023 21:15:09.965 [0x4006ad6b38] DEBUG - Completed: [127.0.0.1:46370] 200 GET /identity (2 live) 2ms 398 bytes (pipelined: 1)
Jan 04, 2023 21:15:15.415 [0x4009ee1b38] DEBUG - Request: [127.0.0.1:46386 (Loopback)] GET /identity (1 live) #96 Signed-in
Jan 04, 2023 21:15:15.421 [0x4006ad6b38] DEBUG - Completed: [127.0.0.1:46386] 200 GET /identity (2 live) 6ms 398 bytes (pipelined: 1)
Jan 04, 2023 21:15:20.730 [0x4009ee1b38] DEBUG - Request: [127.0.0.1:36450 (Loopback)] GET /identity (2 live) #99 Signed-in
Jan 04, 2023 21:15:20.731 [0x4006ad6b38] DEBUG - Completed: [127.0.0.1:36450] 200 GET /identity (2 live) 1ms 398 bytes (pipelined: 1)
Jan 04, 2023 21:15:25.975 [0x4009ee1b38] DEBUG - Request: [127.0.0.1:42606 (Loopback)] GET /identity (2 live) #9c Signed-in
Jan 04, 2023 21:15:25.976 [0x40068d3b38] DEBUG - Completed: [127.0.0.1:42606] 200 GET /identity (2 live) 0ms 398 bytes (pipelined: 1)
Jan 04, 2023 21:15:31.341 [0x4009ee1b38] DEBUG - Request: [127.0.0.1:42614 (Loopback)] GET /identity (2 live) #9f Signed-in
Jan 04, 2023 21:15:31.345 [0x40068d3b38] DEBUG - Completed: [127.0.0.1:42614] 200 GET /identity (2 live) 3ms 398 bytes (pipelined: 1)
Jan 04, 2023 21:15:36.639 [0x4009ee1b38] DEBUG - Request: [127.0.0.1:36862 (Loopback)] GET /identity (2 live) #a2 Signed-in
Jan 04, 2023 21:15:36.641 [0x4006ad6b38] DEBUG - Completed: [127.0.0.1:36862] 200 GET /identity (2 live) 2ms 398 bytes (pipelined: 1)
Jan 04, 2023 21:15:41.904 [0x4009ee1b38] DEBUG - Request: [127.0.0.1:36874 (Loopback)] GET /identity (2 live) #a5 Signed-in
Jan 04, 2023 21:15:41.905 [0x4006ad6b38] DEBUG - Completed: [127.0.0.1:36874] 200 GET /identity (2 live) 1ms 398 bytes (pipelined: 1)
Jan 04, 2023 21:15:47.233 [0x4009ee1b38] DEBUG - Request: [127.0.0.1:37934 (Loopback)] GET /identity (2 live) #a8 Signed-in
Jan 04, 2023 21:15:47.237 [0x40068d3b38] DEBUG - Completed: [127.0.0.1:37934] 200 GET /identity (2 live) 6ms 398 bytes (pipelined: 1)
Jan 04, 2023 21:15:52.539 [0x4009ee1b38] DEBUG - Request: [127.0.0.1:37950 (Loopback)] GET /identity (2 live) #ab Signed-in
Jan 04, 2023 21:15:52.540 [0x40068d3b38] DEBUG - Completed: [127.0.0.1:37950] 200 GET /identity (2 live) 1ms 398 bytes (pipelined: 1)
Jan 04, 2023 21:15:57.842 [0x4009ee1b38] DEBUG - Request: [127.0.0.1:58196 (Loopback)] GET /identity (2 live) #ae Signed-in
Jan 04, 2023 21:15:57.845 [0x4006ad6b38] DEBUG - Completed: [127.0.0.1:58196] 200 GET /identity (2 live) 2ms 398 bytes (pipelined: 1)
Jan 04, 2023 21:16:03.117 [0x4009ee1b38] DEBUG - Request: [127.0.0.1:58200 (Loopback)] GET /identity (2 live) #b1 Signed-in
Jan 04, 2023 21:16:03.117 [0x4006ad6b38] DEBUG - Completed: [127.0.0.1:58200] 200 GET /identity (2 live) 0ms 398 bytes (pipelined: 1)
Jan 04, 2023 21:16:08.441 [0x4009ee1b38] DEBUG - Request: [127.0.0.1:56698 (Loopback)] GET /identity (2 live) #b4 Signed-in
Jan 04, 2023 21:16:08.443 [0x40068d3b38] DEBUG - Completed: [127.0.0.1:56698] 200 GET /identity (2 live) 2ms 398 bytes (pipelined: 1)
Jan 04, 2023 21:16:13.780 [0x4009ee1b38] DEBUG - Request: [127.0.0.1:56702 (Loopback)] GET /identity (2 live) #b7 Signed-in
Jan 04, 2023 21:16:13.782 [0x40068d3b38] DEBUG - Completed: [127.0.0.1:56702] 200 GET /identity (2 live) 2ms 398 bytes (pipelined: 1)
Jan 04, 2023 21:16:19.112 [0x4009ee1b38] DEBUG - Request: [127.0.0.1:44818 (Loopback)] GET /identity (2 live) #ba Signed-in
Jan 04, 2023 21:16:19.114 [0x4006ad6b38] DEBUG - Completed: [127.0.0.1:44818] 200 GET /identity (2 live) 2ms 398 bytes (pipelined: 1)
Jan 04, 2023 21:16:24.374 [0x4009ee1b38] DEBUG - Request: [127.0.0.1:44822 (Loopback)] GET /identity (2 live) #bd Signed-in
Jan 04, 2023 21:16:24.376 [0x4006ad6b38] DEBUG - Completed: [127.0.0.1:44822] 200 GET /identity (2 live) 1ms 398 bytes (pipelined: 1)
Jan 04, 2023 21:16:29.706 [0x4009ee1b38] DEBUG - Request: [127.0.0.1:47954 (Loopback)] GET /identity (2 live) #c0 Signed-in
Jan 04, 2023 21:16:29.707 [0x40068d3b38] DEBUG - Completed: [127.0.0.1:47954] 200 GET /identity (2 live) 1ms 398 bytes (pipelined: 1)
Jan 04, 2023 21:16:34.962 [0x4009ee1b38] DEBUG - Request: [127.0.0.1:47970 (Loopback)] GET /identity (2 live) #c3 Signed-in
Jan 04, 2023 21:16:34.963 [0x4006ad6b38] DEBUG - Completed: [127.0.0.1:47970] 200 GET /identity (2 live) 1ms 398 bytes (pipelined: 1)
Jan 04, 2023 21:16:40.304 [0x4009ee1b38] DEBUG - Request: [127.0.0.1:46956 (Loopback)] GET /identity (2 live) #c6 Signed-in
Jan 04, 2023 21:16:40.306 [0x4006ad6b38] DEBUG - Completed: [127.0.0.1:46956] 200 GET /identity (2 live) 2ms 398 bytes (pipelined: 1)
Jan 04, 2023 21:16:45.581 [0x4009ee1b38] DEBUG - Request: [127.0.0.1:60560 (Loopback)] GET /identity (2 live) #c9 Signed-in
Jan 04, 2023 21:16:45.582 [0x4006ad6b38] DEBUG - Completed: [127.0.0.1:60560] 200 GET /identity (2 live) 1ms 398 bytes (pipelined: 1)
Jan 04, 2023 21:16:50.872 [0x4009ee1b38] DEBUG - Request: [127.0.0.1:60564 (Loopback)] GET /identity (2 live) #cc Signed-in
Jan 04, 2023 21:16:50.875 [0x40068d3b38] DEBUG - Completed: [127.0.0.1:60564] 200 GET /identity (2 live) 3ms 398 bytes (pipelined: 1)
Jan 04, 2023 21:16:56.150 [0x4009ee1b38] DEBUG - Request: [127.0.0.1:44724 (Loopback)] GET /identity (2 live) #cf Signed-in
Jan 04, 2023 21:16:56.150 [0x4006ad6b38] DEBUG - Completed: [127.0.0.1:44724] 200 GET /identity (2 live) 0ms 398 bytes (pipelined: 1)
Jan 04, 2023 21:17:01.452 [0x4009ee1b38] DEBUG - Request: [127.0.0.1:44736 (Loopback)] GET /identity (2 live) #d2 Signed-in
Jan 04, 2023 21:17:01.453 [0x4006ad6b38] DEBUG - Completed: [127.0.0.1:44736] 200 GET /identity (2 live) 1ms 398 bytes (pipelined: 1)
Jan 04, 2023 21:17:06.682 [0x4009ee1b38] DEBUG - Request: [127.0.0.1:36352 (Loopback)] GET /identity (2 live) #d5 Signed-in
Jan 04, 2023 21:17:06.682 [0x4006ad6b38] DEBUG - Completed: [127.0.0.1:36352] 200 GET /identity (2 live) 0ms 398 bytes (pipelined: 1)
Jan 04, 2023 21:17:11.947 [0x4009ee1b38] DEBUG - Request: [127.0.0.1:36360 (Loopback)] GET /identity (2 live) #d8 Signed-in
Jan 04, 2023 21:17:11.949 [0x4006ad6b38] DEBUG - Completed: [127.0.0.1:36360] 200 GET /identity (2 live) 1ms 398 bytes (pipelined: 1)
Jan 04, 2023 21:17:17.283 [0x4009ee1b38] DEBUG - Request: [127.0.0.1:47452 (Loopback)] GET /identity (2 live) #db Signed-in
Jan 04, 2023 21:17:17.284 [0x40068d3b38] DEBUG - Completed: [127.0.0.1:47452] 200 GET /identity (2 live) 2ms 398 bytes (pipelined: 1)
Jan 04, 2023 21:17:22.525 [0x4009ee1b38] DEBUG - Request: [127.0.0.1:47454 (Loopback)] GET /identity (2 live) #de Signed-in
Jan 04, 2023 21:17:22.526 [0x40068d3b38] DEBUG - Completed: [127.0.0.1:47454] 200 GET /identity (2 live) 0ms 398 bytes (pipelined: 1)
Jan 04, 2023 21:17:27.847 [0x4009ee1b38] DEBUG - Request: [127.0.0.1:47646 (Loopback)] GET /identity (2 live) #e1 Signed-in
Jan 04, 2023 21:17:27.850 [0x40068d3b38] DEBUG - Completed: [127.0.0.1:47646] 200 GET /identity (2 live) 2ms 398 bytes (pipelined: 1)
Jan 04, 2023 21:17:33.220 [0x4009ee1b38] DEBUG - Request: [127.0.0.1:47656 (Loopback)] GET /identity (2 live) #e4 Signed-in
Jan 04, 2023 21:17:33.223 [0x4006ad6b38] DEBUG - Completed: [127.0.0.1:47656] 200 GET /identity (2 live) 2ms 398 bytes (pipelined: 1)
Jan 04, 2023 21:17:38.569 [0x4009ee1b38] DEBUG - Request: [127.0.0.1:50404 (Loopback)] GET /identity (2 live) #e7 Signed-in
Jan 04, 2023 21:17:38.570 [0x4006ad6b38] DEBUG - Completed: [127.0.0.1:50404] 200 GET /identity (2 live) 0ms 398 bytes (pipelined: 1)
Jan 04, 2023 21:17:43.847 [0x4009ee1b38] DEBUG - Request: [127.0.0.1:50408 (Loopback)] GET /identity (2 live) #ea Signed-in
Jan 04, 2023 21:17:43.848 [0x40068d3b38] DEBUG - Completed: [127.0.0.1:50408] 200 GET /identity (2 live) 2ms 398 bytes (pipelined: 1)
Jan 04, 2023 21:17:49.143 [0x4009ee1b38] DEBUG - Request: [127.0.0.1:59040 (Loopback)] GET /identity (2 live) #ed Signed-in
Jan 04, 2023 21:17:49.145 [0x40068d3b38] DEBUG - Completed: [127.0.0.1:59040] 200 GET /identity (2 live) 1ms 398 bytes (pipelined: 1)
Jan 04, 2023 21:17:54.514 [0x4009ee1b38] DEBUG - Request: [127.0.0.1:59056 (Loopback)] GET /identity (2 live) #f0 Signed-in
Jan 04, 2023 21:17:54.517 [0x40068d3b38] DEBUG - Completed: [127.0.0.1:59056] 200 GET /identity (2 live) 3ms 398 bytes (pipelined: 1)
Jan 04, 2023 21:17:59.860 [0x4009ee1b38] DEBUG - Request: [127.0.0.1:49320 (Loopback)] GET /identity (2 live) #f3 Signed-in
Jan 04, 2023 21:17:59.861 [0x4006ad6b38] DEBUG - Completed: [127.0.0.1:49320] 200 GET /identity (2 live) 1ms 398 bytes (pipelined: 1)
Jan 04, 2023 21:18:05.140 [0x4009ee1b38] DEBUG - Request: [127.0.0.1:49336 (Loopback)] GET /identity (2 live) #f6 Signed-in
Jan 04, 2023 21:18:05.141 [0x4006ad6b38] DEBUG - Completed: [127.0.0.1:49336] 200 GET /identity (2 live) 0ms 398 bytes (pipelined: 1)
Jan 04, 2023 21:18:10.484 [0x4009ee1b38] DEBUG - Request: [127.0.0.1:58036 (Loopback)] GET /identity (2 live) #f9 Signed-in
Jan 04, 2023 21:18:10.486 [0x40068d3b38] DEBUG - Completed: [127.0.0.1:58036] 200 GET /identity (2 live) 2ms 398 bytes (pipelined: 1)
Jan 04, 2023 21:18:15.781 [0x4009ee1b38] DEBUG - Request: [127.0.0.1:54126 (Loopback)] GET /identity (2 live) #fc Signed-in
Jan 04, 2023 21:18:15.782 [0x4006ad6b38] DEBUG - Completed: [127.0.0.1:54126] 200 GET /identity (2 live) 1ms 398 bytes (pipelined: 1)
Jan 04, 2023 21:18:21.208 [0x4009ee1b38] DEBUG - Request: [127.0.0.1:54128 (Loopback)] GET /identity (2 live) #ff Signed-in
Jan 04, 2023 21:18:21.211 [0x40068d3b38] DEBUG - Completed: [127.0.0.1:54128] 200 GET /identity (2 live) 3ms 398 bytes (pipelined: 1)
Jan 04, 2023 21:18:26.490 [0x4009ee1b38] DEBUG - Request: [127.0.0.1:55188 (Loopback)] GET /identity (2 live) #102 Signed-in
Jan 04, 2023 21:18:26.494 [0x4006ad6b38] DEBUG - Completed: [127.0.0.1:55188] 200 GET /identity (2 live) 3ms 398 bytes (pipelined: 1)
Jan 04, 2023 21:18:31.851 [0x4009ee1b38] DEBUG - Request: [127.0.0.1:55194 (Loopback)] GET /identity (2 live) #105 Signed-in
Jan 04, 2023 21:18:31.854 [0x40068d3b38] DEBUG - Completed: [127.0.0.1:55194] 200 GET /identity (2 live) 3ms 398 bytes (pipelined: 1)
Jan 04, 2023 21:18:37.181 [0x4009ee1b38] DEBUG - Request: [127.0.0.1:35692 (Loopback)] GET /identity (2 live) #108 Signed-in
Jan 04, 2023 21:18:37.183 [0x4006ad6b38] DEBUG - Completed: [127.0.0.1:35692] 200 GET /identity (2 live) 1ms 398 bytes (pipelined: 1)
Jan 04, 2023 21:18:42.529 [0x4009ee1b38] DEBUG - Request: [127.0.0.1:35706 (Loopback)] GET /identity (2 live) #10b Signed-in
Jan 04, 2023 21:18:42.532 [0x40068d3b38] DEBUG - Completed: [127.0.0.1:35706] 200 GET /identity (2 live) 3ms 398 bytes (pipelined: 1)
Jan 04, 2023 21:18:47.803 [0x4009ee1b38] DEBUG - Request: [127.0.0.1:60276 (Loopback)] GET /identity (2 live) #10e Signed-in
Jan 04, 2023 21:18:47.804 [0x4006ad6b38] DEBUG - Completed: [127.0.0.1:60276] 200 GET /identity (2 live) 0ms 398 bytes (pipelined: 1)
Jan 04, 2023 21:18:53.075 [0x4009ee1b38] DEBUG - Request: [127.0.0.1:60284 (Loopback)] GET /identity (2 live) #111 Signed-in
Jan 04, 2023 21:18:53.075 [0x40068d3b38] DEBUG - Completed: [127.0.0.1:60284] 200 GET /identity (2 live) 0ms 398 bytes (pipelined: 1)
Jan 04, 2023 21:18:58.363 [0x4009ee1b38] DEBUG - Request: [127.0.0.1:50610 (Loopback)] GET /identity (2 live) #114 Signed-in
Jan 04, 2023 21:18:58.366 [0x4006ad6b38] DEBUG - Completed: [127.0.0.1:50610] 200 GET /identity (2 live) 2ms 398 bytes (pipelined: 1)
Jan 04, 2023 21:19:03.611 [0x4009ee1b38] DEBUG - Request: [127.0.0.1:50622 (Loopback)] GET /identity (2 live) #117 Signed-in
Jan 04, 2023 21:19:03.612 [0x4006ad6b38] DEBUG - Completed: [127.0.0.1:50622] 200 GET /identity (2 live) 0ms 398 bytes (pipelined: 1)
Jan 04, 2023 21:19:08.865 [0x4009ee1b38] DEBUG - Request: [127.0.0.1:47304 (Loopback)] GET /identity (2 live) #11a Signed-in
Jan 04, 2023 21:19:08.868 [0x4006ad6b38] DEBUG - Completed: [127.0.0.1:47304] 200 GET /identity (2 live) 3ms 398 bytes (pipelined: 1)
Jan 04, 2023 21:19:14.118 [0x4009ee1b38] DEBUG - Request: [127.0.0.1:47308 (Loopback)] GET /identity (2 live) #11d Signed-in
Jan 04, 2023 21:19:14.118 [0x40068d3b38] DEBUG - Completed: [127.0.0.1:47308] 200 GET /identity (2 live) 0ms 398 bytes (pipelined: 1)
Jan 04, 2023 21:19:19.340 [0x4009ee1b38] DEBUG - Request: [127.0.0.1:57776 (Loopback)] GET /identity (2 live) #120 Signed-in
Jan 04, 2023 21:19:19.340 [0x40068d3b38] DEBUG - Completed: [127.0.0.1:57776] 200 GET /identity (2 live) 0ms 398 bytes (pipelined: 1)
Jan 04, 2023 21:19:24.598 [0x4009ee1b38] DEBUG - Request: [127.0.0.1:57782 (Loopback)] GET /identity (2 live) #123 Signed-in
Jan 04, 2023 21:19:24.599 [0x4006ad6b38] DEBUG - Completed: [127.0.0.1:57782] 200 GET /identity (2 live) 0ms 398 bytes (pipelined: 1)
Jan 04, 2023 21:19:29.869 [0x4009ee1b38] DEBUG - Request: [127.0.0.1:47566 (Loopback)] GET /identity (2 live) #126 Signed-in
Jan 04, 2023 21:19:29.870 [0x40068d3b38] DEBUG - Completed: [127.0.0.1:47566] 200 GET /identity (2 live) 1ms 398 bytes (pipelined: 1)
Jan 04, 2023 21:19:35.126 [0x4009ee1b38] DEBUG - Request: [127.0.0.1:47570 (Loopback)] GET /identity (2 live) #129 Signed-in
Jan 04, 2023 21:19:35.127 [0x4006ad6b38] DEBUG - Completed: [127.0.0.1:47570] 200 GET /identity (2 live) 0ms 398 bytes (pipelined: 1)
Jan 04, 2023 21:19:40.360 [0x4009ee1b38] DEBUG - Request: [127.0.0.1:46708 (Loopback)] GET /identity (2 live) #12c Signed-in
Jan 04, 2023 21:19:40.361 [0x40068d3b38] DEBUG - Completed: [127.0.0.1:46708] 200 GET /identity (2 live) 0ms 398 bytes (pipelined: 1)
Jan 04, 2023 21:19:45.666 [0x4009ee1b38] DEBUG - Request: [127.0.0.1:49450 (Loopback)] GET /identity (2 live) #12f Signed-in
Jan 04, 2023 21:19:45.668 [0x4006ad6b38] DEBUG - Completed: [127.0.0.1:49450] 200 GET /identity (2 live) 2ms 398 bytes (pipelined: 1)
Jan 04, 2023 21:19:51.006 [0x4009ee1b38] DEBUG - Request: [127.0.0.1:49466 (Loopback)] GET /identity (2 live) #132 Signed-in
Jan 04, 2023 21:19:51.008 [0x4006ad6b38] DEBUG - Completed: [127.0.0.1:49466] 200 GET /identity (2 live) 1ms 398 bytes (pipelined: 1)
Jan 04, 2023 21:19:52.545 [0x4006661b38] DEBUG - Shutting down with signal 15 (Terminated)
Jan 04, 2023 21:19:52.545 [0x4006661b38] DEBUG - Ordered to stop server.
Jan 04, 2023 21:19:52.589 [0x4002a2b260] DEBUG - Stopping server...
Jan 04, 2023 21:19:52.590 [0x4002a2b260] DEBUG - HttpServer: Stopping server.
Jan 04, 2023 21:19:52.771 [0x4006f18b38] DEBUG - TranscodeJobManager: [Running] onServerShutdown
Jan 04, 2023 21:19:52.771 [0x4006f18b38] DEBUG - TranscodeJobManager: [Running] -> [Shutdown]
Jan 04, 2023 21:19:52.772 [0x4006f18b38] DEBUG - MetadataItemClusterRequestHandler: a shutdown event has been received
Jan 04, 2023 21:19:52.788 [0x4002a2b260] DEBUG - Server stopped.
Jan 04, 2023 21:19:52.799 [0x4002a2b260] DEBUG - NetworkService: Stopping advertisement.
Jan 04, 2023 21:19:52.819 [0x400aea6b38] ERROR - Network Service: Error in advertiser handle read: 125 (Operation canceled) socket=73
Jan 04, 2023 21:19:52.848 [0x4002a2b260] DEBUG - Killing plug-ins.
Jan 04, 2023 21:19:52.923 [0x400aea6b38] INFO - Network Service: Abandoning advertise socket, it was closed.
Jan 04, 2023 21:19:53.335 [0x4002a2b260] DEBUG - [com.plexapp.agents.imdb] Killing.
Jan 04, 2023 21:19:53.710 [0x4002a2b260] DEBUG - [com.plexapp.system] Killing.
Jan 04, 2023 21:19:54.024 [0x4002a2b260] DEBUG - ChildProcessMonitor: Waiting for Plex Tuner Service to exit.
Jan 04, 2023 21:19:54.046 [0x4002a2b260] DEBUG - [JobRunner] Signalling job ID 1331 with 2
Jan 04, 2023 21:19:55.273 [0x4006661b38] DEBUG - Jobs: '/usr/lib/plexmediaserver/Plex Tuner Service' exit code for process 1331 is 0 (success)
Jan 04, 2023 21:19:55.275 [0x400b0f4b38] DEBUG - [ChildProcessMonitor] Plex Tuner Service exited.
Jan 04, 2023 21:19:55.334 [0x4002a2b260] DEBUG - Database: Shutting down.
Jan 04, 2023 21:19:55.736 [0x4008cccb38] DEBUG - Stopping file watcher for com.plexapp.system
Jan 04, 2023 21:19:56.234 [0x4006661b38] WARN - JobManager: Could not find job for handle 1362
Jan 04, 2023 21:19:56.325 [0x4002a2b260] DEBUG - Database: Shutting down.
