2023-01-03 15:39:44,091 (40018ab808) :  INFO (core:349) - Starting framework core - Version: 2.6.3, Build: 629d580 (Thu Dec 08 08:44:59 UTC 2022)
2023-01-03 15:39:44,094 (40018ab808) :  DEBUG (core:361) - Using the elevated policy
2023-01-03 15:39:44,097 (40018ab808) :  DEBUG (core:365) - Extending whitelist: ['cgi', 'tempfile']
2023-01-03 15:39:44,100 (40018ab808) :  DEBUG (core:450) - Starting runtime component.
2023-01-03 15:39:44,114 (40018ab808) :  DEBUG (core:450) - Starting caching component.
2023-01-03 15:39:44,118 (40018ab808) :  DEBUG (core:450) - Starting data component.
2023-01-03 15:39:44,120 (40018ab808) :  DEBUG (core:450) - Starting networking component.
2023-01-03 15:39:44,126 (40018ab808) :  DEBUG (networking:261) - Loaded HTTP cookies
2023-01-03 15:39:44,134 (40018ab808) :  DEBUG (networking:428) - Setting the default network timeout to 20.0
2023-01-03 15:39:44,139 (40018ab808) :  DEBUG (core:450) - Starting localization component.
2023-01-03 15:39:44,141 (40018ab808) :  INFO (localization:409) - Setting the default locale to en-us
2023-01-03 15:39:44,145 (40018ab808) :  WARNING (data:179) - Error decoding with simplejson, using demjson instead (this will cause a performance hit) - Expecting property name enclosed in double quotes: line 26 column 1 (char 1078)
2023-01-03 15:39:44,158 (40018ab808) :  DEBUG (localization:427) - Loaded en strings
2023-01-03 15:39:44,160 (40018ab808) :  DEBUG (core:450) - Starting messaging component.
2023-01-03 15:39:44,163 (40018ab808) :  DEBUG (core:450) - Starting debugging component.
2023-01-03 15:39:44,165 (40018ab808) :  DEBUG (core:450) - Starting services component.
2023-01-03 15:39:44,168 (40018ab808) :  DEBUG (core:450) - Starting myplex component.
2023-01-03 15:39:44,171 (40018ab808) :  DEBUG (core:450) - Starting notifications component.
2023-01-03 15:39:44,779 (40018ab808) :  DEBUG (accessor:68) - Creating a new model access point for provider com.plexapp.system in namespace 'metadata'
2023-01-03 15:39:44,833 (400e5a2b38) :  DEBUG (services:265) - Plug-in is not daemonized - loading services from system
2023-01-03 15:39:44,834 (40018ab808) :  DEBUG (runtime:1117) - Created a thread named 'load_all_services'
2023-01-03 15:39:44,844 (400e5a2b38) :  DEBUG (networking:143) - Requesting 'http://127.0.0.1:32400/:/plugins/com.plexapp.system/messaging/function/X0J1bmRsZVNlcnZpY2U6QWxsU2VydmljZXM_/Y2VyZWFsMQoxCmxpc3QKMApyMAo_/Y2VyZWFsMQoxCmRpY3QKMApyMAo_'
2023-01-03 15:39:44,848 (40018ab808) :  DEBUG (runtime:1117) - Created a thread named 'get_server_info'
2023-01-03 15:39:44,854 (400e677b38) :  DEBUG (networking:143) - Requesting 'http://127.0.0.1:32400'
2023-01-03 15:39:44,856 (40018ab808) :  DEBUG (core:150) - Finished starting framework core
2023-01-03 15:39:44,864 (40018ab808) :  DEBUG (core:560) - Loading plug-in code
2023-01-03 15:39:44,885 (400e677b38) :  ERROR (networking:196) - Error opening URL 'http://127.0.0.1:32400'
2023-01-03 15:39:44,889 (400e677b38) :  WARNING (core:541) - Unable to retrieve the machine identifier or server version.
2023-01-03 15:39:44,891 (400e5a2b38) :  ERROR (networking:196) - Error opening URL 'http://127.0.0.1:32400/:/plugins/com.plexapp.system/messaging/function/X0J1bmRsZVNlcnZpY2U6QWxsU2VydmljZXM_/Y2VyZWFsMQoxCmxpc3QKMApyMAo_/Y2VyZWFsMQoxCmRpY3QKMApyMAo_'
2023-01-03 15:39:44,900 (400e5a2b38) :  ERROR (services:272) - Unable to load services from system. Loading from the current bundle only.
2023-01-03 15:39:44,914 (400e5a2b38) :  DEBUG (services:362) - Loaded services
2023-01-03 15:39:44,966 (400e650b38) :  DEBUG (services:438) - No shared code to load
2023-01-03 15:39:45,002 (40018ab808) :  DEBUG (core:566) - Finished loading plug-in code
2023-01-03 15:39:45,004 (40018ab808) :  DEBUG (runtime:640) - Adding a prefix handler for 'System' ('/system')
2023-01-03 15:39:47,909 (40018ab808) :  INFO (__init__:35) - Starting System 629d580 (Thu Dec 08 08:44:59 UTC 2022)
2023-01-03 15:39:47,913 (40018ab808) :  DEBUG (runtime:640) - Adding a prefix handler for 'Player' ('/player')
2023-01-03 15:39:47,951 (40018ab808) :  INFO (datakit:93) - Loaded the dictionary file
2023-01-03 15:39:47,957 (40018ab808) :  DEBUG (agentservice:52) - Starting the agent service
2023-01-03 15:39:48,565 (40018ab808) :  DEBUG (accessor:68) - Creating a new model access point for provider com.plexapp.system in namespace 'metadata'
2023-01-03 15:39:48,601 (40018ab808) :  DEBUG (bundleservice:65) - Starting the bundle service
2023-01-03 15:39:48,606 (40018ab808) :  DEBUG (runtime:1117) - Created a thread named 'start'
2023-01-03 15:39:48,609 (40018ab808) :  DEBUG (playerservice:12) - Starting the player service
2023-01-03 15:39:48,614 (4011e7bb38) :  DEBUG (runtime:1117) - Created a thread named 'ensure_agent_info_exists_inner'
2023-01-03 15:39:48,617 (40018ab808) :  DEBUG (flagservice:13) - Starting the media flag service
2023-01-03 15:39:48,624 (40018ab808) :  DEBUG (runtime:1117) - Created a thread named 'start'
2023-01-03 15:39:48,624 (4011e7bb38) :  DEBUG (runtime:1117) - Created a thread named 'ensure_agent_info_exists_inner'
2023-01-03 15:39:48,627 (40018ab808) :  DEBUG (peerservice:141) - Starting the peer service
2023-01-03 15:39:48,635 (4011e7bb38) :  DEBUG (runtime:1117) - Created a thread named 'ensure_agent_info_exists_inner'
2023-01-03 15:39:48,641 (4011f2ab38) :  DEBUG (peerservice:164) - Fetching the current list of servers
2023-01-03 15:39:48,642 (40018ab808) :  DEBUG (runtime:1117) - Created a thread named 'refresh_servers'
2023-01-03 15:39:48,649 (4011e7bb38) :  DEBUG (runtime:1117) - Created a thread named 'ensure_agent_info_exists_inner'
2023-01-03 15:39:48,656 (4011f2ab38) :  DEBUG (networking:143) - Requesting 'http://127.0.0.1:32400/servers'
2023-01-03 15:39:48,657 (40018ab808) :  DEBUG (runtime:1150) - Scheduled a timed thread named 'refresh_servers'
2023-01-03 15:39:48,669 (4011e7bb38) :  DEBUG (runtime:1117) - Created a thread named 'ensure_agent_info_exists_inner'
2023-01-03 15:39:48,670 (4011f2ab38) :  ERROR (networking:196) - Error opening URL 'http://127.0.0.1:32400/servers'
2023-01-03 15:39:48,670 (40018ab808) :  DEBUG (streamservice:18) - Starting the stream service
2023-01-03 15:39:48,683 (40018ab808) :  CRITICAL (runtime:709) - Private handlers are no longer supported; couldn't register <bound method StreamService.token_handler of <streamservice.StreamService object at 0x40113b16d0>>
2023-01-03 15:39:48,687 (4011e7bb38) :  DEBUG (runtime:1117) - Created a thread named 'ensure_agent_info_exists_inner'
2023-01-03 15:39:48,691 (40018ab808) :  DEBUG (runtime:1150) - Scheduled a timed thread named 'invalidation_timer'
2023-01-03 15:39:48,700 (40018ab808) :  DEBUG (proxyservice:12) - Starting the proxy service
2023-01-03 15:39:48,707 (4011f2ab38) :  CRITICAL (runtime:1128) - Exception in thread named 'refresh_servers' (most recent call last):
  File "/usr/lib/plexmediaserver/Resources/Plug-ins-629d58034/Framework.bundle/Contents/Resources/Versions/2/Python/Framework/components/runtime.py", line 1126, in _start_thread
    f(*args, **kwargs)
  File "/usr/lib/plexmediaserver/Resources/Plug-ins-629d58034/System.bundle/Contents/Code/peerservice.py", line 169, in refresh_servers
    servers_el = self.get_servers_el()
  File "/usr/lib/plexmediaserver/Resources/Plug-ins-629d58034/System.bundle/Contents/Code/peerservice.py", line 165, in get_servers_el
    return XML.ElementFromURL('http://127.0.0.1:32400/servers', cacheTime = 0)
  File "/usr/lib/plexmediaserver/Resources/Plug-ins-629d58034/Framework.bundle/Contents/Resources/Versions/2/Python/Framework/api/parsekit.py", line 344, in ElementFromURL
    method=method,
  File "/usr/lib/plexmediaserver/Resources/Plug-ins-629d58034/Framework.bundle/Contents/Resources/Versions/2/Python/Framework/api/networkkit.py", line 67, in _http_request
    req = self._core.networking.http_request(url, *args, **kwargs)
  File "/usr/lib/plexmediaserver/Resources/Plug-ins-629d58034/Framework.bundle/Contents/Resources/Versions/2/Python/Framework/components/networking.py", line 346, in http_request
    return HTTPRequest(self._core, url, data, h, url_cache, encoding, errors, timeout, immediate, sleep, opener, follow_redirects, method)
  File "/usr/lib/plexmediaserver/Resources/Plug-ins-629d58034/Framework.bundle/Contents/Resources/Versions/2/Python/Framework/components/networking.py", line 118, in __init__
    self.load()
  File "/usr/lib/plexmediaserver/Resources/Plug-ins-629d58034/Framework.bundle/Contents/Resources/Versions/2/Python/Framework/components/networking.py", line 158, in load
    f = self._opener.open(req, timeout=self._timeout)
  File "/usr/lib/plexmediaserver/Resources/Python/python27.zip/urllib2.py", line 435, in open
    response = meth(req, response)
  File "/usr/lib/plexmediaserver/Resources/Python/python27.zip/urllib2.py", line 548, in http_response
    'http', request, response, code, msg, hdrs)
  File "/usr/lib/plexmediaserver/Resources/Python/python27.zip/urllib2.py", line 473, in error
    return self._call_chain(*args)
  File "/usr/lib/plexmediaserver/Resources/Python/python27.zip/urllib2.py", line 407, in _call_chain
    result = func(*args)
  File "/usr/lib/plexmediaserver/Resources/Python/python27.zip/urllib2.py", line 556, in http_error_default
    raise HTTPError(req.get_full_url(), code, msg, hdrs, fp)
HTTPError: HTTP Error 503: Service Unavailable

2023-01-03 15:39:48,708 (4011e7bb38) :  DEBUG (runtime:1117) - Created a thread named 'ensure_agent_info_exists_inner'
2023-01-03 15:39:48,719 (40018ab808) :  DEBUG (runtime:1117) - Created a thread named 'update_attribution_flags_inner'
2023-01-03 15:39:48,724 (4011e7bb38) :  DEBUG (runtime:1117) - Created a thread named 'ensure_agent_info_exists_inner'
2023-01-03 15:39:48,725 (40018ab808) :  INFO (core:611) - Started plug-in
2023-01-03 15:39:48,731 (40018ab808) :  DEBUG (socketinterface:160) - Starting socket server
2023-01-03 15:39:48,735 (4011e7bb38) :  DEBUG (runtime:1117) - Created a thread named 'ensure_agent_info_exists_inner'
2023-01-03 15:39:48,740 (40018ab808) :  DEBUG (runtime:1117) - Created a thread named 'start'
2023-01-03 15:39:48,744 (40018ab808) :  INFO (socketinterface:184) - Socket server started on port 35907
2023-01-03 15:39:48,748 (40018ab808) :  INFO (pipeinterface:25) - Entering run loop
2023-01-03 15:39:48,752 (4011e7bb38) :  INFO (bundleservice:131) - Found duplicate identifier at /usr/lib/plexmediaserver/Resources/Plug-ins-629d58034/WebClient.bundle for bundled plugin (com.plexapp.plugins.webclient), ignoring duplicate plugin.
2023-01-03 15:39:48,753 (40018ab808) :  DEBUG (runtime:717) - Handling request GET /:/prefixes
2023-01-03 15:39:48,759 (4011e7bb38) :  DEBUG (runtime:1117) - Created a thread named 'ensure_agent_info_exists_inner'
2023-01-03 15:39:48,770 (40018ab808) :  DEBUG (runtime:814) - Found route matching /:/prefixes
2023-01-03 15:39:48,776 (4011e7bb38) :  DEBUG (runtime:1117) - Created a thread named 'ensure_agent_info_exists_inner'
2023-01-03 15:39:48,787 (40018ab808) :  DEBUG (runtime:924) - Response: [200] MediaContainer, 486 bytes
2023-01-03 15:39:48,790 (4011e7bb38) :  DEBUG (runtime:1117) - Created a thread named 'ensure_agent_info_exists_inner'
2023-01-03 15:39:48,798 (4011e7bb38) :  DEBUG (runtime:1117) - Created a thread named 'ensure_agent_info_exists_inner'
2023-01-03 15:39:48,801 (4011e7bb38) :  INFO (bundleservice:131) - Found duplicate identifier at /usr/lib/plexmediaserver/Resources/Plug-ins-629d58034/TheTVDBv4.bundle for bundled plugin (com.plexapp.agents.thetvdb), ignoring duplicate plugin.
2023-01-03 15:39:48,806 (4011e7bb38) :  DEBUG (runtime:1117) - Created a thread named 'ensure_agent_info_exists_inner'
2023-01-03 15:39:48,814 (4011e7bb38) :  DEBUG (runtime:1117) - Created a thread named 'ensure_agent_info_exists_inner'
2023-01-03 15:39:48,819 (4012283b38) :  DEBUG (runtime:717) - Handling request GET /system/agents
2023-01-03 15:39:48,874 (4011e7bb38) :  DEBUG (runtime:1117) - Created a thread named 'ensure_agent_info_exists_inner'
2023-01-03 15:39:48,887 (4011e7bb38) :  DEBUG (runtime:1117) - Created a thread named 'ensure_agent_info_exists_inner'
2023-01-03 15:39:48,897 (4011e7bb38) :  DEBUG (runtime:1117) - Created a thread named 'remove_unavailable_agents'
2023-01-03 15:39:48,902 (4011e7bb38) :  DEBUG (bundleservice:81) - Started the bundle service
2023-01-03 15:39:48,941 (40122ecb38) :  DEBUG (runtime:1117) - Created a thread named 'ensure_agent_info_exists_inner'
2023-01-03 15:39:48,951 (4012115b38) :  INFO (agentservice:129) - Agent info: {'com.plexapp.agents.fanarttv': [{'media_types': ['Movie'], 'accepts_from': None, 'fallback_agent': None, 'contributes_to': ['com.plexapp.agents.imdb', 'com.plexapp.agents.themoviedb'], 'has_attribution': True, 'languages': ['xn'], 'persist_stored_files': True, 'version': 0, 'primary_provider': False, 'prefs': True, 'name': 'Fanart.tv'}, {'media_types': ['TV_Show'], 'accepts_from': None, 'fallback_agent': None, 'contributes_to': ['com.plexapp.agents.thetvdb', 'com.plexapp.agents.themoviedb'], 'has_attribution': True, 'languages': ['xn'], 'persist_stored_files': True, 'version': 0, 'primary_provider': False, 'prefs': True, 'name': 'Fanart.tv'}, {'media_types': ['Artist'], 'accepts_from': None, 'fallback_agent': None, 'contributes_to': ['com.plexapp.agents.lastfm'], 'has_attribution': True, 'languages': ['xn'], 'persist_stored_files': True, 'version': 0, 'primary_provider': False, 'prefs': True, 'name': 'Fanart.tv'}, {'media_types': ['Album'], 'accepts_from': None, 'fallback_agent': None, 'contributes_to': ['com.plexapp.agents.lastfm'], 'has_attribution': True, 'languages': ['xn'], 'persist_stored_files': True, 'version': 0, 'primary_provider': False, 'prefs': True, 'name': 'Fanart.tv'}], 'com.plexapp.agents.none': [{'media_types': ['Movie'], 'accepts_from': None, 'fallback_agent': None, 'contributes_to': None, 'has_attribution': False, 'languages': ['xn'], 'persist_stored_files': True, 'version': 0, 'primary_provider': True, 'prefs': False, 'name': 'Personal Media'}, {'media_types': ['TV_Show'], 'accepts_from': None, 'fallback_agent': None, 'contributes_to': None, 'has_attribution': False, 'languages': ['xn'], 'persist_stored_files': True, 'version': 0, 'primary_provider': True, 'prefs': False, 'name': 'Personal Media Shows'}, {'media_types': ['Artist'], 'accepts_from': None, 'fallback_agent': None, 'contributes_to': None, 'has_attribution': False, 'languages': ['xn'], 'persist_stored_files': True, 'version': 0, 'primary_provider': True, 'prefs': False, 'name': 'Personal Media Artists'}, {'media_types': ['Album'], 'accepts_from': None, 'fallback_agent': None, 'contributes_to': None, 'has_attribution': False, 'languages': ['xn'], 'persist_stored_files': True, 'version': 0, 'primary_provider': True, 'prefs': False, 'name': 'Personal Media Albums'}, {'media_types': ['Photo'], 'accepts_from': None, 'fallback_agent': None, 'contributes_to': None, 'has_attribution': False, 'languages': ['en', 'ar', 'bg', 'ca', 'cs', 'cy', 'da', 'de', 'el', 'es', 'et', 'fa', 'fi', 'fr', 'he', 'hi', 'hr', 'ht', 'hu', 'id', 'it', 'ja', 'ko', 'lt', 'lv', 'ms', 'mt', 'nl', 'no', 'pl', 'pt', 'ro', 'ru', 'sk', 'sv', 'sl', 'sr', 'th', 'tr', 'uk', 'ur', 'vi', 'zh', 'xn'], 'persist_stored_files': True, 'version': 0, 'primary_provider': True, 'prefs': False, 'name': 'Photos'}], 'tv.plex.agents.music': [{'media_types': ['Artist'], 'accepts_from': None, 'fallback_agent': None, 'contributes_to': None, 'has_attribution': True, 'languages': ['en', 'ar', 'bg', 'zh', 'hr', 'cs', 'da', 'nl', 'fi', 'fr', 'de', 'el', 'hu', 'id', 'it', 'ja', 'ko', 'nn', 'pl', 'pt', 'ro', 'ru', 'sr', 'sk', 'es', 'sv', 'th', 'tr', 'vi', 'xx'], 'persist_stored_files': True, 'version': 0, 'primary_provider': True, 'prefs': True, 'name': 'Plex Music'}, {'media_types': ['Album'], 'accepts_from': None, 'fallback_agent': None, 'contributes_to': None, 'has_attribution': True, 'languages': ['en', 'ar', 'bg', 'zh', 'hr', 'cs', 'da', 'nl', 'fi', 'fr', 'de', 'el', 'hu', 'id', 'it', 'ja', 'ko', 'nn', 'pl', 'pt', 'ro', 'ru', 'sr', 'sk', 'es', 'sv', 'th', 'tr', 'vi', 'xx'], 'persist_stored_files': True, 'version': 0, 'primary_provider': True, 'prefs': True, 'name': 'Plex Music'}], 'com.plexapp.agents.opensubtitles': [{'media_types': ['Movie'], 'accepts_from': None, 'fallback_agent': None, 'contributes_to': ['com.plexapp.agents.imdb'], 'has_attribution': False, 'languages': ['xn'], 'persist_stored_files': True, 'version': 0, 'primary_provider': False, 'prefs': True, 'name': 'OpenSubtitles.org'}, {'media_types': ['TV_Show'], 'accepts_from': None, 'fallback_agent': None, 'contributes_to': ['com.plexapp.agents.thetvdb'], 'has_attribution': False, 'languages': ['xn'], 'persist_stored_files': True, 'version': 0, 'primary_provider': False, 'prefs': True, 'name': 'OpenSubtitles.org'}], 'com.plexapp.agents.imdb': [{'media_types': ['Movie'], 'accepts_from': ['com.plexapp.agents.localmedia'], 'fallback_agent': None, 'contributes_to': ['com.plexapp.agents.themoviedb'], 'has_attribution': True, 'languages': ['en', 'sv', 'fr', 'es', 'nl', 'de', 'it', 'da', 'ar', 'ca', 'zh', 'cs', 'et', 'fi', 'el', 'he', 'hi', 'hu', 'id', 'ja', 'ko', 'lv', 'no', 'fa', 'pl', 'pt', 'ro', 'ru', 'sk', 'th', 'tr', 'uk', 'vi'], 'persist_stored_files': True, 'version': 0, 'primary_provider': True, 'prefs': True, 'name': 'Plex Movie'}], 'com.plexapp.agents.lyricfind': [{'media_types': ['Album'], 'accepts_from': None, 'fallback_agent': None, 'contributes_to': ['com.plexapp.agents.lastfm', 'tv.plex.agents.music', 'org.musicbrainz.agents.music'], 'has_attribution': True, 'languages': ['xn'], 'persist_stored_files': True, 'version': 0, 'primary_provider': False, 'prefs': False, 'name': 'LyricFind'}], 'com.plexapp.agents.thetvdb': [{'media_types': ['TV_Show'], 'accepts_from': None, 'fallback_agent': None, 'contributes_to': None, 'has_attribution': True, 'languages': ['en', 'fr', 'zh', 'sv', 'no', 'da', 'fi', 'nl', 'de', 'it', 'es', 'pl', 'hu', 'el', 'tr', 'ru', 'he', 'ja', 'pt', 'cs', 'ko', 'sl', 'hr'], 'persist_stored_files': True, 'version': 0, 'primary_provider': True, 'prefs': True, 'name': 'TheTVDB'}], 'tv.plex.agents.movie': [{'media_types': ['Movie'], 'accepts_from': None, 'fallback_agent': None, 'contributes_to': None, 'has_attribution': True, 'languages': [], 'persist_stored_files': True, 'version': 0, 'primary_provider': True, 'prefs': True, 'name': 'Plex Movie'}], 'tv.plex.agents.series': [{'media_types': ['TV_Show'], 'accepts_from': None, 'fallback_agent': None, 'contributes_to': None, 'has_attribution': True, 'languages': [], 'persist_stored_files': True, 'version': 0, 'primary_provider': True, 'prefs': True, 'name': 'Plex TV Series'}], 'com.plexapp.agents.lastfm': [{'media_types': ['Artist'], 'accepts_from': None, 'fallback_agent': None, 'contributes_to': None, 'has_attribution': True, 'languages': ['en', 'sv', 'fr', 'es', 'de', 'pl', 'it', 'pt', 'ja', 'tr', 'ru', 'zh'], 'persist_stored_files': True, 'version': 0, 'primary_provider': True, 'prefs': True, 'name': 'Last.fm'}, {'media_types': ['Album'], 'accepts_from': None, 'fallback_agent': None, 'contributes_to': None, 'has_attribution': True, 'languages': ['en', 'sv', 'fr', 'es', 'de', 'pl', 'it', 'pt', 'ja', 'tr', 'ru', 'zh'], 'persist_stored_files': True, 'version': 0, 'primary_provider': True, 'prefs': True, 'name': 'Last.fm'}], 'org.musicbrainz.agents.music': [{'media_types': ['Artist'], 'accepts_from': None, 'fallback_agent': None, 'contributes_to': None, 'has_attribution': True, 'languages': ['en', 'ar', 'bg', 'zh', 'hr', 'cs', 'da', 'nl', 'fi', 'fr', 'de', 'el', 'hu', 'id', 'it', 'ja', 'ko', 'nn', 'pl', 'pt', 'ro', 'ru', 'sr', 'sk', 'es', 'sv', 'th', 'tr', 'vi', 'xx'], 'persist_stored_files': True, 'version': 0, 'primary_provider': True, 'prefs': True, 'name': 'Musicbrainz'}, {'media_types': ['Album'], 'accepts_from': None, 'fallback_agent': None, 'contributes_to': None, 'has_attribution': True, 'languages': ['en', 'ar', 'bg', 'zh', 'hr', 'cs', 'da', 'nl', 'fi', 'fr', 'de', 'el', 'hu', 'id', 'it', 'ja', 'ko', 'nn', 'pl', 'pt', 'ro', 'ru', 'sr', 'sk', 'es', 'sv', 'th', 'tr', 'vi', 'xx'], 'persist_stored_files': True, 'version': 0, 'primary_provider': True, 'prefs': True, 'name': 'Musicbrainz'}], 'com.plexapp.agents.themoviedb': [{'media_types': ['Movie'], 'accepts_from': ['com.plexapp.agents.localmedia'], 'fallback_agent': None, 'contributes_to': None, 'has_attribution': True, 'languages': ['en', 'cs', 'da', 'de', 'el', 'es', 'fi', 'fr', 'he', 'hr', 'hu', 'it', 'lv', 'lt', 'nl', 'no', 'pl', 'pt', 'ru', 'sk', 'sv', 'th', 'tr', 'vi', 'zh', 'ko'], 'persist_stored_files': True, 'version': 0, 'primary_provider': True, 'prefs': True, 'name': 'The Movie Database'}, {'media_types': ['TV_Show'], 'accepts_from': ['com.plexapp.agents.localmedia', 'com.plexapp.agents.thetvdb'], 'fallback_agent': None, 'contributes_to': ['com.plexapp.agents.thetvdb'], 'has_attribution': True, 'languages': ['en', 'cs', 'da', 'de', 'el', 'es', 'fi', 'fr', 'he', 'hr', 'hu', 'it', 'lv', 'lt', 'nl', 'no', 'pl', 'pt', 'ru', 'sk', 'sv', 'th', 'tr', 'vi', 'zh', 'ko'], 'persist_stored_files': True, 'version': 0, 'primary_provider': True, 'prefs': True, 'name': 'The Movie Database'}], 'com.plexapp.agents.htbackdrops': [{'media_types': ['Artist'], 'accepts_from': None, 'fallback_agent': None, 'contributes_to': ['com.plexapp.agents.lastfm'], 'has_attribution': True, 'languages': ['ab', 'aa', 'af', 'ak', 'sq', 'am', 'ar', 'an', 'hy', 'as', 'av', 'ae', 'ay', 'az', 'bm', 'ba', 'eu', 'be', 'bn', 'bh', 'bi', 'bs', 'pb', 'br', 'bg', 'my', 'ca', 'ch', 'ce', 'ny', 'zh', 'cu', 'cv', 'kw', 'co', 'cr', 'hr', 'cs', 'da', 'dv', 'nl', 'dz', 'en', 'eo', 'et', 'ee', 'fo', 'fj', 'fi', 'fr', 'fy', 'ff', 'gd', 'gl', 'lg', 'ka', 'de', 'el', 'gn', 'gu', 'ht', 'ha', 'he', 'hz', 'hi', 'ho', 'hu', 'is', 'io', 'ig', 'id', 'ia', 'ie', 'iu', 'ik', 'ga', 'it', 'ja', 'jv', 'kl', 'kn', 'kr', 'ks', 'kk', 'km', 'ki', 'rw', 'ky', 'kv', 'kg', 'ko', 'kj', 'ku', 'lo', 'la', 'lv', 'li', 'ln', 'lt', 'lu', 'lb', 'mk', 'mg', 'ms', 'ml', 'mt', 'gv', 'mi', 'mr', 'mh', 'mo', 'mn', 'na', 'nv', 'ng', 'ne', 'xn', 'nd', 'no', 'nb', 'nn', 'oc', 'oj', 'or', 'om', 'os', 'pi', 'pa', 'fa', 'pl', 'pt', 'ps', 'qu', 'rm', 'ro', 'rn', 'ru', 'se', 'sm', 'sg', 'sa', 'sc', 'sr', 'sn', 'ii', 'sd', 'si', 'sk', 'sl', 'so', 'st', 'nr', 'es', 'su', 'sw', 'ss', 'sv', 'tl', 'ty', 'tg', 'ta', 'tt', 'te', 'th', 'bo', 'ti', 'to', 'ts', 'tn', 'tr', 'tk', 'tw', 'ug', 'uk', 'ur', 'uz', 've', 'vi', 'vo', 'wa', 'cy', 'wo', 'xh', 'yi', 'yo', 'za', 'zu'], 'persist_stored_files': True, 'version': 0, 'primary_provider': False, 'prefs': False, 'name': 'Home Theater Backdrops'}], 'com.plexapp.agents.movieposterdb': [{'media_types': ['Movie'], 'accepts_from': None, 'fallback_agent': None, 'contributes_to': ['com.plexapp.agents.imdb'], 'has_attribution': True, 'languages': ['xn'], 'persist_stored_files': True, 'version': 0, 'primary_provider': False, 'prefs': False, 'name': 'CineMaterial'}], 'com.plexapp.agents.localmedia': [{'media_types': ['Movie'], 'accepts_from': None, 'fallback_agent': None, 'contributes_to': ['com.plexapp.agents.imdb', 'com.plexapp.agents.none'], 'has_attribution': False, 'languages': ['xn'], 'persist_stored_files': False, 'version': 0, 'primary_provider': False, 'prefs': True, 'name': 'Local Media Assets (Movies)'}, {'media_types': ['TV_Show'], 'accepts_from': None, 'fallback_agent': None, 'contributes_to': ['com.plexapp.agents.thetvdb', 'com.plexapp.agents.none'], 'has_attribution': False, 'languages': ['xn'], 'persist_stored_files': False, 'version': 0, 'primary_provider': False, 'prefs': True, 'name': 'Local Media Assets (TV)'}, {'media_types': ['Artist'], 'accepts_from': None, 'fallback_agent': None, 'contributes_to': ['com.plexapp.agents.discogs', 'com.plexapp.agents.lastfm', 'com.plexapp.agents.plexmusic', 'com.plexapp.agents.none', 'tv.plex.agents.music', 'org.musicbrainz.agents.music'], 'has_attribution': False, 'languages': ['xn'], 'persist_stored_files': False, 'version': 0, 'primary_provider': False, 'prefs': True, 'name': 'Local Media Assets (Artists)'}, {'media_types': ['Artist'], 'accepts_from': None, 'fallback_agent': None, 'contributes_to': ['com.plexapp.agents.plexmusic'], 'has_attribution': False, 'languages': ['xn'], 'persist_stored_files': False, 'version': 2, 'primary_provider': False, 'prefs': True, 'name': 'Local Media Assets (Artists)'}, {'media_types': ['Album'], 'accepts_from': None, 'fallback_agent': None, 'contributes_to': ['com.plexapp.agents.discogs', 'com.plexapp.agents.lastfm', 'com.plexapp.agents.plexmusic', 'com.plexapp.agents.none', 'tv.plex.agents.music', 'org.musicbrainz.agents.music'], 'has_attribution': False, 'languages': ['xn'], 'persist_stored_files': False, 'version': 0, 'primary_provider': False, 'prefs': True, 'name': 'Local Media Assets (Albums)'}], 'com.plexapp.agents.plexthememusic': [{'media_types': ['TV_Show'], 'accepts_from': None, 'fallback_agent': None, 'contributes_to': ['com.plexapp.agents.thetvdb', 'com.plexapp.agents.thetvdbdvdorder', 'com.plexapp.agents.themoviedb'], 'has_attribution': False, 'languages': ['xn'], 'persist_stored_files': True, 'version': 0, 'primary_provider': False, 'prefs': False, 'name': 'Plex Theme Music'}]}
2023-01-03 15:39:49,026 (4012283b38) :  DEBUG (runtime:814) - Found route matching /system/agents
2023-01-03 15:39:49,039 (4012115b38) :  INFO (datakit:131) - Saved the dictionary file
2023-01-03 15:39:49,040 (4011ee4b38) :  DEBUG (flagservice:46) - Started the media flag service
2023-01-03 15:39:49,056 (4012283b38) :  DEBUG (runtime:1117) - Created a thread named 'ensure_agent_info_exists_inner'
2023-01-03 15:39:49,116 (4012283b38) :  DEBUG (runtime:924) - Response: [200] MediaContainer, 11288 bytes
2023-01-03 15:39:52,901 (401244bb38) :  DEBUG (runtime:717) - Handling request GET /system/messaging/clear_events/com.plexapp.agents.imdb
2023-01-03 15:39:53,007 (401244bb38) :  DEBUG (runtime:814) - Found route matching /system/messaging/clear_events/com.plexapp.agents.imdb
2023-01-03 15:39:53,014 (401244bb38) :  DEBUG (runtime:88) - Sending packed state data (99 bytes)
2023-01-03 15:39:53,021 (401244bb38) :  DEBUG (runtime:924) - Response: [200] str, 0 bytes
2023-01-03 15:39:53,654 (40124b9b38) :  DEBUG (runtime:717) - Handling request GET /:/plugins/com.plexapp.system/resourceHashes
2023-01-03 15:39:53,716 (40124b9b38) :  DEBUG (runtime:814) - Found route matching /:/plugins/com.plexapp.system/resourceHashes
2023-01-03 15:39:53,725 (40124b9b38) :  DEBUG (networking:143) - Requesting 'http://resources-cdn.plexapp.com/hashes.json'
2023-01-03 15:39:53,805 (40124b9b38) :  ERROR (networking:196) - Error opening URL 'http://resources-cdn.plexapp.com/hashes.json'
2023-01-03 15:39:53,810 (40124b9b38) :  CRITICAL (runtime:1299) - Exception getting hosted resource hashes (most recent call last):
  File "/usr/lib/plexmediaserver/Resources/Plug-ins-629d58034/Framework.bundle/Contents/Resources/Versions/2/Python/Framework/components/runtime.py", line 1291, in get_resource_hashes
    json = self._core.networking.http_request("http://resources-cdn.plexapp.com/hashes.json", timeout=5).content
  File "/usr/lib/plexmediaserver/Resources/Plug-ins-629d58034/Framework.bundle/Contents/Resources/Versions/2/Python/Framework/components/networking.py", line 242, in content
    return self.__str__()
  File "/usr/lib/plexmediaserver/Resources/Plug-ins-629d58034/Framework.bundle/Contents/Resources/Versions/2/Python/Framework/components/networking.py", line 220, in __str__
    self.load()
  File "/usr/lib/plexmediaserver/Resources/Plug-ins-629d58034/Framework.bundle/Contents/Resources/Versions/2/Python/Framework/components/networking.py", line 158, in load
    f = self._opener.open(req, timeout=self._timeout)
  File "/usr/lib/plexmediaserver/Resources/Python/python27.zip/urllib2.py", line 435, in open
    response = meth(req, response)
  File "/usr/lib/plexmediaserver/Resources/Python/python27.zip/urllib2.py", line 548, in http_response
    'http', request, response, code, msg, hdrs)
  File "/usr/lib/plexmediaserver/Resources/Python/python27.zip/urllib2.py", line 473, in error
    return self._call_chain(*args)
  File "/usr/lib/plexmediaserver/Resources/Python/python27.zip/urllib2.py", line 407, in _call_chain
    result = func(*args)
  File "/usr/lib/plexmediaserver/Resources/Python/python27.zip/urllib2.py", line 556, in http_error_default
    raise HTTPError(req.get_full_url(), code, msg, hdrs, fp)
HTTPError: HTTP Error 404: Not Found

2023-01-03 15:39:53,817 (40124b9b38) :  DEBUG (runtime:88) - Sending packed state data (99 bytes)
2023-01-03 15:39:53,822 (40124b9b38) :  DEBUG (runtime:924) - Response: [404] NoneType, 0 bytes
2023-01-03 15:39:53,899 (4012517b38) :  DEBUG (runtime:717) - Handling request GET /system/notify/serverUpdated?host=127.0.0.1
2023-01-03 15:39:53,909 (4012517b38) :  DEBUG (runtime:814) - Found route matching /system/notify/serverUpdated
2023-01-03 15:39:53,913 (4012517b38) :  DEBUG (peerservice:386) - Handling server update notification (127.0.0.1)
2023-01-03 15:39:53,917 (4012517b38) :  DEBUG (peerservice:189) - Updating servers (True/False True/True/True)
2023-01-03 15:39:53,922 (4012517b38) :  DEBUG (peerservice:164) - Fetching the current list of servers
2023-01-03 15:39:53,929 (4012517b38) :  DEBUG (networking:143) - Requesting 'http://127.0.0.1:32400/servers'
2023-01-03 15:39:53,949 (401254cb38) :  DEBUG (runtime:717) - Handling request GET /:/plugins/com.plexapp.system/messaging/function/X0J1bmRsZVNlcnZpY2U6QWxsU2VydmljZXM_/Y2VyZWFsMQoxCmxpc3QKMApyMAo_/Y2VyZWFsMQoxCmRpY3QKMApyMAo_
2023-01-03 15:39:53,956 (401254cb38) :  DEBUG (runtime:49) - Received packed state data (80 bytes)
2023-01-03 15:39:53,993 (4012517b38) :  DEBUG (peerservice:198) - Found 1 servers
2023-01-03 15:39:54,006 (4012517b38) :  DEBUG (peerservice:214) - Ignoring 9449cbc9ca788c4ad1934f7dda63226ffd1e1d27 because host != 127.0.0.1 (192.168.96.4)
2023-01-03 15:39:54,023 (401254cb38) :  DEBUG (runtime:814) - Found route matching /:/plugins/com.plexapp.system/messaging/function/X0J1bmRsZVNlcnZpY2U6QWxsU2VydmljZXM_/Y2VyZWFsMQoxCmxpc3QKMApyMAo_/Y2VyZWFsMQoxCmRpY3QKMApyMAo_
2023-01-03 15:39:54,027 (4012517b38) :  DEBUG (runtime:924) - Response: [200] str, 0 bytes
2023-01-03 15:39:54,040 (401254cb38) :  DEBUG (runtime:88) - Sending packed state data (99 bytes)
2023-01-03 15:39:54,042 (401236ab38) :  INFO (datakit:131) - Saved the dictionary file
2023-01-03 15:39:54,044 (401254cb38) :  DEBUG (runtime:924) - Response: [200] str, 516 bytes
2023-01-03 15:39:57,142 (401258fb38) :  DEBUG (runtime:717) - Handling request GET /:/plugins/com.plexapp.system/messaging/function/X0FnZW50U2VydmljZTpVcGRhdGVJbmZv/Y2VyZWFsMQoxCmxpc3QKMApyMAo_/Y2VyZWFsMQo3CmRpY3QKbGlzdApkaWN0Cmxpc3QKbGlzdApsaXN0Cmxpc3QKMgpzMjMKY29tLnBsZXhhcHAuYWdlbnRzLmltZGJzMTAKaWRlbnRpZmllcnIxCnMxMAphZ2VudF9pbmZvMQpyMgoxMApyMwpzMTEKbWVkaWFfdHlwZXNyNApzMTIKYWNjZXB0c19mcm9tbnMxNApmYWxsYmFja19hZ2VudHI1CnMxNApjb250cmlidXRlc190b3I2CnM5Cmxhbmd1YWdlc2IxczIwCnBlcnNpc3Rfc3RvcmVkX2ZpbGVzaTAKczcKdmVyc2lvbmIxczE2CnByaW1hcnlfcHJvdmlkZXJiMXM1CnByZWZzczEwClBsZXggTW92aWVzNApuYW1lMQpzNQpNb3ZpZTEKczI5CmNvbS5wbGV4YXBwLmFnZW50cy5sb2NhbG1lZGlhMQpzMjkKY29tLnBsZXhhcHAuYWdlbnRzLnRoZW1vdmllZGIzMwpzMgplbnMyCnN2czIKZnJzMgplc3MyCm5sczIKZGVzMgppdHMyCmRhczIKYXJzMgpjYXMyCnpoczIKY3NzMgpldHMyCmZpczIKZWxzMgpoZXMyCmhpczIKaHVzMgppZHMyCmphczIKa29zMgpsdnMyCm5vczIKZmFzMgpwbHMyCnB0czIKcm9zMgpydXMyCnNrczIKdGhzMgp0cnMyCnVrczIKdmlyMAo_
2023-01-03 15:39:57,149 (401258fb38) :  DEBUG (runtime:49) - Received packed state data (80 bytes)
2023-01-03 15:39:57,156 (401258fb38) :  DEBUG (runtime:814) - Found route matching /:/plugins/com.plexapp.system/messaging/function/X0FnZW50U2VydmljZTpVcGRhdGVJbmZv/Y2VyZWFsMQoxCmxpc3QKMApyMAo_/Y2VyZWFsMQo3CmRpY3QKbGlzdApkaWN0Cmxpc3QKbGlzdApsaXN0Cmxpc3QKMgpzMjMKY29tLnBsZXhhcHAuYWdlbnRzLmltZGJzMTAKaWRlbnRpZmllcnIxCnMxMAphZ2VudF9pbmZvMQpyMgoxMApyMwpzMTEKbWVkaWFfdHlwZXNyNApzMTIKYWNjZXB0c19mcm9tbnMxNApmYWxsYmFja19hZ2VudHI1CnMxNApjb250cmlidXRlc190b3I2CnM5Cmxhbmd1YWdlc2IxczIwCnBlcnNpc3Rfc3RvcmVkX2ZpbGVzaTAKczcKdmVyc2lvbmIxczE2CnByaW1hcnlfcHJvdmlkZXJiMXM1CnByZWZzczEwClBsZXggTW92aWVzNApuYW1lMQpzNQpNb3ZpZTEKczI5CmNvbS5wbGV4YXBwLmFnZW50cy5sb2NhbG1lZGlhMQpzMjkKY29tLnBsZXhhcHAuYWdlbnRzLnRoZW1vdmllZGIzMwpzMgplbnMyCnN2czIKZnJzMgplc3MyCm5sczIKZGVzMgppdHMyCmRhczIKYXJzMgpjYXMyCnpoczIKY3NzMgpldHMyCmZpczIKZWxzMgpoZXMyCmhpczIKaHVzMgppZHMyCmphczIKa29zMgpsdnMyCm5vczIKZmFzMgpwbHMyCnB0czIKcm9zMgpydXMyCnNrczIKdGhzMgp0cnMyCnVrczIKdmlyMAo_
2023-01-03 15:39:57,160 (401258fb38) :  INFO (agentservice:175) - Receiving agent info from com.plexapp.agents.imdb: [{'media_types': ['Movie'], 'primary_provider': True, 'fallback_agent': None, 'contributes_to': ['com.plexapp.agents.themoviedb'], 'languages': ['en', 'sv', 'fr', 'es', 'nl', 'de', 'it', 'da', 'ar', 'ca', 'zh', 'cs', 'et', 'fi', 'el', 'he', 'hi', 'hu', 'id', 'ja', 'ko', 'lv', 'no', 'fa', 'pl', 'pt', 'ro', 'ru', 'sk', 'th', 'tr', 'uk', 'vi'], 'persist_stored_files': True, 'version': 0, 'accepts_from': ['com.plexapp.agents.localmedia'], 'prefs': True, 'name': 'Plex Movie'}]
2023-01-03 15:39:57,169 (401258fb38) :  DEBUG (runtime:88) - Sending packed state data (99 bytes)
2023-01-03 15:39:57,172 (401258fb38) :  DEBUG (runtime:924) - Response: [200] str, 16 bytes
2023-01-03 15:40:02,218 (40125bab38) :  INFO (datakit:131) - Saved the dictionary file
2023-01-03 15:41:48,669 (4011f70b38) :  DEBUG (runtime:1156) - Starting timed thread named 'refresh_servers'
2023-01-03 15:41:48,692 (4011f70b38) :  DEBUG (peerservice:164) - Fetching the current list of servers
2023-01-03 15:41:48,710 (4011f70b38) :  DEBUG (networking:143) - Requesting 'http://127.0.0.1:32400/servers'
2023-01-03 15:41:48,741 (4011f70b38) :  DEBUG (peerservice:171) - Refreshing local server
2023-01-03 15:41:48,745 (4011f70b38) :  DEBUG (peerservice:189) - Updating servers (True/False True/True/True)
2023-01-03 15:41:48,748 (4011f70b38) :  DEBUG (peerservice:198) - Found 1 servers
2023-01-03 15:41:48,754 (4011f70b38) :  DEBUG (networking:143) - Requesting 'http://127.0.0.1:32400'
2023-01-03 15:41:48,773 (4011f70b38) :  DEBUG (core:521) - Attribute 'machineIdentifier' set to '9449cbc9ca788c4ad1934f7dda63226ffd1e1d27'
2023-01-03 15:41:48,776 (4011f70b38) :  DEBUG (peerservice:230) - Creating new server Onichan1 (9449cbc9ca788c4ad1934f7dda63226ffd1e1d27)
2023-01-03 15:41:48,782 (4011f70b38) :  DEBUG (networking:143) - Requesting 'http://127.0.0.1:32400/library/sections'
2023-01-03 15:41:48,803 (4011f70b38) :  DEBUG (networking:143) - Requesting 'http://127.0.0.1:32400/channels/all'
2023-01-03 15:41:48,818 (4012669b38) :  DEBUG (peerservice:176) - Background-refreshing remote servers
2023-01-03 15:41:48,818 (4011f70b38) :  DEBUG (runtime:1117) - Created a thread named 'background_refresh'
2023-01-03 15:41:48,821 (4012669b38) :  DEBUG (peerservice:189) - Updating servers (True/False True/True/True)
2023-01-03 15:41:48,826 (4012669b38) :  DEBUG (peerservice:198) - Found 1 servers
2023-01-03 15:41:48,828 (4012669b38) :  DEBUG (peerservice:233) - Updating existing server Onichan1 (9449cbc9ca788c4ad1934f7dda63226ffd1e1d27)
2023-01-03 15:41:48,834 (4012669b38) :  DEBUG (networking:143) - Requesting 'http://127.0.0.1:32400/library/sections'
2023-01-03 15:41:48,853 (4012669b38) :  DEBUG (networking:143) - Requesting 'http://127.0.0.1:32400/channels/all'
