2023-01-03 15:10:47,154 (40018ab808) :  INFO (core:349) - Starting framework core - Version: 2.6.3, Build: 629d580 (Thu Dec 08 08:44:59 UTC 2022)
2023-01-03 15:10:47,158 (40018ab808) :  DEBUG (core:361) - Using the elevated policy
2023-01-03 15:10:47,162 (40018ab808) :  DEBUG (core:365) - Extending whitelist: ['cgi', 'tempfile']
2023-01-03 15:10:47,165 (40018ab808) :  DEBUG (core:450) - Starting runtime component.
2023-01-03 15:10:47,184 (40018ab808) :  DEBUG (core:450) - Starting caching component.
2023-01-03 15:10:47,187 (40018ab808) :  DEBUG (core:450) - Starting data component.
2023-01-03 15:10:47,190 (40018ab808) :  DEBUG (core:450) - Starting networking component.
2023-01-03 15:10:47,199 (40018ab808) :  DEBUG (networking:261) - Loaded HTTP cookies
2023-01-03 15:10:47,211 (40018ab808) :  DEBUG (networking:428) - Setting the default network timeout to 20.0
2023-01-03 15:10:47,217 (40018ab808) :  DEBUG (core:450) - Starting localization component.
2023-01-03 15:10:47,220 (40018ab808) :  INFO (localization:409) - Setting the default locale to en-us
2023-01-03 15:10:47,224 (40018ab808) :  WARNING (data:179) - Error decoding with simplejson, using demjson instead (this will cause a performance hit) - Expecting property name enclosed in double quotes: line 26 column 1 (char 1078)
2023-01-03 15:10:47,241 (40018ab808) :  DEBUG (localization:427) - Loaded en strings
2023-01-03 15:10:47,244 (40018ab808) :  DEBUG (core:450) - Starting messaging component.
2023-01-03 15:10:47,247 (40018ab808) :  DEBUG (core:450) - Starting debugging component.
2023-01-03 15:10:47,250 (40018ab808) :  DEBUG (core:450) - Starting services component.
2023-01-03 15:10:47,253 (40018ab808) :  DEBUG (core:450) - Starting myplex component.
2023-01-03 15:10:47,255 (40018ab808) :  DEBUG (core:450) - Starting notifications component.
2023-01-03 15:10:48,064 (40018ab808) :  DEBUG (accessor:68) - Creating a new model access point for provider com.plexapp.system in namespace 'metadata'
2023-01-03 15:10:48,135 (400e4e0b38) :  DEBUG (services:265) - Plug-in is not daemonized - loading services from system
2023-01-03 15:10:48,136 (40018ab808) :  DEBUG (runtime:1117) - Created a thread named 'load_all_services'
2023-01-03 15:10:48,150 (400e4e0b38) :  DEBUG (networking:143) - Requesting 'http://127.0.0.1:32400/:/plugins/com.plexapp.system/messaging/function/X0J1bmRsZVNlcnZpY2U6QWxsU2VydmljZXM_/Y2VyZWFsMQoxCmxpc3QKMApyMAo_/Y2VyZWFsMQoxCmRpY3QKMApyMAo_'
2023-01-03 15:10:48,151 (40018ab808) :  DEBUG (runtime:1117) - Created a thread named 'get_server_info'
2023-01-03 15:10:48,160 (400e5b1b38) :  DEBUG (networking:143) - Requesting 'http://127.0.0.1:32400'
2023-01-03 15:10:48,163 (40018ab808) :  DEBUG (core:150) - Finished starting framework core
2023-01-03 15:10:48,170 (40018ab808) :  DEBUG (core:560) - Loading plug-in code
2023-01-03 15:10:48,176 (400e4e0b38) :  ERROR (networking:196) - Error opening URL 'http://127.0.0.1:32400/:/plugins/com.plexapp.system/messaging/function/X0J1bmRsZVNlcnZpY2U6QWxsU2VydmljZXM_/Y2VyZWFsMQoxCmxpc3QKMApyMAo_/Y2VyZWFsMQoxCmRpY3QKMApyMAo_'
2023-01-03 15:10:48,179 (400e5b1b38) :  ERROR (networking:196) - Error opening URL 'http://127.0.0.1:32400'
2023-01-03 15:10:48,192 (400e4e0b38) :  ERROR (services:272) - Unable to load services from system. Loading from the current bundle only.
2023-01-03 15:10:48,263 (400e5b1b38) :  WARNING (core:541) - Unable to retrieve the machine identifier or server version.
2023-01-03 15:10:48,283 (400e4e0b38) :  DEBUG (services:362) - Loaded services
2023-01-03 15:10:48,324 (400e58eb38) :  DEBUG (services:438) - No shared code to load
2023-01-03 15:10:48,340 (40018ab808) :  DEBUG (core:566) - Finished loading plug-in code
2023-01-03 15:10:48,344 (40018ab808) :  DEBUG (runtime:640) - Adding a prefix handler for 'System' ('/system')
2023-01-03 15:10:52,304 (40018ab808) :  INFO (__init__:35) - Starting System 629d580 (Thu Dec 08 08:44:59 UTC 2022)
2023-01-03 15:10:52,309 (40018ab808) :  DEBUG (runtime:640) - Adding a prefix handler for 'Player' ('/player')
2023-01-03 15:10:52,359 (40018ab808) :  INFO (datakit:93) - Loaded the dictionary file
2023-01-03 15:10:52,368 (40018ab808) :  DEBUG (agentservice:52) - Starting the agent service
2023-01-03 15:10:53,193 (40018ab808) :  DEBUG (accessor:68) - Creating a new model access point for provider com.plexapp.system in namespace 'metadata'
2023-01-03 15:10:53,239 (40018ab808) :  DEBUG (bundleservice:65) - Starting the bundle service
2023-01-03 15:10:53,244 (40018ab808) :  DEBUG (runtime:1117) - Created a thread named 'start'
2023-01-03 15:10:53,248 (40018ab808) :  DEBUG (playerservice:12) - Starting the player service
2023-01-03 15:10:53,254 (4011baab38) :  DEBUG (runtime:1117) - Created a thread named 'ensure_agent_info_exists_inner'
2023-01-03 15:10:53,256 (40018ab808) :  DEBUG (flagservice:13) - Starting the media flag service
2023-01-03 15:10:53,263 (40018ab808) :  DEBUG (runtime:1117) - Created a thread named 'start'
2023-01-03 15:10:53,267 (4011baab38) :  DEBUG (runtime:1117) - Created a thread named 'ensure_agent_info_exists_inner'
2023-01-03 15:10:53,267 (40018ab808) :  DEBUG (peerservice:141) - Starting the peer service
2023-01-03 15:10:53,284 (40018ab808) :  DEBUG (runtime:1117) - Created a thread named 'refresh_servers'
2023-01-03 15:10:53,285 (4011c59b38) :  DEBUG (peerservice:164) - Fetching the current list of servers
2023-01-03 15:10:53,285 (4011baab38) :  DEBUG (runtime:1117) - Created a thread named 'ensure_agent_info_exists_inner'
2023-01-03 15:10:53,290 (40018ab808) :  DEBUG (runtime:1150) - Scheduled a timed thread named 'refresh_servers'
2023-01-03 15:10:53,296 (4011c59b38) :  DEBUG (networking:143) - Requesting 'http://127.0.0.1:32400/servers'
2023-01-03 15:10:53,300 (40018ab808) :  DEBUG (streamservice:18) - Starting the stream service
2023-01-03 15:10:53,303 (4011baab38) :  DEBUG (runtime:1117) - Created a thread named 'ensure_agent_info_exists_inner'
2023-01-03 15:10:53,310 (40018ab808) :  CRITICAL (runtime:709) - Private handlers are no longer supported; couldn't register <bound method StreamService.token_handler of <streamservice.StreamService object at 0x4010cbd850>>
2023-01-03 15:10:53,313 (4011c59b38) :  ERROR (networking:196) - Error opening URL 'http://127.0.0.1:32400/servers'
2023-01-03 15:10:53,322 (4011baab38) :  DEBUG (runtime:1117) - Created a thread named 'ensure_agent_info_exists_inner'
2023-01-03 15:10:53,323 (40018ab808) :  DEBUG (runtime:1150) - Scheduled a timed thread named 'invalidation_timer'
2023-01-03 15:10:53,333 (40018ab808) :  DEBUG (proxyservice:12) - Starting the proxy service
2023-01-03 15:10:53,345 (4011baab38) :  DEBUG (runtime:1117) - Created a thread named 'ensure_agent_info_exists_inner'
2023-01-03 15:10:53,354 (4011c59b38) :  CRITICAL (runtime:1128) - Exception in thread named 'refresh_servers' (most recent call last):
  File "/usr/lib/plexmediaserver/Resources/Plug-ins-629d58034/Framework.bundle/Contents/Resources/Versions/2/Python/Framework/components/runtime.py", line 1126, in _start_thread
    f(*args, **kwargs)
  File "/usr/lib/plexmediaserver/Resources/Plug-ins-629d58034/System.bundle/Contents/Code/peerservice.py", line 169, in refresh_servers
    servers_el = self.get_servers_el()
  File "/usr/lib/plexmediaserver/Resources/Plug-ins-629d58034/System.bundle/Contents/Code/peerservice.py", line 165, in get_servers_el
    return XML.ElementFromURL('http://127.0.0.1:32400/servers', cacheTime = 0)
  File "/usr/lib/plexmediaserver/Resources/Plug-ins-629d58034/Framework.bundle/Contents/Resources/Versions/2/Python/Framework/api/parsekit.py", line 344, in ElementFromURL
    method=method,
  File "/usr/lib/plexmediaserver/Resources/Plug-ins-629d58034/Framework.bundle/Contents/Resources/Versions/2/Python/Framework/api/networkkit.py", line 67, in _http_request
    req = self._core.networking.http_request(url, *args, **kwargs)
  File "/usr/lib/plexmediaserver/Resources/Plug-ins-629d58034/Framework.bundle/Contents/Resources/Versions/2/Python/Framework/components/networking.py", line 346, in http_request
    return HTTPRequest(self._core, url, data, h, url_cache, encoding, errors, timeout, immediate, sleep, opener, follow_redirects, method)
  File "/usr/lib/plexmediaserver/Resources/Plug-ins-629d58034/Framework.bundle/Contents/Resources/Versions/2/Python/Framework/components/networking.py", line 118, in __init__
    self.load()
  File "/usr/lib/plexmediaserver/Resources/Plug-ins-629d58034/Framework.bundle/Contents/Resources/Versions/2/Python/Framework/components/networking.py", line 158, in load
    f = self._opener.open(req, timeout=self._timeout)
  File "/usr/lib/plexmediaserver/Resources/Python/python27.zip/urllib2.py", line 435, in open
    response = meth(req, response)
  File "/usr/lib/plexmediaserver/Resources/Python/python27.zip/urllib2.py", line 548, in http_response
    'http', request, response, code, msg, hdrs)
  File "/usr/lib/plexmediaserver/Resources/Python/python27.zip/urllib2.py", line 473, in error
    return self._call_chain(*args)
  File "/usr/lib/plexmediaserver/Resources/Python/python27.zip/urllib2.py", line 407, in _call_chain
    result = func(*args)
  File "/usr/lib/plexmediaserver/Resources/Python/python27.zip/urllib2.py", line 556, in http_error_default
    raise HTTPError(req.get_full_url(), code, msg, hdrs, fp)
HTTPError: HTTP Error 503: Service Unavailable

2023-01-03 15:10:53,369 (4011baab38) :  DEBUG (runtime:1117) - Created a thread named 'ensure_agent_info_exists_inner'
2023-01-03 15:10:53,370 (40018ab808) :  DEBUG (runtime:1117) - Created a thread named 'update_attribution_flags_inner'
2023-01-03 15:10:53,378 (4011baab38) :  DEBUG (runtime:1117) - Created a thread named 'ensure_agent_info_exists_inner'
2023-01-03 15:10:53,384 (40018ab808) :  INFO (core:611) - Started plug-in
2023-01-03 15:10:53,393 (40018ab808) :  DEBUG (socketinterface:160) - Starting socket server
2023-01-03 15:10:53,397 (4011baab38) :  DEBUG (runtime:1117) - Created a thread named 'ensure_agent_info_exists_inner'
2023-01-03 15:10:53,403 (40018ab808) :  DEBUG (runtime:1117) - Created a thread named 'start'
2023-01-03 15:10:53,409 (40018ab808) :  INFO (socketinterface:184) - Socket server started on port 38071
2023-01-03 15:10:53,413 (4011baab38) :  INFO (bundleservice:131) - Found duplicate identifier at /usr/lib/plexmediaserver/Resources/Plug-ins-629d58034/WebClient.bundle for bundled plugin (com.plexapp.plugins.webclient), ignoring duplicate plugin.
2023-01-03 15:10:53,414 (40018ab808) :  INFO (pipeinterface:25) - Entering run loop
2023-01-03 15:10:53,422 (40018ab808) :  DEBUG (runtime:717) - Handling request GET /:/prefixes
2023-01-03 15:10:53,423 (4011baab38) :  DEBUG (runtime:1117) - Created a thread named 'ensure_agent_info_exists_inner'
2023-01-03 15:10:53,436 (40018ab808) :  DEBUG (runtime:814) - Found route matching /:/prefixes
2023-01-03 15:10:53,444 (4011baab38) :  DEBUG (runtime:1117) - Created a thread named 'ensure_agent_info_exists_inner'
2023-01-03 15:10:53,461 (40018ab808) :  DEBUG (runtime:924) - Response: [200] MediaContainer, 486 bytes
2023-01-03 15:10:53,466 (4011baab38) :  DEBUG (runtime:1117) - Created a thread named 'ensure_agent_info_exists_inner'
2023-01-03 15:10:53,477 (4011baab38) :  DEBUG (runtime:1117) - Created a thread named 'ensure_agent_info_exists_inner'
2023-01-03 15:10:53,485 (4011baab38) :  INFO (bundleservice:131) - Found duplicate identifier at /usr/lib/plexmediaserver/Resources/Plug-ins-629d58034/TheTVDBv4.bundle for bundled plugin (com.plexapp.agents.thetvdb), ignoring duplicate plugin.
2023-01-03 15:10:53,487 (4011f20b38) :  DEBUG (runtime:717) - Handling request GET /system/agents
2023-01-03 15:10:53,493 (4011baab38) :  DEBUG (runtime:1117) - Created a thread named 'ensure_agent_info_exists_inner'
2023-01-03 15:10:53,547 (4011baab38) :  DEBUG (runtime:1117) - Created a thread named 'ensure_agent_info_exists_inner'
2023-01-03 15:10:53,566 (4011baab38) :  DEBUG (runtime:1117) - Created a thread named 'ensure_agent_info_exists_inner'
2023-01-03 15:10:53,581 (4011baab38) :  DEBUG (runtime:1117) - Created a thread named 'ensure_agent_info_exists_inner'
2023-01-03 15:10:53,596 (4011baab38) :  DEBUG (runtime:1117) - Created a thread named 'remove_unavailable_agents'
2023-01-03 15:10:53,599 (4011baab38) :  DEBUG (bundleservice:81) - Started the bundle service
2023-01-03 15:10:53,627 (4011fcfb38) :  DEBUG (runtime:1117) - Created a thread named 'ensure_agent_info_exists_inner'
2023-01-03 15:10:53,642 (4011e08b38) :  INFO (agentservice:129) - Agent info: {'com.plexapp.agents.fanarttv': [{'media_types': ['Movie'], 'primary_provider': False, 'fallback_agent': None, 'contributes_to': ['com.plexapp.agents.imdb', 'com.plexapp.agents.themoviedb'], 'has_attribution': True, 'languages': ['xn'], 'persist_stored_files': True, 'version': 0, 'accepts_from': None, 'prefs': True, 'name': 'Fanart.tv'}, {'media_types': ['TV_Show'], 'primary_provider': False, 'fallback_agent': None, 'contributes_to': ['com.plexapp.agents.thetvdb', 'com.plexapp.agents.themoviedb'], 'has_attribution': True, 'languages': ['xn'], 'persist_stored_files': True, 'version': 0, 'accepts_from': None, 'prefs': True, 'name': 'Fanart.tv'}, {'media_types': ['Artist'], 'primary_provider': False, 'fallback_agent': None, 'contributes_to': ['com.plexapp.agents.lastfm'], 'has_attribution': True, 'languages': ['xn'], 'persist_stored_files': True, 'version': 0, 'accepts_from': None, 'prefs': True, 'name': 'Fanart.tv'}, {'media_types': ['Album'], 'primary_provider': False, 'fallback_agent': None, 'contributes_to': ['com.plexapp.agents.lastfm'], 'has_attribution': True, 'languages': ['xn'], 'persist_stored_files': True, 'version': 0, 'accepts_from': None, 'prefs': True, 'name': 'Fanart.tv'}], 'com.plexapp.agents.none': [{'media_types': ['Movie'], 'primary_provider': True, 'fallback_agent': None, 'contributes_to': None, 'has_attribution': False, 'languages': ['xn'], 'persist_stored_files': True, 'version': 0, 'accepts_from': None, 'prefs': False, 'name': 'Personal Media'}, {'media_types': ['TV_Show'], 'primary_provider': True, 'fallback_agent': None, 'contributes_to': None, 'has_attribution': False, 'languages': ['xn'], 'persist_stored_files': True, 'version': 0, 'accepts_from': None, 'prefs': False, 'name': 'Personal Media Shows'}, {'media_types': ['Artist'], 'primary_provider': True, 'fallback_agent': None, 'contributes_to': None, 'has_attribution': False, 'languages': ['xn'], 'persist_stored_files': True, 'version': 0, 'accepts_from': None, 'prefs': False, 'name': 'Personal Media Artists'}, {'media_types': ['Album'], 'primary_provider': True, 'fallback_agent': None, 'contributes_to': None, 'has_attribution': False, 'languages': ['xn'], 'persist_stored_files': True, 'version': 0, 'accepts_from': None, 'prefs': False, 'name': 'Personal Media Albums'}, {'media_types': ['Photo'], 'primary_provider': True, 'fallback_agent': None, 'contributes_to': None, 'has_attribution': False, 'languages': ['en', 'ar', 'bg', 'ca', 'cs', 'cy', 'da', 'de', 'el', 'es', 'et', 'fa', 'fi', 'fr', 'he', 'hi', 'hr', 'ht', 'hu', 'id', 'it', 'ja', 'ko', 'lt', 'lv', 'ms', 'mt', 'nl', 'no', 'pl', 'pt', 'ro', 'ru', 'sk', 'sv', 'sl', 'sr', 'th', 'tr', 'uk', 'ur', 'vi', 'zh', 'xn'], 'persist_stored_files': True, 'version': 0, 'accepts_from': None, 'prefs': False, 'name': 'Photos'}], 'tv.plex.agents.music': [{'media_types': ['Artist'], 'primary_provider': True, 'fallback_agent': None, 'contributes_to': None, 'has_attribution': True, 'languages': ['en', 'ar', 'bg', 'zh', 'hr', 'cs', 'da', 'nl', 'fi', 'fr', 'de', 'el', 'hu', 'id', 'it', 'ja', 'ko', 'nn', 'pl', 'pt', 'ro', 'ru', 'sr', 'sk', 'es', 'sv', 'th', 'tr', 'vi', 'xx'], 'persist_stored_files': True, 'version': 0, 'accepts_from': None, 'prefs': True, 'name': 'Plex Music'}, {'media_types': ['Album'], 'primary_provider': True, 'fallback_agent': None, 'contributes_to': None, 'has_attribution': True, 'languages': ['en', 'ar', 'bg', 'zh', 'hr', 'cs', 'da', 'nl', 'fi', 'fr', 'de', 'el', 'hu', 'id', 'it', 'ja', 'ko', 'nn', 'pl', 'pt', 'ro', 'ru', 'sr', 'sk', 'es', 'sv', 'th', 'tr', 'vi', 'xx'], 'persist_stored_files': True, 'version': 0, 'accepts_from': None, 'prefs': True, 'name': 'Plex Music'}], 'com.plexapp.agents.opensubtitles': [{'media_types': ['Movie'], 'primary_provider': False, 'fallback_agent': None, 'contributes_to': ['com.plexapp.agents.imdb'], 'has_attribution': False, 'languages': ['xn'], 'persist_stored_files': True, 'version': 0, 'accepts_from': None, 'prefs': True, 'name': 'OpenSubtitles.org'}, {'media_types': ['TV_Show'], 'primary_provider': False, 'fallback_agent': None, 'contributes_to': ['com.plexapp.agents.thetvdb'], 'has_attribution': False, 'languages': ['xn'], 'persist_stored_files': True, 'version': 0, 'accepts_from': None, 'prefs': True, 'name': 'OpenSubtitles.org'}], 'com.plexapp.agents.imdb': [{'media_types': ['Movie'], 'accepts_from': ['com.plexapp.agents.localmedia'], 'fallback_agent': None, 'contributes_to': ['com.plexapp.agents.themoviedb'], 'has_attribution': True, 'languages': ['en', 'sv', 'fr', 'es', 'nl', 'de', 'it', 'da', 'ar', 'ca', 'zh', 'cs', 'et', 'fi', 'el', 'he', 'hi', 'hu', 'id', 'ja', 'ko', 'lv', 'no', 'fa', 'pl', 'pt', 'ro', 'ru', 'sk', 'th', 'tr', 'uk', 'vi'], 'persist_stored_files': True, 'version': 0, 'primary_provider': True, 'prefs': True, 'name': 'Plex Movie'}], 'com.plexapp.agents.lyricfind': [{'media_types': ['Album'], 'primary_provider': False, 'fallback_agent': None, 'contributes_to': ['com.plexapp.agents.lastfm', 'tv.plex.agents.music', 'org.musicbrainz.agents.music'], 'has_attribution': True, 'languages': ['xn'], 'persist_stored_files': True, 'version': 0, 'accepts_from': None, 'prefs': False, 'name': 'LyricFind'}], 'com.plexapp.agents.thetvdb': [{'media_types': ['TV_Show'], 'primary_provider': True, 'fallback_agent': None, 'contributes_to': None, 'has_attribution': True, 'languages': ['en', 'fr', 'zh', 'sv', 'no', 'da', 'fi', 'nl', 'de', 'it', 'es', 'pl', 'hu', 'el', 'tr', 'ru', 'he', 'ja', 'pt', 'cs', 'ko', 'sl', 'hr'], 'persist_stored_files': True, 'version': 0, 'accepts_from': None, 'prefs': True, 'name': 'TheTVDB'}], 'tv.plex.agents.movie': [{'media_types': ['Movie'], 'primary_provider': True, 'fallback_agent': None, 'contributes_to': None, 'has_attribution': True, 'languages': [], 'persist_stored_files': True, 'version': 0, 'accepts_from': None, 'prefs': True, 'name': 'Plex Movie'}], 'tv.plex.agents.series': [{'media_types': ['TV_Show'], 'primary_provider': True, 'fallback_agent': None, 'contributes_to': None, 'has_attribution': True, 'languages': [], 'persist_stored_files': True, 'version': 0, 'accepts_from': None, 'prefs': True, 'name': 'Plex TV Series'}], 'com.plexapp.agents.lastfm': [{'media_types': ['Artist'], 'primary_provider': True, 'fallback_agent': None, 'contributes_to': None, 'has_attribution': True, 'languages': ['en', 'sv', 'fr', 'es', 'de', 'pl', 'it', 'pt', 'ja', 'tr', 'ru', 'zh'], 'persist_stored_files': True, 'version': 0, 'accepts_from': None, 'prefs': True, 'name': 'Last.fm'}, {'media_types': ['Album'], 'primary_provider': True, 'fallback_agent': None, 'contributes_to': None, 'has_attribution': True, 'languages': ['en', 'sv', 'fr', 'es', 'de', 'pl', 'it', 'pt', 'ja', 'tr', 'ru', 'zh'], 'persist_stored_files': True, 'version': 0, 'accepts_from': None, 'prefs': True, 'name': 'Last.fm'}], 'org.musicbrainz.agents.music': [{'media_types': ['Artist'], 'primary_provider': True, 'fallback_agent': None, 'contributes_to': None, 'has_attribution': True, 'languages': ['en', 'ar', 'bg', 'zh', 'hr', 'cs', 'da', 'nl', 'fi', 'fr', 'de', 'el', 'hu', 'id', 'it', 'ja', 'ko', 'nn', 'pl', 'pt', 'ro', 'ru', 'sr', 'sk', 'es', 'sv', 'th', 'tr', 'vi', 'xx'], 'persist_stored_files': True, 'version': 0, 'accepts_from': None, 'prefs': True, 'name': 'Musicbrainz'}, {'media_types': ['Album'], 'primary_provider': True, 'fallback_agent': None, 'contributes_to': None, 'has_attribution': True, 'languages': ['en', 'ar', 'bg', 'zh', 'hr', 'cs', 'da', 'nl', 'fi', 'fr', 'de', 'el', 'hu', 'id', 'it', 'ja', 'ko', 'nn', 'pl', 'pt', 'ro', 'ru', 'sr', 'sk', 'es', 'sv', 'th', 'tr', 'vi', 'xx'], 'persist_stored_files': True, 'version': 0, 'accepts_from': None, 'prefs': True, 'name': 'Musicbrainz'}], 'com.plexapp.agents.themoviedb': [{'media_types': ['Movie'], 'primary_provider': True, 'fallback_agent': None, 'contributes_to': None, 'has_attribution': True, 'languages': ['en', 'cs', 'da', 'de', 'el', 'es', 'fi', 'fr', 'he', 'hr', 'hu', 'it', 'lv', 'lt', 'nl', 'no', 'pl', 'pt', 'ru', 'sk', 'sv', 'th', 'tr', 'vi', 'zh', 'ko'], 'persist_stored_files': True, 'version': 0, 'accepts_from': ['com.plexapp.agents.localmedia'], 'prefs': True, 'name': 'The Movie Database'}, {'media_types': ['TV_Show'], 'primary_provider': True, 'fallback_agent': None, 'contributes_to': ['com.plexapp.agents.thetvdb'], 'has_attribution': True, 'languages': ['en', 'cs', 'da', 'de', 'el', 'es', 'fi', 'fr', 'he', 'hr', 'hu', 'it', 'lv', 'lt', 'nl', 'no', 'pl', 'pt', 'ru', 'sk', 'sv', 'th', 'tr', 'vi', 'zh', 'ko'], 'persist_stored_files': True, 'version': 0, 'accepts_from': ['com.plexapp.agents.localmedia', 'com.plexapp.agents.thetvdb'], 'prefs': True, 'name': 'The Movie Database'}], 'com.plexapp.agents.localmedia': [{'media_types': ['Movie'], 'primary_provider': False, 'fallback_agent': None, 'contributes_to': ['com.plexapp.agents.imdb', 'com.plexapp.agents.none'], 'has_attribution': False, 'languages': ['xn'], 'persist_stored_files': False, 'version': 0, 'accepts_from': None, 'prefs': True, 'name': 'Local Media Assets (Movies)'}, {'media_types': ['TV_Show'], 'primary_provider': False, 'fallback_agent': None, 'contributes_to': ['com.plexapp.agents.thetvdb', 'com.plexapp.agents.none'], 'has_attribution': False, 'languages': ['xn'], 'persist_stored_files': False, 'version': 0, 'accepts_from': None, 'prefs': True, 'name': 'Local Media Assets (TV)'}, {'media_types': ['Artist'], 'primary_provider': False, 'fallback_agent': None, 'contributes_to': ['com.plexapp.agents.discogs', 'com.plexapp.agents.lastfm', 'com.plexapp.agents.plexmusic', 'com.plexapp.agents.none', 'tv.plex.agents.music', 'org.musicbrainz.agents.music'], 'has_attribution': False, 'languages': ['xn'], 'persist_stored_files': False, 'version': 0, 'accepts_from': None, 'prefs': True, 'name': 'Local Media Assets (Artists)'}, {'media_types': ['Artist'], 'primary_provider': False, 'fallback_agent': None, 'contributes_to': ['com.plexapp.agents.plexmusic'], 'has_attribution': False, 'languages': ['xn'], 'persist_stored_files': False, 'version': 2, 'accepts_from': None, 'prefs': True, 'name': 'Local Media Assets (Artists)'}, {'media_types': ['Album'], 'primary_provider': False, 'fallback_agent': None, 'contributes_to': ['com.plexapp.agents.discogs', 'com.plexapp.agents.lastfm', 'com.plexapp.agents.plexmusic', 'com.plexapp.agents.none', 'tv.plex.agents.music', 'org.musicbrainz.agents.music'], 'has_attribution': False, 'languages': ['xn'], 'persist_stored_files': False, 'version': 0, 'accepts_from': None, 'prefs': True, 'name': 'Local Media Assets (Albums)'}], 'com.plexapp.agents.movieposterdb': [{'media_types': ['Movie'], 'primary_provider': False, 'fallback_agent': None, 'contributes_to': ['com.plexapp.agents.imdb'], 'has_attribution': True, 'languages': ['xn'], 'persist_stored_files': True, 'version': 0, 'accepts_from': None, 'prefs': False, 'name': 'CineMaterial'}], 'com.plexapp.agents.htbackdrops': [{'media_types': ['Artist'], 'primary_provider': False, 'fallback_agent': None, 'contributes_to': ['com.plexapp.agents.lastfm'], 'has_attribution': True, 'languages': ['ab', 'aa', 'af', 'ak', 'sq', 'am', 'ar', 'an', 'hy', 'as', 'av', 'ae', 'ay', 'az', 'bm', 'ba', 'eu', 'be', 'bn', 'bh', 'bi', 'bs', 'pb', 'br', 'bg', 'my', 'ca', 'ch', 'ce', 'ny', 'zh', 'cu', 'cv', 'kw', 'co', 'cr', 'hr', 'cs', 'da', 'dv', 'nl', 'dz', 'en', 'eo', 'et', 'ee', 'fo', 'fj', 'fi', 'fr', 'fy', 'ff', 'gd', 'gl', 'lg', 'ka', 'de', 'el', 'gn', 'gu', 'ht', 'ha', 'he', 'hz', 'hi', 'ho', 'hu', 'is', 'io', 'ig', 'id', 'ia', 'ie', 'iu', 'ik', 'ga', 'it', 'ja', 'jv', 'kl', 'kn', 'kr', 'ks', 'kk', 'km', 'ki', 'rw', 'ky', 'kv', 'kg', 'ko', 'kj', 'ku', 'lo', 'la', 'lv', 'li', 'ln', 'lt', 'lu', 'lb', 'mk', 'mg', 'ms', 'ml', 'mt', 'gv', 'mi', 'mr', 'mh', 'mo', 'mn', 'na', 'nv', 'ng', 'ne', 'xn', 'nd', 'no', 'nb', 'nn', 'oc', 'oj', 'or', 'om', 'os', 'pi', 'pa', 'fa', 'pl', 'pt', 'ps', 'qu', 'rm', 'ro', 'rn', 'ru', 'se', 'sm', 'sg', 'sa', 'sc', 'sr', 'sn', 'ii', 'sd', 'si', 'sk', 'sl', 'so', 'st', 'nr', 'es', 'su', 'sw', 'ss', 'sv', 'tl', 'ty', 'tg', 'ta', 'tt', 'te', 'th', 'bo', 'ti', 'to', 'ts', 'tn', 'tr', 'tk', 'tw', 'ug', 'uk', 'ur', 'uz', 've', 'vi', 'vo', 'wa', 'cy', 'wo', 'xh', 'yi', 'yo', 'za', 'zu'], 'persist_stored_files': True, 'version': 0, 'accepts_from': None, 'prefs': False, 'name': 'Home Theater Backdrops'}], 'com.plexapp.agents.plexthememusic': [{'media_types': ['TV_Show'], 'primary_provider': False, 'fallback_agent': None, 'contributes_to': ['com.plexapp.agents.thetvdb', 'com.plexapp.agents.thetvdbdvdorder', 'com.plexapp.agents.themoviedb'], 'has_attribution': False, 'languages': ['xn'], 'persist_stored_files': True, 'version': 0, 'accepts_from': None, 'prefs': False, 'name': 'Plex Theme Music'}]}
2023-01-03 15:10:53,740 (4011e08b38) :  INFO (datakit:131) - Saved the dictionary file
2023-01-03 15:10:53,744 (4011f20b38) :  DEBUG (runtime:814) - Found route matching /system/agents
2023-01-03 15:10:53,758 (4011bf0b38) :  DEBUG (flagservice:46) - Started the media flag service
2023-01-03 15:10:53,790 (4011f20b38) :  DEBUG (runtime:1117) - Created a thread named 'ensure_agent_info_exists_inner'
2023-01-03 15:10:53,902 (4011f20b38) :  DEBUG (runtime:924) - Response: [200] MediaContainer, 11288 bytes
2023-01-03 15:10:58,424 (401214db38) :  DEBUG (runtime:717) - Handling request GET /system/messaging/clear_events/com.plexapp.agents.imdb
2023-01-03 15:10:58,566 (401214db38) :  DEBUG (runtime:814) - Found route matching /system/messaging/clear_events/com.plexapp.agents.imdb
2023-01-03 15:10:58,575 (401214db38) :  DEBUG (runtime:88) - Sending packed state data (99 bytes)
2023-01-03 15:10:58,578 (401214db38) :  DEBUG (runtime:924) - Response: [200] str, 0 bytes
2023-01-03 15:10:58,604 (40121eeb38) :  DEBUG (runtime:717) - Handling request GET /system/notify/serverUpdated?host=127.0.0.1
2023-01-03 15:10:58,613 (40121eeb38) :  DEBUG (runtime:814) - Found route matching /system/notify/serverUpdated
2023-01-03 15:10:58,617 (40121eeb38) :  DEBUG (peerservice:386) - Handling server update notification (127.0.0.1)
2023-01-03 15:10:58,620 (40121eeb38) :  DEBUG (peerservice:189) - Updating servers (True/False True/True/True)
2023-01-03 15:10:58,624 (40121eeb38) :  DEBUG (peerservice:164) - Fetching the current list of servers
2023-01-03 15:10:58,631 (40121eeb38) :  DEBUG (networking:143) - Requesting 'http://127.0.0.1:32400/servers'
2023-01-03 15:10:58,669 (40121eeb38) :  DEBUG (peerservice:198) - Found 1 servers
2023-01-03 15:10:58,681 (40121eeb38) :  DEBUG (peerservice:214) - Ignoring 9449cbc9ca788c4ad1934f7dda63226ffd1e1d27 because host != 127.0.0.1 (192.168.0.7)
2023-01-03 15:10:58,693 (40121eeb38) :  DEBUG (runtime:924) - Response: [200] str, 0 bytes
2023-01-03 15:10:58,728 (4012070b38) :  INFO (datakit:131) - Saved the dictionary file
2023-01-03 15:10:59,331 (4012243b38) :  DEBUG (runtime:717) - Handling request GET /:/plugins/com.plexapp.system/resourceHashes
2023-01-03 15:10:59,414 (4012243b38) :  DEBUG (runtime:814) - Found route matching /:/plugins/com.plexapp.system/resourceHashes
2023-01-03 15:10:59,422 (4012243b38) :  DEBUG (networking:143) - Requesting 'http://resources-cdn.plexapp.com/hashes.json'
2023-01-03 15:10:59,518 (4012243b38) :  ERROR (networking:196) - Error opening URL 'http://resources-cdn.plexapp.com/hashes.json'
2023-01-03 15:10:59,524 (4012243b38) :  CRITICAL (runtime:1299) - Exception getting hosted resource hashes (most recent call last):
  File "/usr/lib/plexmediaserver/Resources/Plug-ins-629d58034/Framework.bundle/Contents/Resources/Versions/2/Python/Framework/components/runtime.py", line 1291, in get_resource_hashes
    json = self._core.networking.http_request("http://resources-cdn.plexapp.com/hashes.json", timeout=5).content
  File "/usr/lib/plexmediaserver/Resources/Plug-ins-629d58034/Framework.bundle/Contents/Resources/Versions/2/Python/Framework/components/networking.py", line 242, in content
    return self.__str__()
  File "/usr/lib/plexmediaserver/Resources/Plug-ins-629d58034/Framework.bundle/Contents/Resources/Versions/2/Python/Framework/components/networking.py", line 220, in __str__
    self.load()
  File "/usr/lib/plexmediaserver/Resources/Plug-ins-629d58034/Framework.bundle/Contents/Resources/Versions/2/Python/Framework/components/networking.py", line 158, in load
    f = self._opener.open(req, timeout=self._timeout)
  File "/usr/lib/plexmediaserver/Resources/Python/python27.zip/urllib2.py", line 435, in open
    response = meth(req, response)
  File "/usr/lib/plexmediaserver/Resources/Python/python27.zip/urllib2.py", line 548, in http_response
    'http', request, response, code, msg, hdrs)
  File "/usr/lib/plexmediaserver/Resources/Python/python27.zip/urllib2.py", line 473, in error
    return self._call_chain(*args)
  File "/usr/lib/plexmediaserver/Resources/Python/python27.zip/urllib2.py", line 407, in _call_chain
    result = func(*args)
  File "/usr/lib/plexmediaserver/Resources/Python/python27.zip/urllib2.py", line 556, in http_error_default
    raise HTTPError(req.get_full_url(), code, msg, hdrs, fp)
HTTPError: HTTP Error 404: Not Found

2023-01-03 15:10:59,534 (4012243b38) :  DEBUG (runtime:88) - Sending packed state data (99 bytes)
2023-01-03 15:10:59,537 (4012243b38) :  DEBUG (runtime:924) - Response: [404] NoneType, 0 bytes
2023-01-03 15:10:59,640 (40122aeb38) :  DEBUG (runtime:717) - Handling request GET /:/plugins/com.plexapp.system/messaging/function/X0J1bmRsZVNlcnZpY2U6QWxsU2VydmljZXM_/Y2VyZWFsMQoxCmxpc3QKMApyMAo_/Y2VyZWFsMQoxCmRpY3QKMApyMAo_
2023-01-03 15:10:59,648 (40122aeb38) :  DEBUG (runtime:49) - Received packed state data (80 bytes)
2023-01-03 15:10:59,657 (40122aeb38) :  DEBUG (runtime:814) - Found route matching /:/plugins/com.plexapp.system/messaging/function/X0J1bmRsZVNlcnZpY2U6QWxsU2VydmljZXM_/Y2VyZWFsMQoxCmxpc3QKMApyMAo_/Y2VyZWFsMQoxCmRpY3QKMApyMAo_
2023-01-03 15:10:59,666 (40122aeb38) :  DEBUG (runtime:88) - Sending packed state data (99 bytes)
2023-01-03 15:10:59,670 (40122aeb38) :  DEBUG (runtime:924) - Response: [200] str, 516 bytes
2023-01-03 15:11:03,658 (40122d9b38) :  DEBUG (runtime:717) - Handling request GET /:/plugins/com.plexapp.system/messaging/function/X0FnZW50U2VydmljZTpVcGRhdGVJbmZv/Y2VyZWFsMQoxCmxpc3QKMApyMAo_/Y2VyZWFsMQo3CmRpY3QKbGlzdApkaWN0Cmxpc3QKbGlzdApsaXN0Cmxpc3QKMgpzMjMKY29tLnBsZXhhcHAuYWdlbnRzLmltZGJzMTAKaWRlbnRpZmllcnIxCnMxMAphZ2VudF9pbmZvMQpyMgoxMApyMwpzMTEKbWVkaWFfdHlwZXNyNApzMTIKYWNjZXB0c19mcm9tbnMxNApmYWxsYmFja19hZ2VudHI1CnMxNApjb250cmlidXRlc190b3I2CnM5Cmxhbmd1YWdlc2IxczIwCnBlcnNpc3Rfc3RvcmVkX2ZpbGVzaTAKczcKdmVyc2lvbmIxczE2CnByaW1hcnlfcHJvdmlkZXJiMXM1CnByZWZzczEwClBsZXggTW92aWVzNApuYW1lMQpzNQpNb3ZpZTEKczI5CmNvbS5wbGV4YXBwLmFnZW50cy5sb2NhbG1lZGlhMQpzMjkKY29tLnBsZXhhcHAuYWdlbnRzLnRoZW1vdmllZGIzMwpzMgplbnMyCnN2czIKZnJzMgplc3MyCm5sczIKZGVzMgppdHMyCmRhczIKYXJzMgpjYXMyCnpoczIKY3NzMgpldHMyCmZpczIKZWxzMgpoZXMyCmhpczIKaHVzMgppZHMyCmphczIKa29zMgpsdnMyCm5vczIKZmFzMgpwbHMyCnB0czIKcm9zMgpydXMyCnNrczIKdGhzMgp0cnMyCnVrczIKdmlyMAo_
2023-01-03 15:11:03,665 (40122d9b38) :  DEBUG (runtime:49) - Received packed state data (80 bytes)
2023-01-03 15:11:03,672 (40122d9b38) :  DEBUG (runtime:814) - Found route matching /:/plugins/com.plexapp.system/messaging/function/X0FnZW50U2VydmljZTpVcGRhdGVJbmZv/Y2VyZWFsMQoxCmxpc3QKMApyMAo_/Y2VyZWFsMQo3CmRpY3QKbGlzdApkaWN0Cmxpc3QKbGlzdApsaXN0Cmxpc3QKMgpzMjMKY29tLnBsZXhhcHAuYWdlbnRzLmltZGJzMTAKaWRlbnRpZmllcnIxCnMxMAphZ2VudF9pbmZvMQpyMgoxMApyMwpzMTEKbWVkaWFfdHlwZXNyNApzMTIKYWNjZXB0c19mcm9tbnMxNApmYWxsYmFja19hZ2VudHI1CnMxNApjb250cmlidXRlc190b3I2CnM5Cmxhbmd1YWdlc2IxczIwCnBlcnNpc3Rfc3RvcmVkX2ZpbGVzaTAKczcKdmVyc2lvbmIxczE2CnByaW1hcnlfcHJvdmlkZXJiMXM1CnByZWZzczEwClBsZXggTW92aWVzNApuYW1lMQpzNQpNb3ZpZTEKczI5CmNvbS5wbGV4YXBwLmFnZW50cy5sb2NhbG1lZGlhMQpzMjkKY29tLnBsZXhhcHAuYWdlbnRzLnRoZW1vdmllZGIzMwpzMgplbnMyCnN2czIKZnJzMgplc3MyCm5sczIKZGVzMgppdHMyCmRhczIKYXJzMgpjYXMyCnpoczIKY3NzMgpldHMyCmZpczIKZWxzMgpoZXMyCmhpczIKaHVzMgppZHMyCmphczIKa29zMgpsdnMyCm5vczIKZmFzMgpwbHMyCnB0czIKcm9zMgpydXMyCnNrczIKdGhzMgp0cnMyCnVrczIKdmlyMAo_
2023-01-03 15:11:03,677 (40122d9b38) :  INFO (agentservice:175) - Receiving agent info from com.plexapp.agents.imdb: [{'media_types': ['Movie'], 'primary_provider': True, 'fallback_agent': None, 'contributes_to': ['com.plexapp.agents.themoviedb'], 'languages': ['en', 'sv', 'fr', 'es', 'nl', 'de', 'it', 'da', 'ar', 'ca', 'zh', 'cs', 'et', 'fi', 'el', 'he', 'hi', 'hu', 'id', 'ja', 'ko', 'lv', 'no', 'fa', 'pl', 'pt', 'ro', 'ru', 'sk', 'th', 'tr', 'uk', 'vi'], 'persist_stored_files': True, 'version': 0, 'accepts_from': ['com.plexapp.agents.localmedia'], 'prefs': True, 'name': 'Plex Movie'}]
2023-01-03 15:11:03,691 (40122d9b38) :  DEBUG (runtime:88) - Sending packed state data (99 bytes)
2023-01-03 15:11:03,696 (40122d9b38) :  DEBUG (runtime:924) - Response: [200] str, 16 bytes
2023-01-03 15:11:08,770 (4012304b38) :  INFO (datakit:131) - Saved the dictionary file
2023-01-03 15:12:53,299 (4011c7cb38) :  DEBUG (runtime:1156) - Starting timed thread named 'refresh_servers'
2023-01-03 15:12:53,336 (4011c7cb38) :  DEBUG (peerservice:164) - Fetching the current list of servers
2023-01-03 15:12:53,352 (4011c7cb38) :  DEBUG (networking:143) - Requesting 'http://127.0.0.1:32400/servers'
2023-01-03 15:12:53,390 (4011c7cb38) :  DEBUG (peerservice:171) - Refreshing local server
2023-01-03 15:12:53,394 (4011c7cb38) :  DEBUG (peerservice:189) - Updating servers (True/False True/True/True)
2023-01-03 15:12:53,401 (4011c7cb38) :  DEBUG (peerservice:198) - Found 1 servers
2023-01-03 15:12:53,409 (4011c7cb38) :  DEBUG (networking:143) - Requesting 'http://127.0.0.1:32400'
2023-01-03 15:12:53,438 (4011c7cb38) :  DEBUG (core:521) - Attribute 'machineIdentifier' set to '9449cbc9ca788c4ad1934f7dda63226ffd1e1d27'
2023-01-03 15:12:53,442 (4011c7cb38) :  DEBUG (peerservice:230) - Creating new server Onichan1 (9449cbc9ca788c4ad1934f7dda63226ffd1e1d27)
2023-01-03 15:12:53,451 (4011c7cb38) :  DEBUG (networking:143) - Requesting 'http://127.0.0.1:32400/library/sections'
2023-01-03 15:12:53,486 (4011c7cb38) :  DEBUG (networking:143) - Requesting 'http://127.0.0.1:32400/channels/all'
2023-01-03 15:12:53,505 (40123b3b38) :  DEBUG (peerservice:176) - Background-refreshing remote servers
2023-01-03 15:12:53,506 (4011c7cb38) :  DEBUG (runtime:1117) - Created a thread named 'background_refresh'
2023-01-03 15:12:53,509 (40123b3b38) :  DEBUG (peerservice:189) - Updating servers (True/False True/True/True)
2023-01-03 15:12:53,516 (40123b3b38) :  DEBUG (peerservice:198) - Found 1 servers
2023-01-03 15:12:53,520 (40123b3b38) :  DEBUG (peerservice:233) - Updating existing server Onichan1 (9449cbc9ca788c4ad1934f7dda63226ffd1e1d27)
2023-01-03 15:12:53,527 (40123b3b38) :  DEBUG (networking:143) - Requesting 'http://127.0.0.1:32400/library/sections'
2023-01-03 15:12:53,549 (40123b3b38) :  DEBUG (networking:143) - Requesting 'http://127.0.0.1:32400/channels/all'
